[2016-08-08 09:35:44][INFO][Chrome Thread1][TestDriver.java][65] - ******************************************************************************
[2016-08-08 09:35:44][INFO][Chrome Thread1][TestDriver.java][66] - Create a Driver, Browser:chrome
[2016-08-08 09:36:08][INFO][Chrome Thread1][KeyWords.java][95] - open url - http://10.13.28.102:8080/
[2016-08-08 09:36:09][INFO][Chrome Thread1][KeyWords.java][123] - [By.xpath: //input[@id='userNo']],元素可见!
[2016-08-08 09:36:09][INFO][Chrome Thread1][KeyWords.java][200] - Set the value of [By.xpath: //input[@id='userNo']] to [wb005]
[2016-08-08 09:36:09][INFO][Chrome Thread1][KeyWords.java][123] - [By.xpath: //input[@id='pwd']],元素可见!
[2016-08-08 09:36:09][INFO][Chrome Thread1][KeyWords.java][200] - Set the value of [By.xpath: //input[@id='pwd']] to [upg2015]
[2016-08-08 09:36:09][INFO][Chrome Thread1][KeyWords.java][123] - [By.xpath: //input[@id='mi']],元素可见!
[2016-08-08 09:36:09][INFO][Chrome Thread1][KeyWords.java][185] - Click on [By.xpath: //input[@id='login_btn']]
[2016-08-08 09:36:11][INFO][Chrome Thread1][KeyWords.java][123] - [By.xpath: //a[@id='user_name_link']],元素可见!
[2016-08-08 09:36:11][INFO][Chrome Thread1][KeyWords.java][141] - [By.xpath: //a[@id='user_name_link']],元素存在!
[2016-08-08 09:36:11][INFO][Chrome Thread1][KeyWords.java][185] - Click on [By.xpath: //div[contains(text(),'财务管理')]]
[2016-08-08 09:36:13][INFO][Chrome Thread1][KeyWords.java][185] - Click on [By.xpath: //ul[@id='menu189']/li[1]/div/span[3]]
[2016-08-08 09:36:23][ERROR][Chrome Thread1][KeyWords.java][126] - [By.xpath: //div[@id='customerMainTable']/div[1]/div[3]/ul/li/a],元素不可见!
[2016-08-08 09:36:24][ERROR][Chrome Thread1][KeyWords.java][144] - [By.xpath: //div[@id='customerMainTable']/div[1]/div[3]/ul/li/a],元素不存在!
[2016-08-08 09:36:24][ERROR][Chrome Thread1][TestCase1_zyj.java][51] - 访问【财务管理-项目放款】页面失败!
[2016-08-08 09:36:24][INFO][Chrome Thread1][TestDriver.java][84] - Driver with chrome is closed.
[2016-08-08 09:36:27][INFO][Chrome Thread1][TestDriver.java][95] - Open the ReportNG report.
[2016-08-08 09:43:48][INFO][Chrome Thread1][TestDriver.java][65] - ******************************************************************************
[2016-08-08 09:43:48][INFO][Chrome Thread1][TestDriver.java][66] - Create a Driver, Browser:chrome
[2016-08-08 09:43:55][INFO][Chrome Thread1][KeyWords.java][95] - open url - http://10.13.28.102:8080/
[2016-08-08 09:43:56][INFO][Chrome Thread1][KeyWords.java][123] - [By.xpath: //input[@id='userNo']],元素可见!
[2016-08-08 09:43:56][INFO][Chrome Thread1][KeyWords.java][200] - Set the value of [By.xpath: //input[@id='userNo']] to [wb005]
[2016-08-08 09:43:56][INFO][Chrome Thread1][KeyWords.java][123] - [By.xpath: //input[@id='pwd']],元素可见!
[2016-08-08 09:43:56][INFO][Chrome Thread1][KeyWords.java][200] - Set the value of [By.xpath: //input[@id='pwd']] to [upg2015]
[2016-08-08 09:43:56][INFO][Chrome Thread1][KeyWords.java][123] - [By.xpath: //input[@id='mi']],元素可见!
[2016-08-08 09:43:56][INFO][Chrome Thread1][KeyWords.java][185] - Click on [By.xpath: //input[@id='login_btn']]
[2016-08-08 09:43:58][INFO][Chrome Thread1][KeyWords.java][123] - [By.xpath: //a[@id='user_name_link']],元素可见!
[2016-08-08 09:43:58][INFO][Chrome Thread1][KeyWords.java][141] - [By.xpath: //a[@id='user_name_link']],元素存在!
[2016-08-08 09:43:58][INFO][Chrome Thread1][KeyWords.java][185] - Click on [By.xpath: //div[contains(text(),'财务管理')]]
[2016-08-08 09:43:59][INFO][Chrome Thread1][KeyWords.java][185] - Click on [By.xpath: //ul[@id='menu189']/li[1]/div/span[3]]
[2016-08-08 09:44:09][ERROR][Chrome Thread1][KeyWords.java][126] - [By.xpath: //form[@id='queryFormForPayWait']/table/tbody/tr/td[7]/a],元素不可见!
[2016-08-08 09:44:10][ERROR][Chrome Thread1][KeyWords.java][144] - [By.xpath: //form[@id='queryFormForPayWait']/table/tbody/tr/td[7]/a],元素不存在!
[2016-08-08 09:44:10][ERROR][Chrome Thread1][TestCase1_zyj.java][51] - 访问【财务管理-项目放款】页面失败!
[2016-08-08 09:44:10][INFO][Chrome Thread1][TestDriver.java][84] - Driver with chrome is closed.
[2016-08-08 09:44:12][INFO][Chrome Thread1][TestDriver.java][95] - Open the ReportNG report.
[2016-08-08 09:56:21][INFO][Chrome Thread1][TestDriver.java][65] - ******************************************************************************
[2016-08-08 09:56:21][INFO][Chrome Thread1][TestDriver.java][66] - Create a Driver, Browser:chrome
[2016-08-08 09:56:31][INFO][Chrome Thread1][KeyWords.java][95] - open url - http://10.13.28.102:8080/
[2016-08-08 09:56:32][INFO][Chrome Thread1][KeyWords.java][123] - [By.xpath: //input[@id='userNo']],元素可见!
[2016-08-08 09:56:32][INFO][Chrome Thread1][KeyWords.java][200] - Set the value of [By.xpath: //input[@id='userNo']] to [wb005]
[2016-08-08 09:56:32][INFO][Chrome Thread1][KeyWords.java][123] - [By.xpath: //input[@id='pwd']],元素可见!
[2016-08-08 09:56:32][INFO][Chrome Thread1][KeyWords.java][200] - Set the value of [By.xpath: //input[@id='pwd']] to [upg2015]
[2016-08-08 09:56:32][INFO][Chrome Thread1][KeyWords.java][123] - [By.xpath: //input[@id='mi']],元素可见!
[2016-08-08 09:56:32][INFO][Chrome Thread1][KeyWords.java][185] - Click on [By.xpath: //input[@id='login_btn']]
[2016-08-08 09:56:34][INFO][Chrome Thread1][KeyWords.java][123] - [By.xpath: //a[@id='user_name_link']],元素可见!
[2016-08-08 09:56:34][INFO][Chrome Thread1][KeyWords.java][141] - [By.xpath: //a[@id='user_name_link']],元素存在!
[2016-08-08 09:56:34][INFO][Chrome Thread1][KeyWords.java][185] - Click on [By.xpath: //div[contains(text(),'财务管理')]]
[2016-08-08 09:56:35][INFO][Chrome Thread1][KeyWords.java][185] - Click on [By.xpath: //ul[@id='menu189']/li[1]/div/span[3]]
[2016-08-08 09:56:43][INFO][Chrome Thread1][KeyWords.java][123] - [By.id: work_frame],元素可见!
[2016-08-08 09:56:43][INFO][Chrome Thread1][KeyWords.java][141] - [By.id: work_frame],元素存在!
[2016-08-08 09:56:43][ERROR][Chrome Thread1][TestCase1_zyj.java][61] - 
java.lang.NullPointerException
	at com.autotest.testcases.TestCase1_zyj.Test(TestCase1_zyj.java:55)
	at sun.reflect.NativeMethodAccessorImpl.invoke0(Native Method)
	at sun.reflect.NativeMethodAccessorImpl.invoke(Unknown Source)
	at sun.reflect.DelegatingMethodAccessorImpl.invoke(Unknown Source)
	at java.lang.reflect.Method.invoke(Unknown Source)
	at org.testng.internal.MethodInvocationHelper.invokeMethod(MethodInvocationHelper.java:80)
	at org.testng.internal.Invoker.invokeMethod(Invoker.java:702)
	at org.testng.internal.Invoker.invokeTestMethod(Invoker.java:894)
	at org.testng.internal.Invoker.invokeTestMethods(Invoker.java:1219)
	at org.testng.internal.TestMethodWorker.invokeTestMethods(TestMethodWorker.java:127)
	at org.testng.internal.TestMethodWorker.run(TestMethodWorker.java:111)
	at org.testng.TestRunner.privateRun(TestRunner.java:768)
	at org.testng.TestRunner.run(TestRunner.java:617)
	at org.testng.SuiteRunner.runTest(SuiteRunner.java:334)
	at org.testng.SuiteRunner.access$000(SuiteRunner.java:37)
	at org.testng.SuiteRunner$SuiteWorker.run(SuiteRunner.java:368)
	at org.testng.internal.thread.ThreadUtil$2.call(ThreadUtil.java:64)
	at java.util.concurrent.FutureTask.run(Unknown Source)
	at java.util.concurrent.ThreadPoolExecutor.runWorker(Unknown Source)
	at java.util.concurrent.ThreadPoolExecutor$Worker.run(Unknown Source)
	at java.lang.Thread.run(Unknown Source)
[2016-08-08 09:56:43][INFO][Chrome Thread1][TestDriver.java][84] - Driver with chrome is closed.
[2016-08-08 09:56:45][INFO][Chrome Thread1][TestDriver.java][95] - Open the ReportNG report.
[2016-08-08 10:01:32][INFO][Chrome Thread1][TestDriver.java][65] - ******************************************************************************
[2016-08-08 10:01:32][INFO][Chrome Thread1][TestDriver.java][66] - Create a Driver, Browser:chrome
[2016-08-08 10:01:57][INFO][Chrome Thread1][KeyWords.java][95] - open url - http://10.13.28.102:8080/
[2016-08-08 10:01:58][INFO][Chrome Thread1][KeyWords.java][123] - [By.xpath: //input[@id='userNo']],元素可见!
[2016-08-08 10:01:59][INFO][Chrome Thread1][KeyWords.java][200] - Set the value of [By.xpath: //input[@id='userNo']] to [wb005]
[2016-08-08 10:01:59][INFO][Chrome Thread1][KeyWords.java][123] - [By.xpath: //input[@id='pwd']],元素可见!
[2016-08-08 10:01:59][INFO][Chrome Thread1][KeyWords.java][200] - Set the value of [By.xpath: //input[@id='pwd']] to [upg2015]
[2016-08-08 10:01:59][INFO][Chrome Thread1][KeyWords.java][123] - [By.xpath: //input[@id='mi']],元素可见!
[2016-08-08 10:02:00][INFO][Chrome Thread1][KeyWords.java][185] - Click on [By.xpath: //input[@id='login_btn']]
[2016-08-08 10:02:14][INFO][Chrome Thread1][TestDriver.java][65] - ******************************************************************************
[2016-08-08 10:02:14][INFO][Chrome Thread1][TestDriver.java][66] - Create a Driver, Browser:chrome
[2016-08-08 10:02:36][INFO][Chrome Thread1][KeyWords.java][95] - open url - http://10.13.28.102:8080/
[2016-08-08 10:02:37][INFO][Chrome Thread1][KeyWords.java][123] - [By.xpath: //input[@id='userNo']],元素可见!
[2016-08-08 10:02:37][INFO][Chrome Thread1][KeyWords.java][200] - Set the value of [By.xpath: //input[@id='userNo']] to [wb005]
[2016-08-08 10:02:37][INFO][Chrome Thread1][KeyWords.java][123] - [By.xpath: //input[@id='pwd']],元素可见!
[2016-08-08 10:02:37][INFO][Chrome Thread1][KeyWords.java][200] - Set the value of [By.xpath: //input[@id='pwd']] to [upg2015]
[2016-08-08 10:02:37][INFO][Chrome Thread1][KeyWords.java][123] - [By.xpath: //input[@id='mi']],元素可见!
[2016-08-08 10:02:37][INFO][Chrome Thread1][KeyWords.java][185] - Click on [By.xpath: //input[@id='login_btn']]
[2016-08-08 10:02:41][INFO][Chrome Thread1][KeyWords.java][123] - [By.xpath: //a[@id='user_name_link']],元素可见!
[2016-08-08 10:02:41][INFO][Chrome Thread1][KeyWords.java][141] - [By.xpath: //a[@id='user_name_link']],元素存在!
[2016-08-08 10:02:41][INFO][Chrome Thread1][KeyWords.java][185] - Click on [By.xpath: //div[contains(text(),'财务管理')]]
[2016-08-08 10:02:42][INFO][Chrome Thread1][KeyWords.java][185] - Click on [By.xpath: //ul[@id='menu189']/li[1]/div/span[3]]
[2016-08-08 10:02:45][INFO][Chrome Thread1][KeyWords.java][123] - [By.id: work_frame],元素可见!
[2016-08-08 10:02:45][INFO][Chrome Thread1][KeyWords.java][141] - [By.id: work_frame],元素存在!
[2016-08-08 10:02:45][ERROR][Chrome Thread1][TestCase1_zyj.java][61] - 
java.lang.NullPointerException
	at com.autotest.testcases.TestCase1_zyj.Test(TestCase1_zyj.java:55)
	at sun.reflect.NativeMethodAccessorImpl.invoke0(Native Method)
	at sun.reflect.NativeMethodAccessorImpl.invoke(Unknown Source)
	at sun.reflect.DelegatingMethodAccessorImpl.invoke(Unknown Source)
	at java.lang.reflect.Method.invoke(Unknown Source)
	at org.testng.internal.MethodInvocationHelper.invokeMethod(MethodInvocationHelper.java:80)
	at org.testng.internal.Invoker.invokeMethod(Invoker.java:702)
	at org.testng.internal.Invoker.invokeTestMethod(Invoker.java:894)
	at org.testng.internal.Invoker.invokeTestMethods(Invoker.java:1219)
	at org.testng.internal.TestMethodWorker.invokeTestMethods(TestMethodWorker.java:127)
	at org.testng.internal.TestMethodWorker.run(TestMethodWorker.java:111)
	at org.testng.TestRunner.privateRun(TestRunner.java:768)
	at org.testng.TestRunner.run(TestRunner.java:617)
	at org.testng.SuiteRunner.runTest(SuiteRunner.java:334)
	at org.testng.SuiteRunner.access$000(SuiteRunner.java:37)
	at org.testng.SuiteRunner$SuiteWorker.run(SuiteRunner.java:368)
	at org.testng.internal.thread.ThreadUtil$2.call(ThreadUtil.java:64)
	at java.util.concurrent.FutureTask.run(Unknown Source)
	at java.util.concurrent.ThreadPoolExecutor.runWorker(Unknown Source)
	at java.util.concurrent.ThreadPoolExecutor$Worker.run(Unknown Source)
	at java.lang.Thread.run(Unknown Source)
[2016-08-08 10:02:45][INFO][Chrome Thread1][TestDriver.java][84] - Driver with chrome is closed.
[2016-08-08 10:02:47][INFO][Chrome Thread1][TestDriver.java][95] - Open the ReportNG report.
[2016-08-08 10:05:02][INFO][Chrome Thread1][TestDriver.java][65] - ******************************************************************************
[2016-08-08 10:05:02][INFO][Chrome Thread1][TestDriver.java][66] - Create a Driver, Browser:chrome
[2016-08-08 10:05:10][INFO][Chrome Thread1][KeyWords.java][95] - open url - http://10.13.28.102:8080/
[2016-08-08 10:05:11][INFO][Chrome Thread1][KeyWords.java][123] - [By.xpath: //input[@id='userNo']],元素可见!
[2016-08-08 10:05:12][INFO][Chrome Thread1][KeyWords.java][200] - Set the value of [By.xpath: //input[@id='userNo']] to [wb005]
[2016-08-08 10:05:13][INFO][Chrome Thread1][KeyWords.java][123] - [By.xpath: //input[@id='pwd']],元素可见!
[2016-08-08 10:05:14][INFO][Chrome Thread1][KeyWords.java][200] - Set the value of [By.xpath: //input[@id='pwd']] to [upg2015]
[2016-08-08 10:05:14][INFO][Chrome Thread1][KeyWords.java][123] - [By.xpath: //input[@id='mi']],元素可见!
[2016-08-08 10:05:14][INFO][Chrome Thread1][KeyWords.java][185] - Click on [By.xpath: //input[@id='login_btn']]
[2016-08-08 10:05:15][INFO][Chrome Thread1][KeyWords.java][123] - [By.xpath: //a[@id='user_name_link']],元素可见!
[2016-08-08 10:05:15][INFO][Chrome Thread1][KeyWords.java][141] - [By.xpath: //a[@id='user_name_link']],元素存在!
[2016-08-08 10:05:16][INFO][Chrome Thread1][KeyWords.java][185] - Click on [By.xpath: //div[contains(text(),'财务管理')]]
[2016-08-08 10:05:17][INFO][Chrome Thread1][KeyWords.java][185] - Click on [By.xpath: //ul[@id='menu189']/li[1]/div/span[3]]
[2016-08-08 10:05:18][INFO][Chrome Thread1][KeyWords.java][123] - [By.id: work_frame],元素可见!
[2016-08-08 10:05:18][INFO][Chrome Thread1][KeyWords.java][141] - [By.id: work_frame],元素存在!
[2016-08-08 10:05:18][ERROR][Chrome Thread1][TestCase1_zyj.java][61] - 
java.lang.NullPointerException
	at com.autotest.testcases.TestCase1_zyj.Test(TestCase1_zyj.java:55)
	at sun.reflect.NativeMethodAccessorImpl.invoke0(Native Method)
	at sun.reflect.NativeMethodAccessorImpl.invoke(Unknown Source)
	at sun.reflect.DelegatingMethodAccessorImpl.invoke(Unknown Source)
	at java.lang.reflect.Method.invoke(Unknown Source)
	at org.testng.internal.MethodInvocationHelper.invokeMethod(MethodInvocationHelper.java:80)
	at org.testng.internal.Invoker.invokeMethod(Invoker.java:702)
	at org.testng.internal.Invoker.invokeTestMethod(Invoker.java:894)
	at org.testng.internal.Invoker.invokeTestMethods(Invoker.java:1219)
	at org.testng.internal.TestMethodWorker.invokeTestMethods(TestMethodWorker.java:127)
	at org.testng.internal.TestMethodWorker.run(TestMethodWorker.java:111)
	at org.testng.TestRunner.privateRun(TestRunner.java:768)
	at org.testng.TestRunner.run(TestRunner.java:617)
	at org.testng.SuiteRunner.runTest(SuiteRunner.java:334)
	at org.testng.SuiteRunner.access$000(SuiteRunner.java:37)
	at org.testng.SuiteRunner$SuiteWorker.run(SuiteRunner.java:368)
	at org.testng.internal.thread.ThreadUtil$2.call(ThreadUtil.java:64)
	at java.util.concurrent.FutureTask.run(Unknown Source)
	at java.util.concurrent.ThreadPoolExecutor.runWorker(Unknown Source)
	at java.util.concurrent.ThreadPoolExecutor$Worker.run(Unknown Source)
	at java.lang.Thread.run(Unknown Source)
[2016-08-08 10:05:18][INFO][Chrome Thread1][TestDriver.java][84] - Driver with chrome is closed.
[2016-08-08 10:05:19][INFO][Chrome Thread1][TestDriver.java][95] - Open the ReportNG report.
[2016-08-08 10:09:18][INFO][Chrome Thread1][TestDriver.java][65] - ******************************************************************************
[2016-08-08 10:09:18][INFO][Chrome Thread1][TestDriver.java][66] - Create a Driver, Browser:chrome
[2016-08-08 10:09:24][INFO][Chrome Thread1][KeyWords.java][95] - open url - http://10.13.28.102:8080/
[2016-08-08 10:09:25][INFO][Chrome Thread1][KeyWords.java][123] - [By.xpath: //input[@id='userNo']],元素可见!
[2016-08-08 10:09:26][INFO][Chrome Thread1][KeyWords.java][200] - Set the value of [By.xpath: //input[@id='userNo']] to [wb005]
[2016-08-08 10:09:27][INFO][Chrome Thread1][KeyWords.java][123] - [By.xpath: //input[@id='pwd']],元素可见!
[2016-08-08 10:09:28][INFO][Chrome Thread1][KeyWords.java][200] - Set the value of [By.xpath: //input[@id='pwd']] to [upg2015]
[2016-08-08 10:09:28][INFO][Chrome Thread1][KeyWords.java][123] - [By.xpath: //input[@id='mi']],元素可见!
[2016-08-08 10:09:28][INFO][Chrome Thread1][KeyWords.java][185] - Click on [By.xpath: //input[@id='login_btn']]
[2016-08-08 10:09:30][INFO][Chrome Thread1][KeyWords.java][123] - [By.xpath: //a[@id='user_name_link']],元素可见!
[2016-08-08 10:09:30][INFO][Chrome Thread1][KeyWords.java][141] - [By.xpath: //a[@id='user_name_link']],元素存在!
[2016-08-08 10:09:30][INFO][Chrome Thread1][KeyWords.java][185] - Click on [By.xpath: //div[contains(text(),'财务管理')]]
[2016-08-08 10:09:31][INFO][Chrome Thread1][KeyWords.java][185] - Click on [By.xpath: //ul[@id='menu189']/li[1]/div/span[3]]
[2016-08-08 10:09:32][INFO][Chrome Thread1][KeyWords.java][123] - [By.id: work_frame],元素可见!
[2016-08-08 10:09:32][INFO][Chrome Thread1][KeyWords.java][141] - [By.id: work_frame],元素存在!
[2016-08-08 10:09:32][ERROR][Chrome Thread1][TestCase1_zyj.java][63] - 
java.lang.NullPointerException
	at com.autotest.testcases.TestCase1_zyj.Test(TestCase1_zyj.java:57)
	at sun.reflect.NativeMethodAccessorImpl.invoke0(Native Method)
	at sun.reflect.NativeMethodAccessorImpl.invoke(Unknown Source)
	at sun.reflect.DelegatingMethodAccessorImpl.invoke(Unknown Source)
	at java.lang.reflect.Method.invoke(Unknown Source)
	at org.testng.internal.MethodInvocationHelper.invokeMethod(MethodInvocationHelper.java:80)
	at org.testng.internal.Invoker.invokeMethod(Invoker.java:702)
	at org.testng.internal.Invoker.invokeTestMethod(Invoker.java:894)
	at org.testng.internal.Invoker.invokeTestMethods(Invoker.java:1219)
	at org.testng.internal.TestMethodWorker.invokeTestMethods(TestMethodWorker.java:127)
	at org.testng.internal.TestMethodWorker.run(TestMethodWorker.java:111)
	at org.testng.TestRunner.privateRun(TestRunner.java:768)
	at org.testng.TestRunner.run(TestRunner.java:617)
	at org.testng.SuiteRunner.runTest(SuiteRunner.java:334)
	at org.testng.SuiteRunner.access$000(SuiteRunner.java:37)
	at org.testng.SuiteRunner$SuiteWorker.run(SuiteRunner.java:368)
	at org.testng.internal.thread.ThreadUtil$2.call(ThreadUtil.java:64)
	at java.util.concurrent.FutureTask.run(Unknown Source)
	at java.util.concurrent.ThreadPoolExecutor.runWorker(Unknown Source)
	at java.util.concurrent.ThreadPoolExecutor$Worker.run(Unknown Source)
	at java.lang.Thread.run(Unknown Source)
[2016-08-08 10:09:32][INFO][Chrome Thread1][TestDriver.java][84] - Driver with chrome is closed.
[2016-08-08 10:09:34][INFO][Chrome Thread1][TestDriver.java][95] - Open the ReportNG report.
[2016-08-08 10:22:01][INFO][Chrome Thread1][TestDriver.java][65] - ******************************************************************************
[2016-08-08 10:22:01][INFO][Chrome Thread1][TestDriver.java][66] - Create a Driver, Browser:chrome
[2016-08-08 10:22:08][INFO][Chrome Thread1][KeyWords.java][95] - open url - http://10.13.28.102:8080/
[2016-08-08 10:22:09][INFO][Chrome Thread1][KeyWords.java][123] - [By.xpath: //input[@id='userNo']],元素可见!
[2016-08-08 10:22:09][INFO][Chrome Thread1][KeyWords.java][200] - Set the value of [By.xpath: //input[@id='userNo']] to [wb005]
[2016-08-08 10:22:09][INFO][Chrome Thread1][KeyWords.java][123] - [By.xpath: //input[@id='pwd']],元素可见!
[2016-08-08 10:22:10][INFO][Chrome Thread1][KeyWords.java][200] - Set the value of [By.xpath: //input[@id='pwd']] to [upg2015]
[2016-08-08 10:22:10][INFO][Chrome Thread1][KeyWords.java][123] - [By.xpath: //input[@id='mi']],元素可见!
[2016-08-08 10:22:10][INFO][Chrome Thread1][KeyWords.java][185] - Click on [By.xpath: //input[@id='login_btn']]
[2016-08-08 10:22:12][INFO][Chrome Thread1][KeyWords.java][123] - [By.xpath: //a[@id='user_name_link']],元素可见!
[2016-08-08 10:22:12][INFO][Chrome Thread1][KeyWords.java][141] - [By.xpath: //a[@id='user_name_link']],元素存在!
[2016-08-08 10:22:12][ERROR][Chrome Thread1][TestCase1_zyj.java][58] - 
java.lang.NullPointerException
	at com.autotest.testcases.TestCase1_zyj.Test(TestCase1_zyj.java:48)
	at sun.reflect.NativeMethodAccessorImpl.invoke0(Native Method)
	at sun.reflect.NativeMethodAccessorImpl.invoke(Unknown Source)
	at sun.reflect.DelegatingMethodAccessorImpl.invoke(Unknown Source)
	at java.lang.reflect.Method.invoke(Unknown Source)
	at org.testng.internal.MethodInvocationHelper.invokeMethod(MethodInvocationHelper.java:80)
	at org.testng.internal.Invoker.invokeMethod(Invoker.java:702)
	at org.testng.internal.Invoker.invokeTestMethod(Invoker.java:894)
	at org.testng.internal.Invoker.invokeTestMethods(Invoker.java:1219)
	at org.testng.internal.TestMethodWorker.invokeTestMethods(TestMethodWorker.java:127)
	at org.testng.internal.TestMethodWorker.run(TestMethodWorker.java:111)
	at org.testng.TestRunner.privateRun(TestRunner.java:768)
	at org.testng.TestRunner.run(TestRunner.java:617)
	at org.testng.SuiteRunner.runTest(SuiteRunner.java:334)
	at org.testng.SuiteRunner.access$000(SuiteRunner.java:37)
	at org.testng.SuiteRunner$SuiteWorker.run(SuiteRunner.java:368)
	at org.testng.internal.thread.ThreadUtil$2.call(ThreadUtil.java:64)
	at java.util.concurrent.FutureTask.run(Unknown Source)
	at java.util.concurrent.ThreadPoolExecutor.runWorker(Unknown Source)
	at java.util.concurrent.ThreadPoolExecutor$Worker.run(Unknown Source)
	at java.lang.Thread.run(Unknown Source)
[2016-08-08 10:22:12][INFO][Chrome Thread1][TestDriver.java][84] - Driver with chrome is closed.
[2016-08-08 10:22:14][INFO][Chrome Thread1][TestDriver.java][95] - Open the ReportNG report.
[2016-08-08 10:32:22][INFO][Chrome Thread1][TestDriver.java][65] - ******************************************************************************
[2016-08-08 10:32:22][INFO][Chrome Thread1][TestDriver.java][66] - Create a Driver, Browser:chrome
[2016-08-08 10:32:29][INFO][Chrome Thread1][KeyWords.java][95] - open url - http://10.13.28.102:8080/
[2016-08-08 10:32:30][INFO][Chrome Thread1][KeyWords.java][123] - [By.xpath: //input[@id='userNo']],元素可见!
[2016-08-08 10:32:31][INFO][Chrome Thread1][KeyWords.java][200] - Set the value of [By.xpath: //input[@id='userNo']] to [wb005]
[2016-08-08 10:32:32][INFO][Chrome Thread1][KeyWords.java][123] - [By.xpath: //input[@id='pwd']],元素可见!
[2016-08-08 10:32:32][INFO][Chrome Thread1][KeyWords.java][200] - Set the value of [By.xpath: //input[@id='pwd']] to [upg2015]
[2016-08-08 10:32:32][INFO][Chrome Thread1][KeyWords.java][123] - [By.xpath: //input[@id='mi']],元素可见!
[2016-08-08 10:32:32][INFO][Chrome Thread1][KeyWords.java][185] - Click on [By.xpath: //input[@id='login_btn']]
[2016-08-08 10:32:34][INFO][Chrome Thread1][KeyWords.java][123] - [By.xpath: //a[@id='user_name_link']],元素可见!
[2016-08-08 10:32:34][INFO][Chrome Thread1][KeyWords.java][141] - [By.xpath: //a[@id='user_name_link']],元素存在!
[2016-08-08 10:32:35][INFO][Chrome Thread1][KeyWords.java][185] - Click on [By.xpath: //div[contains(text(),'财务管理')]]
[2016-08-08 10:32:36][INFO][Chrome Thread1][KeyWords.java][185] - Click on [By.xpath: //ul[@id='menu189']/li[1]/div/span[3]]
[2016-08-08 10:32:46][ERROR][Chrome Thread1][KeyWords.java][126] - [By.id: prjPay_prjName],元素不可见!
[2016-08-08 10:32:47][ERROR][Chrome Thread1][TestCase1_zyj.java][56] - 
org.openqa.selenium.NoSuchElementException: no such element
  (Session info: chrome=48.0.2564.116)
  (Driver info: chromedriver=2.13.307647 (5a7d0541ebc58e69994a6fb2ed930f45261f3c29),platform=Windows NT 6.1 SP1 x86_64) (WARNING: The server did not provide any stacktrace information)
Command duration or timeout: 10 milliseconds
For documentation on this error, please visit: http://seleniumhq.org/exceptions/no_such_element.html
Build info: version: '2.53.0', revision: '35ae25b', time: '2016-03-15 17:00:58'
System info: host: 'WB0005-1', ip: '10.16.0.44', os.name: 'Windows 7', os.arch: 'x86', os.version: '6.1', java.version: '1.7.0_51'
*** Element info: {Using=id, value=prjPay_prjName}
Session ID: b38b5688373ff2062f82306ba464f133
Driver info: org.openqa.selenium.chrome.ChromeDriver
Capabilities [{platform=XP, acceptSslCerts=true, javascriptEnabled=true, browserName=chrome, chrome={userDataDir=C:\Users\wb0005\AppData\Local\Temp\scoped_dir1687088_9811}, rotatable=false, locationContextEnabled=true, mobileEmulationEnabled=false, version=48.0.2564.116, takesHeapSnapshot=true, cssSelectorsEnabled=true, databaseEnabled=false, handlesAlerts=true, browserConnectionEnabled=false, webStorageEnabled=true, nativeEvents=true, applicationCacheEnabled=false, takesScreenshot=true}]
Command duration or timeout: 572 milliseconds
For documentation on this error, please visit: http://seleniumhq.org/exceptions/no_such_element.html
Build info: version: '2.53.0', revision: '35ae25b', time: '2016-03-15 17:00:58'
System info: host: 'WB0005-1', ip: '10.16.0.44', os.name: 'Windows 7', os.arch: 'x86', os.version: '6.1', java.version: '1.7.0_51'
*** Element info: {Using=id, value=prjPay_prjName}
Session ID: d75b1c50-3d17-4b5c-8635-ae3f69e4bd86
Driver info: org.openqa.selenium.remote.RemoteWebDriver
Capabilities [{platform=XP, acceptSslCerts=true, javascriptEnabled=true, browserName=chrome, chrome={userDataDir=C:\Users\wb0005\AppData\Local\Temp\scoped_dir1687088_9811}, rotatable=false, locationContextEnabled=true, mobileEmulationEnabled=false, webdriver.remote.sessionid=d75b1c50-3d17-4b5c-8635-ae3f69e4bd86, version=48.0.2564.116, takesHeapSnapshot=true, cssSelectorsEnabled=true, databaseEnabled=false, handlesAlerts=true, browserConnectionEnabled=false, webStorageEnabled=true, nativeEvents=true, applicationCacheEnabled=false, takesScreenshot=true}]
	at sun.reflect.NativeConstructorAccessorImpl.newInstance0(Native Method)
	at sun.reflect.NativeConstructorAccessorImpl.newInstance(Unknown Source)
	at sun.reflect.DelegatingConstructorAccessorImpl.newInstance(Unknown Source)
	at java.lang.reflect.Constructor.newInstance(Unknown Source)
	at org.openqa.selenium.remote.ErrorHandler.createThrowable(ErrorHandler.java:206)
	at org.openqa.selenium.remote.ErrorHandler.throwIfResponseFailed(ErrorHandler.java:158)
	at org.openqa.selenium.remote.RemoteWebDriver.execute(RemoteWebDriver.java:678)
	at org.openqa.selenium.remote.RemoteWebDriver.findElement(RemoteWebDriver.java:363)
	at org.openqa.selenium.remote.RemoteWebDriver.findElementById(RemoteWebDriver.java:413)
	at org.openqa.selenium.By$ById.findElement(By.java:218)
	at org.openqa.selenium.remote.RemoteWebDriver.findElement(RemoteWebDriver.java:355)
	at com.autotest.driver.KeyWords.setValue(KeyWords.java:197)
	at com.autotest.testcases.TestCase1_zyj.Test(TestCase1_zyj.java:50)
	at sun.reflect.NativeMethodAccessorImpl.invoke0(Native Method)
	at sun.reflect.NativeMethodAccessorImpl.invoke(Unknown Source)
	at sun.reflect.DelegatingMethodAccessorImpl.invoke(Unknown Source)
	at java.lang.reflect.Method.invoke(Unknown Source)
	at org.testng.internal.MethodInvocationHelper.invokeMethod(MethodInvocationHelper.java:80)
	at org.testng.internal.Invoker.invokeMethod(Invoker.java:702)
	at org.testng.internal.Invoker.invokeTestMethod(Invoker.java:894)
	at org.testng.internal.Invoker.invokeTestMethods(Invoker.java:1219)
	at org.testng.internal.TestMethodWorker.invokeTestMethods(TestMethodWorker.java:127)
	at org.testng.internal.TestMethodWorker.run(TestMethodWorker.java:111)
	at org.testng.TestRunner.privateRun(TestRunner.java:768)
	at org.testng.TestRunner.run(TestRunner.java:617)
	at org.testng.SuiteRunner.runTest(SuiteRunner.java:334)
	at org.testng.SuiteRunner.access$000(SuiteRunner.java:37)
	at org.testng.SuiteRunner$SuiteWorker.run(SuiteRunner.java:368)
	at org.testng.internal.thread.ThreadUtil$2.call(ThreadUtil.java:64)
	at java.util.concurrent.FutureTask.run(Unknown Source)
	at java.util.concurrent.ThreadPoolExecutor.runWorker(Unknown Source)
	at java.util.concurrent.ThreadPoolExecutor$Worker.run(Unknown Source)
	at java.lang.Thread.run(Unknown Source)
Caused by: org.openqa.selenium.remote.ScreenshotException: Screen shot has been taken
Build info: version: '2.53.0', revision: '35ae25b', time: '2016-03-15 17:00:58'
System info: host: 'WB0005-1', ip: '10.16.0.44', os.name: 'Windows 7', os.arch: 'x86', os.version: '6.1', java.version: '1.7.0_51'
Driver info: driver.version: RemoteWebDriver
	at org.openqa.selenium.remote.ErrorHandler.throwIfResponseFailed(ErrorHandler.java:138)
	... 27 more
Caused by: org.openqa.selenium.NoSuchElementException: no such element
  (Session info: chrome=48.0.2564.116)
  (Driver info: chromedriver=2.13.307647 (5a7d0541ebc58e69994a6fb2ed930f45261f3c29),platform=Windows NT 6.1 SP1 x86_64) (WARNING: The server did not provide any stacktrace information)
Command duration or timeout: 10 milliseconds
For documentation on this error, please visit: http://seleniumhq.org/exceptions/no_such_element.html
Build info: version: '2.53.0', revision: '35ae25b', time: '2016-03-15 17:00:58'
System info: host: 'WB0005-1', ip: '10.16.0.44', os.name: 'Windows 7', os.arch: 'x86', os.version: '6.1', java.version: '1.7.0_51'
*** Element info: {Using=id, value=prjPay_prjName}
Session ID: b38b5688373ff2062f82306ba464f133
Driver info: org.openqa.selenium.chrome.ChromeDriver
Capabilities [{platform=XP, acceptSslCerts=true, javascriptEnabled=true, browserName=chrome, chrome={userDataDir=C:\Users\wb0005\AppData\Local\Temp\scoped_dir1687088_9811}, rotatable=false, locationContextEnabled=true, mobileEmulationEnabled=false, version=48.0.2564.116, takesHeapSnapshot=true, cssSelectorsEnabled=true, databaseEnabled=false, handlesAlerts=true, browserConnectionEnabled=false, webStorageEnabled=true, nativeEvents=true, applicationCacheEnabled=false, takesScreenshot=true}]
For documentation on this error, please visit: http://seleniumhq.org/exceptions/no_such_element.html
Build info: version: '2.53.0', revision: '35ae25b', time: '2016-03-15 17:00:58'
System info: host: 'WB0005-1', ip: '10.16.0.44', os.name: 'Windows 7', os.arch: 'x86', os.version: '6.1', java.version: '1.7.0_51'
Driver info: driver.version: EventFiringWebDriver
	at sun.reflect.NativeConstructorAccessorImpl.newInstance0(Native Method)
	at sun.reflect.NativeConstructorAccessorImpl.newInstance(Unknown Source)
	at sun.reflect.DelegatingConstructorAccessorImpl.newInstance(Unknown Source)
	at java.lang.reflect.Constructor.newInstance(Unknown Source)
	at org.openqa.selenium.remote.ErrorHandler.createThrowable(ErrorHandler.java:206)
	at org.openqa.selenium.remote.ErrorHandler.throwIfResponseFailed(ErrorHandler.java:158)
	at org.openqa.selenium.remote.RemoteWebDriver.execute(RemoteWebDriver.java:678)
	at org.openqa.selenium.remote.RemoteWebDriver.findElement(RemoteWebDriver.java:363)
	at org.openqa.selenium.remote.RemoteWebDriver.findElementById(RemoteWebDriver.java:413)
	at org.openqa.selenium.By$ById.findElement(By.java:218)
	at org.openqa.selenium.remote.RemoteWebDriver.findElement(RemoteWebDriver.java:355)
	at sun.reflect.GeneratedMethodAccessor15.invoke(Unknown Source)
	at sun.reflect.DelegatingMethodAccessorImpl.invoke(Unknown Source)
	at java.lang.reflect.Method.invoke(Unknown Source)
	at org.openqa.selenium.support.events.EventFiringWebDriver$2.invoke(EventFiringWebDriver.java:103)
	at com.sun.proxy.$Proxy1.findElement(Unknown Source)
	at org.openqa.selenium.support.events.EventFiringWebDriver.findElement(EventFiringWebDriver.java:188)
	at org.openqa.selenium.remote.server.handler.FindElement.call(FindElement.java:48)
	at org.openqa.selenium.remote.server.handler.FindElement.call(FindElement.java:1)
	at java.util.concurrent.FutureTask.run(Unknown Source)
	at org.openqa.selenium.remote.server.DefaultSession$1.run(DefaultSession.java:176)
	... 3 more
[2016-08-08 10:32:47][INFO][Chrome Thread1][TestDriver.java][84] - Driver with chrome is closed.
[2016-08-08 10:32:49][INFO][Chrome Thread1][TestDriver.java][95] - Open the ReportNG report.
[2016-08-08 10:44:57][INFO][Chrome Thread1][TestDriver.java][65] - ******************************************************************************
[2016-08-08 10:44:57][INFO][Chrome Thread1][TestDriver.java][66] - Create a Driver, Browser:chrome
[2016-08-08 10:45:06][INFO][Chrome Thread1][KeyWords.java][95] - open url - http://10.13.28.102:8080/
[2016-08-08 10:45:06][INFO][Chrome Thread1][KeyWords.java][123] - [By.xpath: //input[@id='userNo']],元素可见!
[2016-08-08 10:45:06][INFO][Chrome Thread1][KeyWords.java][200] - Set the value of [By.xpath: //input[@id='userNo']] to [wb005]
[2016-08-08 10:45:06][INFO][Chrome Thread1][KeyWords.java][123] - [By.xpath: //input[@id='pwd']],元素可见!
[2016-08-08 10:45:06][INFO][Chrome Thread1][KeyWords.java][200] - Set the value of [By.xpath: //input[@id='pwd']] to [upg2015]
[2016-08-08 10:45:06][INFO][Chrome Thread1][KeyWords.java][123] - [By.xpath: //input[@id='mi']],元素可见!
[2016-08-08 10:45:06][INFO][Chrome Thread1][KeyWords.java][185] - Click on [By.xpath: //input[@id='login_btn']]
[2016-08-08 10:45:08][INFO][Chrome Thread1][KeyWords.java][123] - [By.xpath: //a[@id='user_name_link']],元素可见!
[2016-08-08 10:45:08][INFO][Chrome Thread1][KeyWords.java][141] - [By.xpath: //a[@id='user_name_link']],元素存在!
[2016-08-08 10:45:08][INFO][Chrome Thread1][KeyWords.java][185] - Click on [By.xpath: //div[contains(text(),'财务管理')]]
[2016-08-08 10:45:09][INFO][Chrome Thread1][KeyWords.java][185] - Click on [By.xpath: //ul[@id='menu189']/li[1]/div/span[3]]
[2016-08-08 10:45:12][INFO][Chrome Thread1][KeyWords.java][123] - [By.id: prjPay_prjName],元素可见!
[2016-08-08 10:45:12][INFO][Chrome Thread1][KeyWords.java][200] - Set the value of [By.id: prjPay_prjName] to [ZYJ20160804001]
[2016-08-08 10:45:12][INFO][Chrome Thread1][KeyWords.java][185] - Click on [By.cssSelector: span.l-btn-text.icon-search]
[2016-08-08 10:45:12][INFO][Chrome Thread1][TestDriver.java][84] - Driver with chrome is closed.
[2016-08-08 10:45:14][INFO][Chrome Thread1][TestDriver.java][95] - Open the ReportNG report.
[2016-08-08 10:48:34][INFO][Chrome Thread1][TestDriver.java][65] - ******************************************************************************
[2016-08-08 10:48:34][INFO][Chrome Thread1][TestDriver.java][66] - Create a Driver, Browser:chrome
[2016-08-08 10:48:42][INFO][Chrome Thread1][KeyWords.java][95] - open url - http://10.13.28.102:8080/
[2016-08-08 10:48:42][INFO][Chrome Thread1][KeyWords.java][123] - [By.xpath: //input[@id='userNo']],元素可见!
[2016-08-08 10:48:42][INFO][Chrome Thread1][KeyWords.java][200] - Set the value of [By.xpath: //input[@id='userNo']] to [wb005]
[2016-08-08 10:48:42][INFO][Chrome Thread1][KeyWords.java][123] - [By.xpath: //input[@id='pwd']],元素可见!
[2016-08-08 10:48:42][INFO][Chrome Thread1][KeyWords.java][200] - Set the value of [By.xpath: //input[@id='pwd']] to [upg2015]
[2016-08-08 10:48:42][INFO][Chrome Thread1][KeyWords.java][123] - [By.xpath: //input[@id='mi']],元素可见!
[2016-08-08 10:48:42][INFO][Chrome Thread1][KeyWords.java][185] - Click on [By.xpath: //input[@id='login_btn']]
[2016-08-08 10:48:44][INFO][Chrome Thread1][KeyWords.java][123] - [By.xpath: //a[@id='user_name_link']],元素可见!
[2016-08-08 10:48:44][INFO][Chrome Thread1][KeyWords.java][141] - [By.xpath: //a[@id='user_name_link']],元素存在!
[2016-08-08 10:48:45][INFO][Chrome Thread1][KeyWords.java][185] - Click on [By.xpath: //div[contains(text(),'财务管理')]]
[2016-08-08 10:48:46][INFO][Chrome Thread1][KeyWords.java][185] - Click on [By.xpath: //ul[@id='menu189']/li[1]/div/span[3]]
[2016-08-08 10:48:47][INFO][Chrome Thread1][KeyWords.java][123] - [By.id: prjPay_prjName],元素可见!
[2016-08-08 10:48:47][INFO][Chrome Thread1][KeyWords.java][200] - Set the value of [By.id: prjPay_prjName] to [ZYJ20160804001]
[2016-08-08 10:48:48][INFO][Chrome Thread1][KeyWords.java][185] - Click on [By.xpath: //form[@id='queryFormForPayWait']/table/tbody/tr/td[7]/a]
[2016-08-08 10:48:48][INFO][Chrome Thread1][TestDriver.java][84] - Driver with chrome is closed.
[2016-08-08 10:48:49][INFO][Chrome Thread1][TestDriver.java][95] - Open the ReportNG report.
[2016-08-08 10:50:49][INFO][Chrome Thread1][TestDriver.java][65] - ******************************************************************************
[2016-08-08 10:50:49][INFO][Chrome Thread1][TestDriver.java][66] - Create a Driver, Browser:chrome
[2016-08-08 10:50:57][INFO][Chrome Thread1][KeyWords.java][95] - open url - http://10.13.28.102:8080/
[2016-08-08 10:50:57][INFO][Chrome Thread1][KeyWords.java][123] - [By.xpath: //input[@id='userNo']],元素可见!
[2016-08-08 10:50:57][INFO][Chrome Thread1][KeyWords.java][200] - Set the value of [By.xpath: //input[@id='userNo']] to [wb005]
[2016-08-08 10:50:57][INFO][Chrome Thread1][KeyWords.java][123] - [By.xpath: //input[@id='pwd']],元素可见!
[2016-08-08 10:50:57][INFO][Chrome Thread1][KeyWords.java][200] - Set the value of [By.xpath: //input[@id='pwd']] to [upg2015]
[2016-08-08 10:50:57][INFO][Chrome Thread1][KeyWords.java][123] - [By.xpath: //input[@id='mi']],元素可见!
[2016-08-08 10:50:58][INFO][Chrome Thread1][KeyWords.java][185] - Click on [By.xpath: //input[@id='login_btn']]
[2016-08-08 10:50:59][INFO][Chrome Thread1][KeyWords.java][123] - [By.xpath: //a[@id='user_name_link']],元素可见!
[2016-08-08 10:50:59][INFO][Chrome Thread1][KeyWords.java][141] - [By.xpath: //a[@id='user_name_link']],元素存在!
[2016-08-08 10:50:59][INFO][Chrome Thread1][KeyWords.java][185] - Click on [By.xpath: //div[contains(text(),'财务管理')]]
[2016-08-08 10:51:01][INFO][Chrome Thread1][KeyWords.java][185] - Click on [By.xpath: //ul[@id='menu189']/li[1]/div/span[3]]
[2016-08-08 10:51:09][INFO][Chrome Thread1][KeyWords.java][123] - [By.id: prjPay_prjName],元素可见!
[2016-08-08 10:51:09][INFO][Chrome Thread1][KeyWords.java][200] - Set the value of [By.id: prjPay_prjName] to [ZYJ20160804001]
[2016-08-08 10:51:09][INFO][Chrome Thread1][KeyWords.java][185] - Click on [By.xpath: //form[@id='queryFormForPayWait']/table/tbody/tr/td[7]/a]
[2016-08-08 10:51:09][INFO][Chrome Thread1][TestDriver.java][84] - Driver with chrome is closed.
[2016-08-08 10:51:11][INFO][Chrome Thread1][TestDriver.java][95] - Open the ReportNG report.
[2016-08-08 11:04:26][INFO][Chrome Thread1][TestDriver.java][65] - ******************************************************************************
[2016-08-08 11:04:26][INFO][Chrome Thread1][TestDriver.java][66] - Create a Driver, Browser:chrome
[2016-08-08 11:04:33][INFO][Chrome Thread1][KeyWords.java][95] - open url - http://10.13.28.102:8080/
[2016-08-08 11:04:33][INFO][Chrome Thread1][KeyWords.java][123] - [By.xpath: //input[@id='userNo']],元素可见!
[2016-08-08 11:04:35][INFO][Chrome Thread1][KeyWords.java][200] - Set the value of [By.xpath: //input[@id='userNo']] to [wb005]
[2016-08-08 11:04:35][INFO][Chrome Thread1][KeyWords.java][123] - [By.xpath: //input[@id='pwd']],元素可见!
[2016-08-08 11:04:37][INFO][Chrome Thread1][KeyWords.java][200] - Set the value of [By.xpath: //input[@id='pwd']] to [upg2015]
[2016-08-08 11:04:37][INFO][Chrome Thread1][KeyWords.java][123] - [By.xpath: //input[@id='mi']],元素可见!
[2016-08-08 11:04:39][INFO][Chrome Thread1][KeyWords.java][185] - Click on [By.xpath: //input[@id='login_btn']]
[2016-08-08 11:04:41][INFO][Chrome Thread1][KeyWords.java][123] - [By.xpath: //a[@id='user_name_link']],元素可见!
[2016-08-08 11:04:42][INFO][Chrome Thread1][KeyWords.java][141] - [By.xpath: //a[@id='user_name_link']],元素存在!
[2016-08-08 11:04:43][INFO][Chrome Thread1][KeyWords.java][185] - Click on [By.xpath: //div[contains(text(),'财务管理')]]
[2016-08-08 11:04:45][INFO][Chrome Thread1][KeyWords.java][185] - Click on [By.xpath: //ul[@id='menu189']/li[1]/div/span[3]]
[2016-08-08 11:04:47][INFO][Chrome Thread1][KeyWords.java][123] - [By.id: work_frame],元素可见!
[2016-08-08 11:04:47][INFO][Chrome Thread1][KeyWords.java][141] - [By.id: work_frame],元素存在!
[2016-08-08 11:04:48][INFO][Chrome Thread1][KeyWords.java][123] - [By.id: prjPay_prjName],元素可见!
[2016-08-08 11:04:48][INFO][Chrome Thread1][KeyWords.java][200] - Set the value of [By.id: prjPay_prjName] to [ZYJ20160804001]
[2016-08-08 11:04:48][INFO][Chrome Thread1][KeyWords.java][185] - Click on [By.xpath: //form[@id='queryFormForPayWait']/table/tbody/tr/td[7]/a]
[2016-08-08 11:04:49][INFO][Chrome Thread1][KeyWords.java][185] - Click on [By.xpath: //tr[@id='tr_dataTableForPayWait_0']/td[1]/div/a]
[2016-08-08 11:04:49][INFO][Chrome Thread1][TestDriver.java][84] - Driver with chrome is closed.
[2016-08-08 11:04:51][INFO][Chrome Thread1][TestDriver.java][95] - Open the ReportNG report.
