2016-09-02 09:28:16,859 INFO [com.autotest.driver.TestDriver.createDriver(TestDriver.java:111)] ******************************************************************************
2016-09-02 09:28:16,866 INFO [com.autotest.driver.TestDriver.createDriver(TestDriver.java:112)] Create a Driver, Browser:chrome
2016-09-02 09:28:22,635 INFO [com.autotest.driver.KeyWords.open(KeyWords.java:119)] open url - http://10.13.28.102:8080/
2016-09-02 09:28:23,308 INFO [com.autotest.driver.KeyWords.isElementVisible(KeyWords.java:148)] [By.xpath: //input[@id='userNo']],元素可见!
2016-09-02 09:28:24,595 INFO [com.autotest.driver.KeyWords.setValue(KeyWords.java:278)] Set the value of [By.xpath: //input[@id='userNo']] to [wb001]
2016-09-02 09:28:25,223 INFO [com.autotest.driver.KeyWords.isElementVisible(KeyWords.java:148)] [By.xpath: //input[@id='pwd']],元素可见!
2016-09-02 09:28:26,171 INFO [com.autotest.driver.KeyWords.setValue(KeyWords.java:278)] Set the value of [By.xpath: //input[@id='pwd']] to [upg2015]
2016-09-02 09:28:26,248 INFO [com.autotest.driver.KeyWords.isElementVisible(KeyWords.java:148)] [By.xpath: //input[@id='mi']],元素可见!
2016-09-02 09:28:26,482 INFO [com.autotest.driver.KeyWords.click(KeyWords.java:228)] Click on [By.xpath: //input[@id='login_btn']]
2016-09-02 09:28:28,186 INFO [com.autotest.driver.KeyWords.isElementVisible(KeyWords.java:148)] [By.xpath: //a[@id='user_name_link']],元素可见!
2016-09-02 09:28:28,217 INFO [com.autotest.driver.KeyWords.isElementExist(KeyWords.java:167)] [By.xpath: //a[@id='user_name_link']],元素存在!
2016-09-02 09:28:28,455 INFO [com.autotest.driver.KeyWords.click(KeyWords.java:228)] Click on [By.xpath: //div[contains(text(),'财务管理')]]
2016-09-02 09:28:29,691 INFO [com.autotest.driver.KeyWords.click(KeyWords.java:228)] Click on [By.xpath: //ul[@id='menu189']/li[1]/div/span[3]]
2016-09-02 09:28:41,010 ERROR [com.autotest.driver.KeyWords.isElementVisible(KeyWords.java:151)] [By.id: work_frame],元素不可见!
2016-09-02 09:28:41,612 ERROR [com.autotest.driver.KeyWords.isElementExist(KeyWords.java:170)] [By.id: work_frame],元素不存在!
2016-09-02 09:28:41,732 INFO [com.autotest.driver.KeyWords.isElementVisible(KeyWords.java:148)] [By.id: prjPay_prjName],元素可见!
2016-09-02 09:28:41,912 INFO [com.autotest.driver.KeyWords.setValue(KeyWords.java:278)] Set the value of [By.id: prjPay_prjName] to [RYS20160825014]
2016-09-02 09:28:42,178 INFO [com.autotest.driver.KeyWords.click(KeyWords.java:228)] Click on [By.xpath: //form[@id='queryFormForPayWait']/table/tbody/tr/td[7]/a]
2016-09-02 09:28:43,372 INFO [com.autotest.driver.KeyWords.isElementVisible(KeyWords.java:148)] [By.xpath: //tr[@id='tr_dataTableForPayWait_0']/td[1]/div/a/span],元素可见!
2016-09-02 09:28:43,403 INFO [com.autotest.driver.KeyWords.isElementExist(KeyWords.java:167)] [By.xpath: //tr[@id='tr_dataTableForPayWait_0']/td[1]/div/a/span],元素存在!
2016-09-02 09:28:43,466 INFO [com.autotest.driver.KeyWords.isElementVisible(KeyWords.java:148)] [By.xpath: //tr[@id='tr_dataTableForPayWait_0']/td[2]/div],元素可见!
2016-09-02 09:28:43,621 INFO [com.autotest.driver.KeyWords.isElementVisible(KeyWords.java:148)] [By.xpath: //tr[@id='tr_dataTableForPayWait_0']/td[3]/div],元素可见!
2016-09-02 09:28:43,821 INFO [com.autotest.driver.KeyWords.isElementVisible(KeyWords.java:148)] [By.xpath: //tr[@id='tr_dataTableForPayWait_0']/td[4]/div],元素可见!
2016-09-02 09:28:44,031 INFO [com.autotest.driver.KeyWords.isElementVisible(KeyWords.java:148)] [By.xpath: //tr[@id='tr_dataTableForPayWait_0']/td[5]/div],元素可见!
2016-09-02 09:28:44,237 INFO [com.autotest.driver.KeyWords.isElementVisible(KeyWords.java:148)] [By.xpath: //tr[@id='tr_dataTableForPayWait_0']/td[6]/div],元素可见!
2016-09-02 09:28:44,413 INFO [com.autotest.driver.KeyWords.isElementVisible(KeyWords.java:148)] [By.xpath: //tr[@id='tr_dataTableForPayWait_0']/td[7]/div],元素可见!
2016-09-02 09:28:44,604 INFO [com.autotest.driver.KeyWords.isElementVisible(KeyWords.java:148)] [By.xpath: //tr[@id='tr_dataTableForPayWait_0']/td[8]/div],元素可见!
2016-09-02 09:28:44,794 INFO [com.autotest.driver.KeyWords.isElementVisible(KeyWords.java:148)] [By.xpath: //tr[@id='tr_dataTableForPayWait_0']/td[9]/div],元素可见!
2016-09-02 09:28:44,974 INFO [com.autotest.driver.KeyWords.isElementVisible(KeyWords.java:148)] [By.xpath: //tr[@id='tr_dataTableForPayWait_0']/td[10]/div],元素可见!
2016-09-02 09:28:45,144 INFO [com.autotest.driver.KeyWords.isElementVisible(KeyWords.java:148)] [By.xpath: //tr[@id='tr_dataTableForPayWait_0']/td[11]/div],元素可见!
2016-09-02 09:28:45,334 INFO [com.autotest.driver.KeyWords.isElementVisible(KeyWords.java:148)] [By.xpath: //tr[@id='tr_dataTableForPayWait_0']/td[12]/div],元素可见!
2016-09-02 09:28:45,519 INFO [com.autotest.driver.KeyWords.isElementVisible(KeyWords.java:148)] [By.xpath: //tr[@id='tr_dataTableForPayWait_0']/td[13]/div],元素可见!
2016-09-02 09:28:45,630 INFO [com.autotest.utility.StringUtils.isEquals(StringUtils.java:110)] site期望值:鑫合汇;与实际值:鑫合汇相等！
2016-09-02 09:28:45,630 INFO [com.autotest.utility.StringUtils.isEquals(StringUtils.java:110)] bond期望值:0.00;与实际值:0.00相等！
2016-09-02 09:28:45,630 INFO [com.autotest.utility.StringUtils.isEquals(StringUtils.java:110)] financingscale期望值:100,000.00;与实际值:100,000.00相等！
2016-09-02 09:28:45,630 INFO [com.autotest.utility.StringUtils.isEquals(StringUtils.java:110)] maincontract期望值:-;与实际值:-相等！
2016-09-02 09:28:45,630 INFO [com.autotest.utility.StringUtils.isEquals(StringUtils.java:110)] inaccount期望值:上海鑫合汇网络科技有限公司;与实际值:上海鑫合汇网络科技有限公司相等！
2016-09-02 09:28:45,630 INFO [com.autotest.utility.StringUtils.isEquals(StringUtils.java:110)] confirmation期望值:-;与实际值:-相等！
2016-09-02 09:28:45,630 INFO [com.autotest.utility.StringUtils.isEquals(StringUtils.java:110)] substandard期望值:无子标;与实际值:无子标相等！
2016-09-02 09:28:45,630 ERROR [com.autotest.utility.StringUtils.isEquals(StringUtils.java:114)] loanprofit期望值:69.84;与实际值:69.83不等！
2016-09-02 09:28:45,630 INFO [com.autotest.utility.StringUtils.isEquals(StringUtils.java:110)] actualfinacamount期望值:100,000.00;与实际值:100,000.00相等！
2016-09-02 09:28:45,630 INFO [com.autotest.utility.StringUtils.isEquals(StringUtils.java:110)] prodname期望值:RYS20160825014(订单数:0/5);与实际值:RYS20160825014(订单数:0/5)相等！
2016-09-02 09:28:45,630 INFO [com.autotest.utility.StringUtils.isEquals(StringUtils.java:110)] managementfee期望值:0.00;与实际值:0.00相等！
2016-09-02 09:28:45,630 INFO [com.autotest.utility.StringUtils.isEquals(StringUtils.java:110)] needpayamount期望值:100,000.00;与实际值:100,000.00相等！
2016-09-02 09:28:45,630 ERROR [com.autotest.testcases.RYS001_Payment.Test(RYS001_Payment.java:75)] 【项目放款】放款字段校验失败！
2016-09-02 09:28:45,861 INFO [com.autotest.driver.KeyWords.click(KeyWords.java:228)] Click on [By.xpath: //tr[@id='tr_dataTableForPayWait_0']/td[1]/div/a/span]
2016-09-02 09:28:46,957 INFO [com.autotest.driver.KeyWords.isElementVisible(KeyWords.java:148)] [By.xpath: //form[@id='riskCreditAddForm']/table/tbody/tr[2]/td[1]],元素可见!
2016-09-02 09:28:46,988 INFO [com.autotest.driver.KeyWords.isElementExist(KeyWords.java:167)] [By.xpath: //form[@id='riskCreditAddForm']/table/tbody/tr[2]/td[1]],元素存在!
2016-09-02 09:28:47,079 INFO [com.autotest.driver.KeyWords.isElementVisible(KeyWords.java:148)] [By.id: payAmount],元素可见!
2016-09-02 09:28:47,169 INFO [com.autotest.testcases.RYS001_Payment.Test(RYS001_Payment.java:82)] 【项目放款】校验支付金额正确！
2016-09-02 09:28:47,259 INFO [com.autotest.driver.KeyWords.isElementVisible(KeyWords.java:148)] [By.id: liushuihao],元素可见!
2016-09-02 09:28:47,488 INFO [com.autotest.driver.KeyWords.setValue(KeyWords.java:278)] Set the value of [By.id: liushuihao] to [ACR20160718000033]
2016-09-02 09:28:47,697 INFO [com.autotest.driver.KeyWords.click(KeyWords.java:228)] Click on [By.xpath: //div[@id='pay_identity']/div[2]/a[1]/span/span]
2016-09-02 09:28:52,439 INFO [com.autotest.driver.KeyWords.isElementVisible(KeyWords.java:148)] [By.xpath: /html/body/div[9]/div[2]/div[2]],元素可见!
2016-09-02 09:28:52,529 INFO [com.autotest.testcases.RYS001_Payment.Test(RYS001_Payment.java:92)] 【项目放款】支付完成！
2016-09-02 09:28:53,039 INFO [com.autotest.utility.SSHUtil.sshCurrentTime(SSHUtil.java:52)] ssh已经连接OK
2016-09-02 09:28:54,708 INFO [com.autotest.driver.KeyWords.click(KeyWords.java:228)] Click on [By.xpath: /html/body/div[9]/div[2]/div[4]/a]
2016-09-02 09:28:54,853 INFO [com.autotest.driver.KeyWords.isElementVisible(KeyWords.java:148)] [By.xpath: //tbody[@id='body_dataTableForPayWait']/tr/td/div],元素可见!
2016-09-02 09:28:54,939 INFO [com.autotest.testcases.RYS001_Payment.Test(RYS001_Payment.java:124)] 【项目放款】放款成功！
2016-09-02 09:28:56,969 INFO [com.autotest.driver.KeyWords.open(KeyWords.java:119)] open url - http://10.13.28.101/
2016-09-02 09:28:57,617 INFO [com.autotest.driver.KeyWords.click(KeyWords.java:228)] Click on [By.xpath: //a[@id='login_button']]
2016-09-02 09:28:58,322 INFO [com.autotest.driver.KeyWords.isElementVisible(KeyWords.java:148)] [By.xpath: //input[@name='username']],元素可见!
2016-09-02 09:28:58,466 INFO [com.autotest.driver.KeyWords.setValue(KeyWords.java:278)] Set the value of [By.xpath: //input[@name='username']] to [maoyl1]
2016-09-02 09:28:58,550 INFO [com.autotest.driver.KeyWords.isElementVisible(KeyWords.java:148)] [By.xpath: //input[@name='pwd']],元素可见!
2016-09-02 09:28:58,717 INFO [com.autotest.driver.KeyWords.setValue(KeyWords.java:278)] Set the value of [By.xpath: //input[@name='pwd']] to [m123456]
2016-09-02 09:29:09,595 ERROR [com.autotest.driver.KeyWords.isElementVisible(KeyWords.java:151)] [By.xpath: //input[@id='authCode']],元素不可见!
2016-09-02 09:29:09,827 INFO [com.autotest.driver.KeyWords.click(KeyWords.java:228)] Click on [By.xpath: //input[@id='normalSub']]
2016-09-02 09:29:11,364 INFO [com.autotest.driver.KeyWords.isElementVisible(KeyWords.java:148)] [By.xpath: //a[contains(@href,'/Account/User/Logout')]],元素可见!
2016-09-02 09:29:11,387 INFO [com.autotest.driver.KeyWords.isElementExist(KeyWords.java:167)] [By.xpath: //a[contains(@href,'/Account/User/Logout')]],元素存在!
2016-09-02 09:29:21,909 ERROR [com.autotest.driver.KeyWords.isElementVisible(KeyWords.java:151)] [By.xpath: //div[@id='imptWrap']/span],元素不可见!
2016-09-02 09:29:22,328 ERROR [com.autotest.driver.KeyWords.isElementExist(KeyWords.java:170)] [By.xpath: //div[@id='imptWrap']/span],元素不存在!
2016-09-02 09:29:22,328 INFO [com.autotest.testcases.RYS001_Payment.Test(RYS001_Payment.java:225)] 保理账户登录成功！
2016-09-02 09:29:22,543 INFO [com.autotest.driver.KeyWords.click(KeyWords.java:228)] Click on [By.xpath: //a[contains(@href,'/Application/ProjectManage/getMyMoneyList')]]
2016-09-02 09:29:23,220 INFO [com.autotest.driver.KeyWords.isElementVisible(KeyWords.java:148)] [By.id: getMyRecordList_type],元素可见!
2016-09-02 09:29:23,259 INFO [com.autotest.driver.KeyWords.isElementExist(KeyWords.java:167)] [By.id: getMyRecordList_type],元素存在!
2016-09-02 09:29:23,259 INFO [com.autotest.testcases.RYS001_Payment.Test(RYS001_Payment.java:230)] 【进入资金记录页面成功！】
2016-09-02 09:29:23,620 INFO [com.autotest.utility.SSHUtil.sshCurrentDate(SSHUtil.java:103)] ssh已经连接OK
2016-09-02 09:29:23,921 INFO [com.autotest.driver.KeyWords.isElementVisible(KeyWords.java:148)] [By.xpath: //input[@id='start_time']],元素可见!
2016-09-02 09:29:24,079 INFO [com.autotest.driver.KeyWords.setValue(KeyWords.java:278)] Set the value of [By.xpath: //input[@id='start_time']] to [2016-10-03]
2016-09-02 09:29:24,164 INFO [com.autotest.driver.KeyWords.isElementVisible(KeyWords.java:148)] [By.xpath: //input[@id='end_time']],元素可见!
2016-09-02 09:29:24,335 INFO [com.autotest.driver.KeyWords.setValue(KeyWords.java:278)] Set the value of [By.xpath: //input[@id='end_time']] to [2016-10-03]
2016-09-02 09:29:24,555 INFO [com.autotest.driver.KeyWords.click(KeyWords.java:228)] Click on [By.xpath: //div[@id='search']/label/input]
2016-09-02 09:29:27,751 INFO [com.autotest.driver.KeyWords.click(KeyWords.java:228)] Click on [By.xpath: //div[@id='search']/label/input]
2016-09-02 09:37:05,119 INFO [com.autotest.driver.TestDriver.createDriver(TestDriver.java:111)] ******************************************************************************
2016-09-02 09:37:05,128 INFO [com.autotest.driver.TestDriver.createDriver(TestDriver.java:112)] Create a Driver, Browser:chrome
2016-09-02 09:37:07,499 INFO [com.autotest.driver.KeyWords.open(KeyWords.java:119)] open url - http://10.13.28.102:8080/
2016-09-02 10:05:40,224 INFO [com.autotest.driver.TestDriver.createDriver(TestDriver.java:111)] ******************************************************************************
2016-09-02 10:05:40,229 INFO [com.autotest.driver.TestDriver.createDriver(TestDriver.java:112)] Create a Driver, Browser:chrome
2016-09-02 10:05:46,403 INFO [com.autotest.driver.KeyWords.open(KeyWords.java:119)] open url - http://10.13.28.102:8080/
2016-09-02 10:05:47,081 INFO [com.autotest.driver.KeyWords.isElementVisible(KeyWords.java:148)] [By.xpath: //input[@id='userNo']],元素可见!
2016-09-02 10:05:48,448 INFO [com.autotest.driver.KeyWords.setValue(KeyWords.java:278)] Set the value of [By.xpath: //input[@id='userNo']] to [wb001]
2016-09-02 10:05:48,791 INFO [com.autotest.driver.KeyWords.isElementVisible(KeyWords.java:148)] [By.xpath: //input[@id='pwd']],元素可见!
2016-09-02 10:05:48,981 INFO [com.autotest.driver.KeyWords.setValue(KeyWords.java:278)] Set the value of [By.xpath: //input[@id='pwd']] to [upg2015]
2016-09-02 10:05:49,047 INFO [com.autotest.driver.KeyWords.isElementVisible(KeyWords.java:148)] [By.xpath: //input[@id='mi']],元素可见!
2016-09-02 10:05:49,225 INFO [com.autotest.driver.KeyWords.click(KeyWords.java:228)] Click on [By.xpath: //input[@id='login_btn']]
2016-09-02 10:05:50,538 INFO [com.autotest.driver.KeyWords.isElementVisible(KeyWords.java:148)] [By.xpath: //a[@id='user_name_link']],元素可见!
2016-09-02 10:05:50,574 INFO [com.autotest.driver.KeyWords.isElementExist(KeyWords.java:167)] [By.xpath: //a[@id='user_name_link']],元素存在!
2016-09-02 10:05:50,827 INFO [com.autotest.driver.KeyWords.click(KeyWords.java:228)] Click on [By.xpath: //div[contains(text(),'财务管理')]]
2016-09-02 10:05:52,036 INFO [com.autotest.driver.KeyWords.click(KeyWords.java:228)] Click on [By.xpath: //ul[@id='menu189']/li[1]/div/span[3]]
2016-09-02 10:06:07,474 ERROR [com.autotest.driver.KeyWords.isElementVisible(KeyWords.java:151)] [By.id: work_frame],元素不可见!
2016-09-02 10:06:08,042 ERROR [com.autotest.driver.KeyWords.isElementExist(KeyWords.java:170)] [By.id: work_frame],元素不存在!
2016-09-02 10:06:08,139 INFO [com.autotest.driver.KeyWords.isElementVisible(KeyWords.java:148)] [By.id: prjPay_prjName],元素可见!
2016-09-02 10:06:08,330 INFO [com.autotest.driver.KeyWords.setValue(KeyWords.java:278)] Set the value of [By.id: prjPay_prjName] to [RYS20160825015]
2016-09-02 10:06:08,548 INFO [com.autotest.driver.KeyWords.click(KeyWords.java:228)] Click on [By.xpath: //form[@id='queryFormForPayWait']/table/tbody/tr/td[7]/a]
2016-09-02 10:06:09,790 INFO [com.autotest.driver.KeyWords.isElementVisible(KeyWords.java:148)] [By.xpath: //tr[@id='tr_dataTableForPayWait_0']/td[1]/div/a/span],元素可见!
2016-09-02 10:06:09,810 INFO [com.autotest.driver.KeyWords.isElementExist(KeyWords.java:167)] [By.xpath: //tr[@id='tr_dataTableForPayWait_0']/td[1]/div/a/span],元素存在!
2016-09-02 10:06:09,873 INFO [com.autotest.driver.KeyWords.isElementVisible(KeyWords.java:148)] [By.xpath: //tr[@id='tr_dataTableForPayWait_0']/td[2]/div],元素可见!
2016-09-02 10:06:10,030 INFO [com.autotest.driver.KeyWords.isElementVisible(KeyWords.java:148)] [By.xpath: //tr[@id='tr_dataTableForPayWait_0']/td[3]/div],元素可见!
2016-09-02 10:06:10,191 INFO [com.autotest.driver.KeyWords.isElementVisible(KeyWords.java:148)] [By.xpath: //tr[@id='tr_dataTableForPayWait_0']/td[4]/div],元素可见!
2016-09-02 10:06:10,362 INFO [com.autotest.driver.KeyWords.isElementVisible(KeyWords.java:148)] [By.xpath: //tr[@id='tr_dataTableForPayWait_0']/td[5]/div],元素可见!
2016-09-02 10:06:10,536 INFO [com.autotest.driver.KeyWords.isElementVisible(KeyWords.java:148)] [By.xpath: //tr[@id='tr_dataTableForPayWait_0']/td[6]/div],元素可见!
2016-09-02 10:06:10,676 INFO [com.autotest.driver.KeyWords.isElementVisible(KeyWords.java:148)] [By.xpath: //tr[@id='tr_dataTableForPayWait_0']/td[7]/div],元素可见!
2016-09-02 10:06:10,818 INFO [com.autotest.driver.KeyWords.isElementVisible(KeyWords.java:148)] [By.xpath: //tr[@id='tr_dataTableForPayWait_0']/td[8]/div],元素可见!
2016-09-02 10:06:10,967 INFO [com.autotest.driver.KeyWords.isElementVisible(KeyWords.java:148)] [By.xpath: //tr[@id='tr_dataTableForPayWait_0']/td[9]/div],元素可见!
2016-09-02 10:06:11,101 INFO [com.autotest.driver.KeyWords.isElementVisible(KeyWords.java:148)] [By.xpath: //tr[@id='tr_dataTableForPayWait_0']/td[10]/div],元素可见!
2016-09-02 10:06:11,235 INFO [com.autotest.driver.KeyWords.isElementVisible(KeyWords.java:148)] [By.xpath: //tr[@id='tr_dataTableForPayWait_0']/td[11]/div],元素可见!
2016-09-02 10:06:11,399 INFO [com.autotest.driver.KeyWords.isElementVisible(KeyWords.java:148)] [By.xpath: //tr[@id='tr_dataTableForPayWait_0']/td[12]/div],元素可见!
2016-09-02 10:06:11,534 INFO [com.autotest.driver.KeyWords.isElementVisible(KeyWords.java:148)] [By.xpath: //tr[@id='tr_dataTableForPayWait_0']/td[13]/div],元素可见!
2016-09-02 10:06:11,603 INFO [com.autotest.utility.StringUtils.isEquals(StringUtils.java:110)] site期望值:鑫合汇;与实际值:鑫合汇相等！
2016-09-02 10:06:11,603 INFO [com.autotest.utility.StringUtils.isEquals(StringUtils.java:110)] bond期望值:0.00;与实际值:0.00相等！
2016-09-02 10:06:11,604 INFO [com.autotest.utility.StringUtils.isEquals(StringUtils.java:110)] financingscale期望值:100,000.00;与实际值:100,000.00相等！
2016-09-02 10:06:11,604 INFO [com.autotest.utility.StringUtils.isEquals(StringUtils.java:110)] maincontract期望值:-;与实际值:-相等！
2016-09-02 10:06:11,604 INFO [com.autotest.utility.StringUtils.isEquals(StringUtils.java:110)] inaccount期望值:上海鑫合汇网络科技有限公司;与实际值:上海鑫合汇网络科技有限公司相等！
2016-09-02 10:06:11,604 INFO [com.autotest.utility.StringUtils.isEquals(StringUtils.java:110)] confirmation期望值:-;与实际值:-相等！
2016-09-02 10:06:11,604 INFO [com.autotest.utility.StringUtils.isEquals(StringUtils.java:110)] substandard期望值:无子标;与实际值:无子标相等！
2016-09-02 10:06:11,604 ERROR [com.autotest.utility.StringUtils.isEquals(StringUtils.java:114)] loanprofit期望值:69.85;与实际值:69.83不等！
2016-09-02 10:06:11,605 INFO [com.autotest.utility.StringUtils.isEquals(StringUtils.java:110)] actualfinacamount期望值:100,000.00;与实际值:100,000.00相等！
2016-09-02 10:06:11,605 INFO [com.autotest.utility.StringUtils.isEquals(StringUtils.java:110)] prodname期望值:RYS20160825015(订单数:0/5);与实际值:RYS20160825015(订单数:0/5)相等！
2016-09-02 10:06:11,605 INFO [com.autotest.utility.StringUtils.isEquals(StringUtils.java:110)] managementfee期望值:0.00;与实际值:0.00相等！
2016-09-02 10:06:11,605 INFO [com.autotest.utility.StringUtils.isEquals(StringUtils.java:110)] needpayamount期望值:100,000.00;与实际值:100,000.00相等！
2016-09-02 10:06:11,605 ERROR [com.autotest.testcases.RYS001_Payment.Test(RYS001_Payment.java:74)] 【项目放款】放款字段校验失败！
2016-09-02 10:06:11,758 INFO [com.autotest.driver.KeyWords.click(KeyWords.java:228)] Click on [By.xpath: //tr[@id='tr_dataTableForPayWait_0']/td[1]/div/a/span]
2016-09-02 10:06:12,790 INFO [com.autotest.driver.KeyWords.isElementVisible(KeyWords.java:148)] [By.xpath: //form[@id='riskCreditAddForm']/table/tbody/tr[2]/td[1]],元素可见!
2016-09-02 10:06:12,811 INFO [com.autotest.driver.KeyWords.isElementExist(KeyWords.java:167)] [By.xpath: //form[@id='riskCreditAddForm']/table/tbody/tr[2]/td[1]],元素存在!
2016-09-02 10:06:12,876 INFO [com.autotest.driver.KeyWords.isElementVisible(KeyWords.java:148)] [By.id: payAmount],元素可见!
2016-09-02 10:06:12,948 INFO [com.autotest.testcases.RYS001_Payment.Test(RYS001_Payment.java:81)] 【项目放款】校验支付金额正确！
2016-09-02 10:06:13,011 INFO [com.autotest.driver.KeyWords.isElementVisible(KeyWords.java:148)] [By.id: liushuihao],元素可见!
2016-09-02 10:06:13,206 INFO [com.autotest.driver.KeyWords.setValue(KeyWords.java:278)] Set the value of [By.id: liushuihao] to [ACR20160718000033]
2016-09-02 10:06:13,409 INFO [com.autotest.driver.KeyWords.click(KeyWords.java:228)] Click on [By.xpath: //div[@id='pay_identity']/div[2]/a[1]/span/span]
2016-09-02 10:06:18,143 INFO [com.autotest.driver.KeyWords.isElementVisible(KeyWords.java:148)] [By.xpath: /html/body/div[9]/div[2]/div[2]],元素可见!
2016-09-02 10:06:18,214 INFO [com.autotest.testcases.RYS001_Payment.Test(RYS001_Payment.java:91)] 【项目放款】支付完成！
2016-09-02 10:06:19,506 INFO [com.autotest.driver.KeyWords.click(KeyWords.java:228)] Click on [By.xpath: /html/body/div[9]/div[2]/div[4]/a]
2016-09-02 10:06:19,591 INFO [com.autotest.driver.KeyWords.isElementVisible(KeyWords.java:148)] [By.xpath: //tbody[@id='body_dataTableForPayWait']/tr/td/div],元素可见!
2016-09-02 10:06:19,671 INFO [com.autotest.testcases.RYS001_Payment.Test(RYS001_Payment.java:125)] 【项目放款】放款成功！
2016-09-02 10:06:22,932 INFO [com.autotest.driver.KeyWords.open(KeyWords.java:119)] open url - http://10.13.28.101/
2016-09-02 10:06:23,683 INFO [com.autotest.driver.KeyWords.click(KeyWords.java:228)] Click on [By.xpath: //a[@id='login_button']]
2016-09-02 10:06:24,359 INFO [com.autotest.driver.KeyWords.isElementVisible(KeyWords.java:148)] [By.xpath: //input[@name='username']],元素可见!
2016-09-02 10:06:24,505 INFO [com.autotest.driver.KeyWords.setValue(KeyWords.java:278)] Set the value of [By.xpath: //input[@name='username']] to [maoyl1]
2016-09-02 10:06:24,599 INFO [com.autotest.driver.KeyWords.isElementVisible(KeyWords.java:148)] [By.xpath: //input[@name='pwd']],元素可见!
2016-09-02 10:06:24,769 INFO [com.autotest.driver.KeyWords.setValue(KeyWords.java:278)] Set the value of [By.xpath: //input[@name='pwd']] to [m123456]
2016-09-02 10:06:34,795 ERROR [com.autotest.driver.KeyWords.isElementVisible(KeyWords.java:151)] [By.xpath: //input[@id='authCode']],元素不可见!
2016-09-02 10:06:34,954 INFO [com.autotest.driver.KeyWords.click(KeyWords.java:228)] Click on [By.xpath: //input[@id='normalSub']]
2016-09-02 10:06:36,816 INFO [com.autotest.driver.KeyWords.isElementVisible(KeyWords.java:148)] [By.xpath: //a[contains(@href,'/Account/User/Logout')]],元素可见!
2016-09-02 10:06:36,838 INFO [com.autotest.driver.KeyWords.isElementExist(KeyWords.java:167)] [By.xpath: //a[contains(@href,'/Account/User/Logout')]],元素存在!
2016-09-02 10:06:47,512 ERROR [com.autotest.driver.KeyWords.isElementVisible(KeyWords.java:151)] [By.xpath: //div[@id='imptWrap']/span],元素不可见!
2016-09-02 10:06:47,949 ERROR [com.autotest.driver.KeyWords.isElementExist(KeyWords.java:170)] [By.xpath: //div[@id='imptWrap']/span],元素不存在!
2016-09-02 10:06:47,949 INFO [com.autotest.testcases.RYS001_Payment.Test(RYS001_Payment.java:226)] 保理账户登录成功！
2016-09-02 10:06:48,115 INFO [com.autotest.driver.KeyWords.click(KeyWords.java:228)] Click on [By.xpath: //a[contains(@href,'/Application/ProjectManage/getMyMoneyList')]]
2016-09-02 10:06:48,843 INFO [com.autotest.driver.KeyWords.isElementVisible(KeyWords.java:148)] [By.id: getMyRecordList_type],元素可见!
2016-09-02 10:06:48,888 INFO [com.autotest.driver.KeyWords.isElementExist(KeyWords.java:167)] [By.id: getMyRecordList_type],元素存在!
2016-09-02 10:06:48,888 INFO [com.autotest.testcases.RYS001_Payment.Test(RYS001_Payment.java:231)] 【进入资金记录页面成功！】
2016-09-02 10:06:49,286 INFO [com.autotest.utility.SSHUtil.sshCurrentDate(SSHUtil.java:103)] ssh已经连接OK
2016-09-02 10:06:49,554 INFO [com.autotest.driver.KeyWords.isElementVisible(KeyWords.java:148)] [By.xpath: //input[@id='start_time']],元素可见!
2016-09-02 10:06:49,716 INFO [com.autotest.driver.KeyWords.setValue(KeyWords.java:278)] Set the value of [By.xpath: //input[@id='start_time']] to [2016-09-02]
2016-09-02 10:06:49,780 INFO [com.autotest.driver.KeyWords.isElementVisible(KeyWords.java:148)] [By.xpath: //input[@id='end_time']],元素可见!
2016-09-02 10:06:49,935 INFO [com.autotest.driver.KeyWords.setValue(KeyWords.java:278)] Set the value of [By.xpath: //input[@id='end_time']] to [2016-09-02]
2016-09-02 10:06:50,113 INFO [com.autotest.driver.KeyWords.click(KeyWords.java:228)] Click on [By.xpath: //div[@id='search']/label/input]
2016-09-02 10:06:53,241 INFO [com.autotest.driver.KeyWords.click(KeyWords.java:228)] Click on [By.xpath: //div[@id='search']/label/input]
2016-09-02 10:06:56,311 INFO [com.autotest.driver.KeyWords.isElementVisible(KeyWords.java:148)] [By.xpath: //input[@value='跳转']],元素可见!
2016-09-02 10:06:56,345 INFO [com.autotest.driver.KeyWords.isElementExist(KeyWords.java:167)] [By.xpath: //input[@value='跳转']],元素存在!
2016-09-02 10:06:56,412 INFO [com.autotest.driver.KeyWords.isElementVisible(KeyWords.java:148)] [By.xpath: //a[contains(text(),'>>')]/preceding-sibling::a[2]],元素可见!
2016-09-02 10:06:56,523 INFO [com.autotest.driver.KeyWords.isElementVisible(KeyWords.java:148)] [By.xpath: //input[@value='跳转']],元素可见!
2016-09-02 10:06:56,544 INFO [com.autotest.driver.KeyWords.isElementExist(KeyWords.java:167)] [By.xpath: //input[@value='跳转']],元素存在!
2016-09-02 10:06:56,601 INFO [com.autotest.driver.KeyWords.isElementVisible(KeyWords.java:148)] [By.xpath: //span[contains(@class,'current')]],元素可见!
2016-09-02 10:06:56,731 INFO [com.autotest.driver.KeyWords.isElementVisible(KeyWords.java:148)] [By.xpath: //span[contains(text(),'2016-09-02 10:17')]/parent::*],元素可见!
2016-09-02 10:06:56,763 INFO [com.autotest.driver.KeyWords.isElementExist(KeyWords.java:167)] [By.xpath: //span[contains(text(),'2016-09-02 10:17')]/parent::*],元素存在!
2016-09-02 10:06:56,820 INFO [com.autotest.driver.KeyWords.isElementVisible(KeyWords.java:148)] [By.xpath: //span[contains(text(),'2016-09-02 10:17')]/parent::*/following-sibling::td[4]],元素可见!
2016-09-02 10:06:56,911 INFO [com.autotest.driver.KeyWords.isElementVisible(KeyWords.java:148)] [By.xpath: //span[contains(text(),'2016-09-02 10:17')]/parent::*/following-sibling::td[2]],元素可见!
2016-09-02 10:06:57,013 INFO [com.autotest.driver.KeyWords.isElementVisible(KeyWords.java:148)] [By.xpath: //span[contains(text(),'2016-09-02 10:17')]/parent::*/following-sibling::td[1]],元素可见!
2016-09-02 10:06:57,737 INFO [com.autotest.driver.KeyWords.isElementVisible(KeyWords.java:148)] [By.xpath: //a[text()='>']],元素可见!
2016-09-02 10:06:57,768 INFO [com.autotest.driver.KeyWords.isElementExist(KeyWords.java:167)] [By.xpath: //a[text()='>']],元素存在!
2016-09-02 10:06:57,905 INFO [com.autotest.driver.KeyWords.click(KeyWords.java:228)] Click on [By.xpath: //a[text()='>']]
2016-09-02 10:06:59,954 INFO [com.autotest.driver.KeyWords.isElementVisible(KeyWords.java:148)] [By.xpath: //input[@value='跳转']],元素可见!
2016-09-02 10:06:59,976 INFO [com.autotest.driver.KeyWords.isElementExist(KeyWords.java:167)] [By.xpath: //input[@value='跳转']],元素存在!
2016-09-02 10:07:00,022 INFO [com.autotest.driver.KeyWords.isElementVisible(KeyWords.java:148)] [By.xpath: //span[contains(@class,'current')]],元素可见!
2016-09-02 10:07:10,280 ERROR [com.autotest.driver.KeyWords.isElementVisible(KeyWords.java:151)] [By.xpath: //span[contains(text(),'2016-09-02 10:17')]/parent::*],元素不可见!
2016-09-02 10:07:10,648 ERROR [com.autotest.driver.KeyWords.isElementExist(KeyWords.java:170)] [By.xpath: //span[contains(text(),'2016-09-02 10:17')]/parent::*],元素不存在!
2016-09-02 10:07:10,648 INFO [com.autotest.service.bmpService.Loan.getdata(Loan.java:481)] ====================================================
2016-09-02 10:07:10,648 INFO [com.autotest.service.bmpService.Loan.getdata(Loan.java:482)] 第1条记录校验：
2016-09-02 10:07:10,648 INFO [com.autotest.utility.StringUtils.isEquals(StringUtils.java:110)] abstract期望值:项目 “RYS20160825015” 支付;与实际值:项目 “RYS20160825015” 支付相等！
2016-09-02 10:07:10,648 INFO [com.autotest.utility.StringUtils.isEquals(StringUtils.java:110)] amout期望值:-100,000.00;与实际值:-100,000.00相等！
2016-09-02 10:07:10,649 INFO [com.autotest.utility.StringUtils.isEquals(StringUtils.java:110)] type期望值:项目支付;与实际值:项目支付相等！
2016-09-02 10:07:10,649 INFO [com.autotest.service.bmpService.Loan.getdata(Loan.java:481)] ====================================================
2016-09-02 10:07:10,649 INFO [com.autotest.service.bmpService.Loan.getdata(Loan.java:482)] 第2条记录校验：
2016-09-02 10:07:10,649 INFO [com.autotest.utility.StringUtils.isEquals(StringUtils.java:110)] abstract期望值:项目 “RYS20160825015” 融资;与实际值:项目 “RYS20160825015” 融资相等！
2016-09-02 10:07:10,649 INFO [com.autotest.utility.StringUtils.isEquals(StringUtils.java:110)] amout期望值:+900.00;与实际值:+900.00相等！
2016-09-02 10:07:10,649 INFO [com.autotest.utility.StringUtils.isEquals(StringUtils.java:110)] type期望值:项目融资;与实际值:项目融资相等！
2016-09-02 10:07:10,649 INFO [com.autotest.service.bmpService.Loan.getdata(Loan.java:481)] ====================================================
2016-09-02 10:07:10,650 INFO [com.autotest.service.bmpService.Loan.getdata(Loan.java:482)] 第3条记录校验：
2016-09-02 10:07:10,650 INFO [com.autotest.utility.StringUtils.isEquals(StringUtils.java:110)] abstract期望值:项目 “RYS20160825015” 融资;与实际值:项目 “RYS20160825015” 融资相等！
2016-09-02 10:07:10,650 INFO [com.autotest.utility.StringUtils.isEquals(StringUtils.java:110)] amout期望值:+34,100.00;与实际值:+34,100.00相等！
2016-09-02 10:07:10,650 INFO [com.autotest.utility.StringUtils.isEquals(StringUtils.java:110)] type期望值:项目融资;与实际值:项目融资相等！
2016-09-02 10:07:10,650 INFO [com.autotest.service.bmpService.Loan.getdata(Loan.java:481)] ====================================================
2016-09-02 10:07:10,650 INFO [com.autotest.service.bmpService.Loan.getdata(Loan.java:482)] 第4条记录校验：
2016-09-02 10:07:10,651 INFO [com.autotest.utility.StringUtils.isEquals(StringUtils.java:110)] abstract期望值:项目 “RYS20160825015” 融资;与实际值:项目 “RYS20160825015” 融资相等！
2016-09-02 10:07:10,651 INFO [com.autotest.utility.StringUtils.isEquals(StringUtils.java:110)] amout期望值:+35,000.00;与实际值:+35,000.00相等！
2016-09-02 10:07:10,651 INFO [com.autotest.utility.StringUtils.isEquals(StringUtils.java:110)] type期望值:项目融资;与实际值:项目融资相等！
2016-09-02 10:07:10,651 INFO [com.autotest.service.bmpService.Loan.getdata(Loan.java:481)] ====================================================
2016-09-02 10:07:10,651 INFO [com.autotest.service.bmpService.Loan.getdata(Loan.java:482)] 第5条记录校验：
2016-09-02 10:07:10,651 INFO [com.autotest.utility.StringUtils.isEquals(StringUtils.java:110)] abstract期望值:项目 “RYS20160825015” 融资;与实际值:项目 “RYS20160825015” 融资相等！
2016-09-02 10:07:10,651 INFO [com.autotest.utility.StringUtils.isEquals(StringUtils.java:110)] amout期望值:+15,000.00;与实际值:+15,000.00相等！
2016-09-02 10:07:10,652 INFO [com.autotest.utility.StringUtils.isEquals(StringUtils.java:110)] type期望值:项目融资;与实际值:项目融资相等！
2016-09-02 10:07:10,652 INFO [com.autotest.service.bmpService.Loan.getdata(Loan.java:481)] ====================================================
2016-09-02 10:07:10,652 INFO [com.autotest.service.bmpService.Loan.getdata(Loan.java:482)] 第6条记录校验：
2016-09-02 10:07:10,652 INFO [com.autotest.utility.StringUtils.isEquals(StringUtils.java:110)] abstract期望值:项目 “RYS20160825015” 融资;与实际值:项目 “RYS20160825015” 融资相等！
2016-09-02 10:07:10,652 INFO [com.autotest.utility.StringUtils.isEquals(StringUtils.java:110)] amout期望值:+15,000.00;与实际值:+15,000.00相等！
2016-09-02 10:07:10,652 INFO [com.autotest.utility.StringUtils.isEquals(StringUtils.java:110)] type期望值:项目融资;与实际值:项目融资相等！
2016-09-02 10:07:10,652 INFO [com.autotest.testcases.RYS001_Payment.Test(RYS001_Payment.java:247)] 【资金记录数据校验正确！】
2016-09-02 10:07:10,819 INFO [com.autotest.driver.KeyWords.click(KeyWords.java:228)] Click on [By.xpath: //a[contains(@href,'/Account/User/Logout')]]
2016-09-02 10:07:11,715 INFO [com.autotest.driver.KeyWords.isElementVisible(KeyWords.java:148)] [By.xpath: //a[@id='login_button']],元素可见!
2016-09-02 10:07:11,765 INFO [com.autotest.driver.KeyWords.isElementExist(KeyWords.java:167)] [By.xpath: //a[@id='login_button']],元素存在!
2016-09-02 10:07:11,765 INFO [com.autotest.testcases.RYS001_Payment.Test(RYS001_Payment.java:256)] logout successfully
2016-09-02 10:07:11,799 INFO [com.autotest.driver.TestDriver.quitDriver(TestDriver.java:124)] Driver with chrome is closed.
2016-09-02 10:07:15,748 INFO [com.autotest.driver.TestDriver.openReport(TestDriver.java:136)] Open the ReportNG report.
2016-09-02 14:33:09,000 INFO [com.autotest.driver.TestDriver.createDriver(TestDriver.java:111)] ******************************************************************************
2016-09-02 14:33:09,205 INFO [com.autotest.driver.TestDriver.createDriver(TestDriver.java:112)] Create a Driver, Browser:chrome
2016-09-02 14:33:16,194 INFO [com.autotest.driver.TestDriver.quitDriver(TestDriver.java:124)] Driver with chrome is closed.
2016-09-02 14:33:19,975 INFO [com.autotest.driver.TestDriver.openReport(TestDriver.java:136)] Open the ReportNG report.
2016-09-02 14:35:32,097 INFO [com.autotest.driver.TestDriver.createDriver(TestDriver.java:111)] ******************************************************************************
2016-09-02 14:35:32,216 INFO [com.autotest.driver.TestDriver.createDriver(TestDriver.java:112)] Create a Driver, Browser:chrome
2016-09-02 14:35:34,940 INFO [com.autotest.driver.TestDriver.quitDriver(TestDriver.java:124)] Driver with chrome is closed.
2016-09-02 14:35:36,334 INFO [com.autotest.driver.TestDriver.openReport(TestDriver.java:136)] Open the ReportNG report.
2016-09-02 14:47:11,299 INFO [com.autotest.driver.TestDriver.createDriver(TestDriver.java:111)] ******************************************************************************
2016-09-02 14:47:11,303 INFO [com.autotest.driver.TestDriver.createDriver(TestDriver.java:112)] Create a Driver, Browser:chrome
2016-09-02 14:47:25,411 INFO [com.autotest.utility.SSHUtil.sshCurrentTime(SSHUtil.java:52)] ssh已经连接OK
2016-09-02 14:47:26,323 INFO [com.autotest.utility.SSHUtil.sshChangeTime(SSHUtil.java:168)] 服务器时间修改为:2016-09-02 14:55:30
2016-09-02 14:47:32,883 INFO [com.autotest.driver.KeyWords.open(KeyWords.java:119)] open url - http://10.13.28.101/
2016-09-02 14:47:34,195 INFO [com.autotest.driver.KeyWords.click(KeyWords.java:228)] Click on [By.xpath: //a[@id='login_button']]
2016-09-02 14:47:34,889 INFO [com.autotest.driver.KeyWords.isElementVisible(KeyWords.java:148)] [By.xpath: //input[@name='username']],元素可见!
2016-09-02 14:47:35,066 INFO [com.autotest.driver.KeyWords.setValue(KeyWords.java:278)] Set the value of [By.xpath: //input[@name='username']] to [18575461911]
2016-09-02 14:47:35,182 INFO [com.autotest.driver.KeyWords.isElementVisible(KeyWords.java:148)] [By.xpath: //input[@name='pwd']],元素可见!
2016-09-02 14:47:35,345 INFO [com.autotest.driver.KeyWords.setValue(KeyWords.java:278)] Set the value of [By.xpath: //input[@name='pwd']] to [a111111]
2016-09-02 14:47:45,729 ERROR [com.autotest.driver.KeyWords.isElementVisible(KeyWords.java:151)] [By.xpath: //input[@id='authCode']],元素不可见!
2016-09-02 14:47:45,921 INFO [com.autotest.driver.KeyWords.click(KeyWords.java:228)] Click on [By.xpath: //input[@id='normalSub']]
2016-09-02 14:47:47,346 INFO [com.autotest.driver.KeyWords.isElementVisible(KeyWords.java:148)] [By.xpath: //a[contains(@href,'/Account/User/Logout')]],元素可见!
2016-09-02 14:47:47,374 INFO [com.autotest.driver.KeyWords.isElementExist(KeyWords.java:167)] [By.xpath: //a[contains(@href,'/Account/User/Logout')]],元素存在!
2016-09-02 14:47:47,441 INFO [com.autotest.driver.KeyWords.isElementVisible(KeyWords.java:148)] [By.xpath: //div[@id='imptWrap']/span],元素可见!
2016-09-02 14:47:47,482 INFO [com.autotest.driver.KeyWords.isElementExist(KeyWords.java:167)] [By.xpath: //div[@id='imptWrap']/span],元素存在!
2016-09-02 14:47:47,629 INFO [com.autotest.driver.KeyWords.click(KeyWords.java:228)] Click on [By.xpath: //div[@id='imptWrap']/span]
2016-09-02 14:47:47,630 INFO [com.autotest.testcases.RYS001_UserInvest.test(RYS001_UserInvest.java:86)] 18575461911登录成功
2016-09-02 14:47:47,879 INFO [com.autotest.driver.KeyWords.isElementVisible(KeyWords.java:148)] [By.xpath: //li[@class='assets'][1]/p],元素可见!
2016-09-02 14:47:48,063 INFO [com.autotest.driver.KeyWords.isElementVisible(KeyWords.java:148)] [By.xpath: //li[@class='assets'][2]/p],元素可见!
2016-09-02 14:47:48,199 INFO [com.autotest.driver.KeyWords.isElementVisible(KeyWords.java:148)] [By.xpath: //li[@class='assets'][3]/p],元素可见!
2016-09-02 14:47:48,334 INFO [com.autotest.driver.KeyWords.isElementVisible(KeyWords.java:148)] [By.xpath: //li[@class='assets'][4]/p],元素可见!
2016-09-02 14:47:48,471 INFO [com.autotest.driver.KeyWords.isElementVisible(KeyWords.java:148)] [By.className: total],元素可见!
2016-09-02 14:47:48,639 INFO [com.autotest.driver.KeyWords.isElementVisible(KeyWords.java:148)] [By.className: wait],元素可见!
2016-09-02 14:47:48,782 INFO [com.autotest.driver.KeyWords.isElementVisible(KeyWords.java:148)] [By.className: already],元素可见!
2016-09-02 14:47:48,919 INFO [com.autotest.driver.KeyWords.isElementVisible(KeyWords.java:148)] [By.xpath: //a[contains(.,'满减券')]],元素可见!
2016-09-02 14:47:49,056 INFO [com.autotest.driver.KeyWords.isElementVisible(KeyWords.java:148)] [By.xpath: //a[contains(.,'红包')]],元素可见!
2016-09-02 14:47:49,198 INFO [com.autotest.driver.KeyWords.isElementVisible(KeyWords.java:148)] [By.xpath: //a[contains(.,'加息券')]],元素可见!
2016-09-02 14:47:49,323 INFO [com.autotest.driver.KeyWords.isElementVisible(KeyWords.java:148)] [By.xpath: //a[contains(.,'加息券')]],元素可见!
2016-09-02 14:47:49,390 INFO [com.autotest.utility.StringUtils.isEquals(StringUtils.java:110)] balance期望值:50010.47;与实际值:50010.47相等！
2016-09-02 14:47:49,390 INFO [com.autotest.utility.StringUtils.isEquals(StringUtils.java:110)] asset期望值:50010.47;与实际值:50010.47相等！
2016-09-02 14:47:49,391 INFO [com.autotest.utility.StringUtils.isEquals(StringUtils.java:110)] exist_profit期望值:10.47;与实际值:10.47相等！
2016-09-02 14:47:49,391 INFO [com.autotest.utility.StringUtils.isEquals(StringUtils.java:110)] will_profit期望值:0.00;与实际值:0.00相等！
2016-09-02 14:47:49,391 INFO [com.autotest.utility.StringUtils.isEquals(StringUtils.java:110)] bonus_not_use期望值:0.00;与实际值:0.00相等！
2016-09-02 14:47:49,391 INFO [com.autotest.utility.StringUtils.isEquals(StringUtils.java:110)] coupons_not_use期望值:0.00;与实际值:0.00相等！
2016-09-02 14:47:49,392 INFO [com.autotest.utility.StringUtils.isEquals(StringUtils.java:110)] total_profit期望值:10.47;与实际值:10.47相等！
2016-09-02 14:47:49,392 INFO [com.autotest.utility.StringUtils.isEquals(StringUtils.java:110)] total_invest期望值:0.00;与实际值:0.00相等！
2016-09-02 14:47:49,392 INFO [com.autotest.utility.StringUtils.isEquals(StringUtils.java:110)] rate_coupons_not_use期望值:0;与实际值:0相等！
2016-09-02 14:47:49,393 INFO [com.autotest.utility.StringUtils.isEquals(StringUtils.java:110)] invite_partner期望值:0;与实际值:0相等！
2016-09-02 14:47:49,393 INFO [com.autotest.utility.StringUtils.isEquals(StringUtils.java:110)] cash_loan期望值:0.00;与实际值:0.00相等！
2016-09-02 14:47:49,393 INFO [com.autotest.testcases.RYS001_UserInvest.test(RYS001_UserInvest.java:95)] 【账户总览】页面字段校验成功
2016-09-02 14:47:49,597 INFO [com.autotest.driver.KeyWords.click(KeyWords.java:228)] Click on [By.linkText: 投资管理]
2016-09-02 14:47:52,706 INFO [com.autotest.driver.KeyWords.click(KeyWords.java:228)] Click on [By.linkText: 理财记录]
2016-09-02 14:47:53,505 INFO [com.autotest.driver.KeyWords.click(KeyWords.java:228)] Click on [By.linkText: 所有]
2016-09-02 14:48:03,769 ERROR [com.autotest.driver.KeyWords.isElementVisible(KeyWords.java:151)] [By.xpath: //td[contains(text(),'没有相关数据')]],元素不可见!
2016-09-02 14:48:04,347 ERROR [com.autotest.driver.KeyWords.isElementExist(KeyWords.java:170)] [By.xpath: //td[contains(text(),'没有相关数据')]],元素不存在!
2016-09-02 14:48:04,348 ERROR [com.autotest.testcases.RYS001_UserInvest.test(RYS001_UserInvest.java:112)] 【投资管理】存在理财记录
2016-09-02 14:48:04,556 INFO [com.autotest.driver.KeyWords.click(KeyWords.java:228)] Click on [By.linkText: 资金记录]
2016-09-02 14:48:05,329 INFO [com.autotest.driver.KeyWords.click(KeyWords.java:228)] Click on [By.linkText: 收支明细]
2016-09-02 14:48:05,552 INFO [com.autotest.driver.KeyWords.click(KeyWords.java:228)] Click on [By.linkText: 全部]
2016-09-02 14:48:15,631 ERROR [com.autotest.driver.KeyWords.isElementVisible(KeyWords.java:151)] [By.xpath: //td[contains(text(),'没有相关数据')]],元素不可见!
2016-09-02 14:48:16,167 ERROR [com.autotest.driver.KeyWords.isElementExist(KeyWords.java:170)] [By.xpath: //td[contains(text(),'没有相关数据')]],元素不存在!
2016-09-02 14:48:16,167 ERROR [com.autotest.testcases.RYS001_UserInvest.test(RYS001_UserInvest.java:122)] 【投资管理】存在资金记录
2016-09-02 14:48:16,350 INFO [com.autotest.driver.KeyWords.click(KeyWords.java:228)] Click on [By.linkText: 投资理财]
2016-09-02 14:48:16,350 INFO [com.autotest.testcases.RYS001_UserInvest.test(RYS001_UserInvest.java:131)] 查看投资理财界面
2016-09-02 14:48:17,106 INFO [com.autotest.driver.KeyWords.click(KeyWords.java:228)] Click on [By.linkText: 日益升]
2016-09-02 14:48:17,107 INFO [com.autotest.testcases.RYS001_UserInvest.test(RYS001_UserInvest.java:136)] 查看日益升列表
2016-09-02 14:48:21,227 INFO [com.autotest.driver.KeyWords.isElementVisible(KeyWords.java:148)] [By.xpath: //a[text()='>']/preceding-sibling::a[1]],元素可见!
2016-09-02 14:48:21,349 INFO [com.autotest.driver.KeyWords.isElementVisible(KeyWords.java:148)] [By.xpath: //a[contains(text(),'ZYS20160902001')]],元素可见!
2016-09-02 14:48:21,382 INFO [com.autotest.driver.KeyWords.isElementExist(KeyWords.java:167)] [By.xpath: //a[contains(text(),'ZYS20160902001')]],元素存在!
2016-09-02 14:48:21,445 INFO [com.autotest.driver.KeyWords.isElementVisible(KeyWords.java:148)] [By.xpath: //a[contains(text(),'ZYS20160902001')]/ancestor::div[@class='proListLeft']/following-sibling::*/descendant::div[@class='propress-balance']],元素可见!
2016-09-02 14:48:21,521 INFO [com.autotest.testcases.RYS001_UserInvest.test(RYS001_UserInvest.java:148)] 【日益升】产品余额校验成功
2016-09-02 14:48:21,583 INFO [com.autotest.driver.KeyWords.isElementVisible(KeyWords.java:148)] [By.xpath: //a[contains(text(),'ZYS20160902001')]/ancestor::div[@class='proListLeft']/following-sibling::*/descendant::em[@class='propress-data']],元素可见!
2016-09-02 14:48:21,654 INFO [com.autotest.testcases.RYS001_UserInvest.test(RYS001_UserInvest.java:158)] 【日益升】产品投资比例校验成功
2016-09-02 14:48:21,830 INFO [com.autotest.driver.KeyWords.click(KeyWords.java:228)] Click on [By.xpath: //a[contains(text(),'ZYS20160902001')]/ancestor::div[@class='proListLeft']/following-sibling::*/descendant::a[contains(text(),'立即投资')]]
2016-09-02 14:48:22,861 INFO [com.autotest.driver.KeyWords.isElementVisible(KeyWords.java:148)] [By.xpath: //div[@class='collection']/h3/em],元素可见!
2016-09-02 14:48:23,159 INFO [com.autotest.driver.KeyWords.isElementVisible(KeyWords.java:148)] [By.xpath: //div[@class='collection']/p/span],元素可见!
2016-09-02 14:48:23,314 INFO [com.autotest.driver.KeyWords.isElementVisible(KeyWords.java:148)] [By.className: moneytotle],元素可见!
2016-09-02 14:48:23,777 INFO [com.autotest.utility.SSHUtil.sshCurrentTime(SSHUtil.java:52)] ssh已经连接OK
2016-09-02 14:48:24,097 INFO [com.autotest.driver.KeyWords.isElementVisible(KeyWords.java:148)] [By.className: org6e_color],元素可见!
2016-09-02 14:48:24,186 INFO [com.autotest.service.xhhService.InvestFinanceService.checkMapInProDetail(InvestFinanceService.java:450)] 【详情页面】融资截止时间校验成功
2016-09-02 14:48:24,186 INFO [com.autotest.utility.StringUtils.isEquals(StringUtils.java:110)] balance期望值:100000.00;与实际值:100000.00相等！
2016-09-02 14:48:24,186 INFO [com.autotest.utility.StringUtils.isEquals(StringUtils.java:110)] profit_10thous期望值:6.98;与实际值:6.98相等！
2016-09-02 14:48:24,187 INFO [com.autotest.utility.StringUtils.isEquals(StringUtils.java:110)] collect期望值:0.00;与实际值:0.00相等！
2016-09-02 14:48:24,187 INFO [com.autotest.testcases.RYS001_UserInvest.test(RYS001_UserInvest.java:210)] 【详情页面】字段校验成功
2016-09-02 14:48:24,251 INFO [com.autotest.driver.KeyWords.isElementVisible(KeyWords.java:148)] [By.name: money],元素可见!
2016-09-02 14:48:24,450 INFO [com.autotest.driver.KeyWords.setValue(KeyWords.java:278)] Set the value of [By.name: money] to [15000]
2016-09-02 14:48:24,633 INFO [com.autotest.driver.KeyWords.click(KeyWords.java:228)] Click on [By.name: paypwd]
2016-09-02 14:48:24,694 INFO [com.autotest.driver.KeyWords.isElementVisible(KeyWords.java:148)] [By.name: paypwd],元素可见!
2016-09-02 14:48:24,833 INFO [com.autotest.driver.KeyWords.setValue(KeyWords.java:278)] Set the value of [By.name: paypwd] to [123456]
2016-09-02 14:48:25,187 INFO [com.autotest.utility.SSHUtil.sshCurrentDate(SSHUtil.java:103)] ssh已经连接OK
2016-09-02 14:48:25,454 INFO [com.autotest.driver.KeyWords.isElementVisible(KeyWords.java:148)] [By.id: income],元素可见!
2016-09-02 14:48:25,595 INFO [com.autotest.driver.KeyWords.isElementVisible(KeyWords.java:148)] [By.xpath: //em[@data-flag='confirmMoneyTotal']],元素可见!
2016-09-02 14:48:25,728 INFO [com.autotest.driver.KeyWords.isElementVisible(KeyWords.java:148)] [By.xpath: //em[@data-flag='confirmMoneyPay']],元素可见!
2016-09-02 14:48:25,806 INFO [com.autotest.utility.StringUtils.isEquals(StringUtils.java:110)] invest_amount期望值:15000.00;与实际值:15000.00相等！
2016-09-02 14:48:25,806 INFO [com.autotest.utility.StringUtils.isEquals(StringUtils.java:110)] expect_income期望值:10.47;与实际值:10.47相等！
2016-09-02 14:48:25,806 INFO [com.autotest.utility.StringUtils.isEquals(StringUtils.java:110)] acct_pay期望值:15000.00;与实际值:15000.00相等！
2016-09-02 14:48:25,806 INFO [com.autotest.testcases.RYS001_UserInvest.test(RYS001_UserInvest.java:229)] 【投资确认】页面数据校验成功
2016-09-02 14:48:25,996 INFO [com.autotest.driver.KeyWords.click(KeyWords.java:228)] Click on [By.className: btns]
2016-09-02 14:48:27,150 ERROR [com.autotest.utility.StringUtils.isEquals(StringUtils.java:81)] 期望值:我要理财-投资成功;与实际值:日益升 -鑫股一号-鑫合汇不等！
2016-09-02 14:48:27,257 INFO [com.autotest.driver.KeyWords.isElementVisible(KeyWords.java:148)] [By.cssSelector: .invest-success-msg.tac>dt],元素可见!
2016-09-02 14:48:27,378 ERROR [com.autotest.testcases.RYS001_UserInvest.test(RYS001_UserInvest.java:242)] 用户18575461911投资失败
2016-09-02 14:48:27,973 INFO [com.autotest.testcases.RYS001_UserInvest.test(RYS001_UserInvest.java:244)] Screenshot path: E:\12345\web_automation\snapshot\Chrome Thread1_20160902144827.jpg
2016-09-02 14:48:27,974 ERROR [com.autotest.testcases.RYS001_UserInvest.test(RYS001_UserInvest.java:341)] 投资失败
java.lang.Exception: 投资失败
	at com.autotest.testcases.RYS001_UserInvest.test(RYS001_UserInvest.java:246)
	at sun.reflect.NativeMethodAccessorImpl.invoke0(Native Method)
	at sun.reflect.NativeMethodAccessorImpl.invoke(Unknown Source)
	at sun.reflect.DelegatingMethodAccessorImpl.invoke(Unknown Source)
	at java.lang.reflect.Method.invoke(Unknown Source)
	at org.testng.internal.MethodInvocationHelper.invokeMethod(MethodInvocationHelper.java:80)
	at org.testng.internal.Invoker.invokeMethod(Invoker.java:702)
	at org.testng.internal.Invoker.invokeTestMethod(Invoker.java:894)
	at org.testng.internal.Invoker.invokeTestMethods(Invoker.java:1219)
	at org.testng.internal.TestMethodWorker.invokeTestMethods(TestMethodWorker.java:127)
	at org.testng.internal.TestMethodWorker.run(TestMethodWorker.java:111)
	at org.testng.TestRunner.privateRun(TestRunner.java:768)
	at org.testng.TestRunner.run(TestRunner.java:617)
	at org.testng.SuiteRunner.runTest(SuiteRunner.java:334)
	at org.testng.SuiteRunner.access$000(SuiteRunner.java:37)
	at org.testng.SuiteRunner$SuiteWorker.run(SuiteRunner.java:368)
	at org.testng.internal.thread.ThreadUtil$2.call(ThreadUtil.java:64)
	at java.util.concurrent.FutureTask.run(Unknown Source)
	at java.util.concurrent.ThreadPoolExecutor.runWorker(Unknown Source)
	at java.util.concurrent.ThreadPoolExecutor$Worker.run(Unknown Source)
	at java.lang.Thread.run(Unknown Source)
2016-09-02 14:48:28,212 INFO [com.autotest.testcases.RYS001_UserInvest.test(RYS001_UserInvest.java:342)] Screenshot path: E:\12345\web_automation\snapshot\Chrome Thread1_20160902144827.jpg
2016-09-02 14:48:28,220 INFO [com.autotest.driver.TestDriver.quitDriver(TestDriver.java:124)] Driver with chrome is closed.
2016-09-02 14:48:30,272 INFO [com.autotest.driver.TestDriver.openReport(TestDriver.java:136)] Open the ReportNG report.
2016-09-02 15:52:38,277 INFO [com.autotest.driver.TestDriver.createDriver(TestDriver.java:111)] ******************************************************************************
2016-09-02 15:52:38,282 INFO [com.autotest.driver.TestDriver.createDriver(TestDriver.java:112)] Create a Driver, Browser:chrome
2016-09-02 15:52:42,285 INFO [com.autotest.utility.DbUtil.querySingleData(DbUtil.java:99)] Query with SQL - [select product_name product_code from product_temp where product_id='RYS001'] Successfully!
2016-09-02 15:52:42,298 INFO [com.autotest.utility.DbUtil.queryDataList(DbUtil.java:141)] Query with SQL - [select user_temp.uid,user_product.invest_amount from user_temp left join user_product on user_product.user_number=user_temp.user_number where product_number='RYS001'] Successfully!
2016-09-02 15:52:42,310 INFO [com.autotest.utility.DbUtil.querySingleData(DbUtil.java:99)] Query with SQL - [select * from user where id='80'] Successfully!
2016-09-02 15:52:42,323 INFO [com.autotest.utility.DbUtil.querySingleData(DbUtil.java:99)] Query with SQL - [select * from productinfo where prj_name='ZYS20160902002'] Successfully!
2016-09-02 15:52:42,719 INFO [com.autotest.utility.SSHUtil.sshCurrentTime(SSHUtil.java:52)] ssh已经连接OK
2016-09-02 15:52:46,320 INFO [com.autotest.driver.KeyWords.open(KeyWords.java:119)] open url - http://10.13.28.101/
2016-09-02 15:52:48,658 INFO [com.autotest.driver.KeyWords.click(KeyWords.java:228)] Click on [By.xpath: //a[@id='login_button']]
2016-09-02 15:52:49,448 INFO [com.autotest.driver.KeyWords.isElementVisible(KeyWords.java:148)] [By.xpath: //input[@name='username']],元素可见!
2016-09-02 15:52:51,061 INFO [com.autotest.driver.KeyWords.setValue(KeyWords.java:278)] Set the value of [By.xpath: //input[@name='username']] to [18314512254]
2016-09-02 15:52:51,570 INFO [com.autotest.driver.KeyWords.isElementVisible(KeyWords.java:148)] [By.xpath: //input[@name='pwd']],元素可见!
2016-09-02 15:52:52,956 INFO [com.autotest.driver.KeyWords.setValue(KeyWords.java:278)] Set the value of [By.xpath: //input[@name='pwd']] to [a111111]
2016-09-02 15:53:03,471 ERROR [com.autotest.driver.KeyWords.isElementVisible(KeyWords.java:151)] [By.xpath: //input[@id='authCode']],元素不可见!
2016-09-02 15:53:05,291 INFO [com.autotest.driver.KeyWords.click(KeyWords.java:228)] Click on [By.xpath: //input[@id='normalSub']]
2016-09-02 15:53:07,768 INFO [com.autotest.driver.KeyWords.isElementVisible(KeyWords.java:148)] [By.xpath: //a[contains(@href,'/Account/User/Logout')]],元素可见!
2016-09-02 15:53:08,041 INFO [com.autotest.driver.KeyWords.isElementExist(KeyWords.java:167)] [By.xpath: //a[contains(@href,'/Account/User/Logout')]],元素存在!
2016-09-02 15:53:08,383 INFO [com.autotest.driver.KeyWords.isElementVisible(KeyWords.java:148)] [By.xpath: //div[@id='imptWrap']/span],元素可见!
2016-09-02 15:53:08,783 INFO [com.autotest.driver.KeyWords.isElementExist(KeyWords.java:167)] [By.xpath: //div[@id='imptWrap']/span],元素存在!
2016-09-02 15:53:09,986 INFO [com.autotest.driver.KeyWords.click(KeyWords.java:228)] Click on [By.xpath: //div[@id='imptWrap']/span]
2016-09-02 15:53:09,987 INFO [com.autotest.testcases.RYS001_UserInvest.test(RYS001_UserInvest.java:86)] 18314512254登录成功
2016-09-02 15:53:10,003 INFO [com.autotest.utility.DbUtil.querySingleData(DbUtil.java:99)] Query with SQL - [select * from user_acct where uid='80'] Successfully!
2016-09-02 15:53:10,072 INFO [com.autotest.driver.KeyWords.isElementVisible(KeyWords.java:148)] [By.xpath: //li[@class='assets'][1]/p],元素可见!
2016-09-02 15:53:10,206 INFO [com.autotest.driver.KeyWords.isElementVisible(KeyWords.java:148)] [By.xpath: //li[@class='assets'][2]/p],元素可见!
2016-09-02 15:53:10,335 INFO [com.autotest.driver.KeyWords.isElementVisible(KeyWords.java:148)] [By.xpath: //li[@class='assets'][3]/p],元素可见!
2016-09-02 15:53:10,467 INFO [com.autotest.driver.KeyWords.isElementVisible(KeyWords.java:148)] [By.xpath: //li[@class='assets'][4]/p],元素可见!
2016-09-02 15:53:10,598 INFO [com.autotest.driver.KeyWords.isElementVisible(KeyWords.java:148)] [By.className: total],元素可见!
2016-09-02 15:53:10,727 INFO [com.autotest.driver.KeyWords.isElementVisible(KeyWords.java:148)] [By.className: wait],元素可见!
2016-09-02 15:53:10,868 INFO [com.autotest.driver.KeyWords.isElementVisible(KeyWords.java:148)] [By.className: already],元素可见!
2016-09-02 15:53:11,001 INFO [com.autotest.driver.KeyWords.isElementVisible(KeyWords.java:148)] [By.xpath: //a[contains(.,'满减券')]],元素可见!
2016-09-02 15:53:11,132 INFO [com.autotest.driver.KeyWords.isElementVisible(KeyWords.java:148)] [By.xpath: //a[contains(.,'红包')]],元素可见!
2016-09-02 15:53:11,266 INFO [com.autotest.driver.KeyWords.isElementVisible(KeyWords.java:148)] [By.xpath: //a[contains(.,'加息券')]],元素可见!
2016-09-02 15:53:11,386 INFO [com.autotest.driver.KeyWords.isElementVisible(KeyWords.java:148)] [By.xpath: //a[contains(.,'加息券')]],元素可见!
2016-09-02 15:53:11,445 INFO [com.autotest.utility.StringUtils.isEquals(StringUtils.java:110)] balance期望值:50000.00;与实际值:50000.00相等！
2016-09-02 15:53:11,445 INFO [com.autotest.utility.StringUtils.isEquals(StringUtils.java:110)] asset期望值:50000.00;与实际值:50000.00相等！
2016-09-02 15:53:11,445 INFO [com.autotest.utility.StringUtils.isEquals(StringUtils.java:110)] exist_profit期望值:0.00;与实际值:0.00相等！
2016-09-02 15:53:11,445 INFO [com.autotest.utility.StringUtils.isEquals(StringUtils.java:110)] will_profit期望值:0.00;与实际值:0.00相等！
2016-09-02 15:53:11,446 INFO [com.autotest.utility.StringUtils.isEquals(StringUtils.java:110)] bonus_not_use期望值:0.00;与实际值:0.00相等！
2016-09-02 15:53:11,446 INFO [com.autotest.utility.StringUtils.isEquals(StringUtils.java:110)] coupons_not_use期望值:0.00;与实际值:0.00相等！
2016-09-02 15:53:11,446 INFO [com.autotest.utility.StringUtils.isEquals(StringUtils.java:110)] total_profit期望值:0.00;与实际值:0.00相等！
2016-09-02 15:53:11,446 INFO [com.autotest.utility.StringUtils.isEquals(StringUtils.java:110)] total_invest期望值:0.00;与实际值:0.00相等！
2016-09-02 15:53:11,446 INFO [com.autotest.utility.StringUtils.isEquals(StringUtils.java:110)] rate_coupons_not_use期望值:0;与实际值:0相等！
2016-09-02 15:53:11,446 INFO [com.autotest.utility.StringUtils.isEquals(StringUtils.java:110)] invite_partner期望值:0;与实际值:0相等！
2016-09-02 15:53:11,447 INFO [com.autotest.utility.StringUtils.isEquals(StringUtils.java:110)] cash_loan期望值:0.00;与实际值:0.00相等！
2016-09-02 15:53:11,447 INFO [com.autotest.testcases.RYS001_UserInvest.test(RYS001_UserInvest.java:95)] 【账户总览】页面字段校验成功
2016-09-02 15:53:11,651 INFO [com.autotest.driver.KeyWords.click(KeyWords.java:228)] Click on [By.linkText: 投资管理]
2016-09-02 15:53:13,369 INFO [com.autotest.driver.KeyWords.click(KeyWords.java:228)] Click on [By.linkText: 理财记录]
2016-09-02 15:53:14,092 INFO [com.autotest.driver.KeyWords.click(KeyWords.java:228)] Click on [By.linkText: 所有]
2016-09-02 15:53:15,231 INFO [com.autotest.driver.KeyWords.isElementVisible(KeyWords.java:148)] [By.xpath: //td[contains(text(),'没有相关数据')]],元素可见!
2016-09-02 15:53:15,252 INFO [com.autotest.driver.KeyWords.isElementExist(KeyWords.java:167)] [By.xpath: //td[contains(text(),'没有相关数据')]],元素存在!
2016-09-02 15:53:15,253 INFO [com.autotest.testcases.RYS001_UserInvest.test(RYS001_UserInvest.java:110)] 【投资管理】不存在理财记录
2016-09-02 15:53:15,455 INFO [com.autotest.driver.KeyWords.click(KeyWords.java:228)] Click on [By.linkText: 资金记录]
2016-09-02 15:53:16,207 INFO [com.autotest.driver.KeyWords.click(KeyWords.java:228)] Click on [By.linkText: 收支明细]
2016-09-02 15:53:16,431 INFO [com.autotest.driver.KeyWords.click(KeyWords.java:228)] Click on [By.linkText: 全部]
2016-09-02 15:53:17,540 INFO [com.autotest.driver.KeyWords.isElementVisible(KeyWords.java:148)] [By.xpath: //td[contains(text(),'没有相关数据')]],元素可见!
2016-09-02 15:53:17,561 INFO [com.autotest.driver.KeyWords.isElementExist(KeyWords.java:167)] [By.xpath: //td[contains(text(),'没有相关数据')]],元素存在!
2016-09-02 15:53:17,562 INFO [com.autotest.testcases.RYS001_UserInvest.test(RYS001_UserInvest.java:120)] 【投资管理】不存在资金记录
2016-09-02 15:53:17,740 INFO [com.autotest.driver.KeyWords.click(KeyWords.java:228)] Click on [By.linkText: 投资理财]
2016-09-02 15:53:17,740 INFO [com.autotest.testcases.RYS001_UserInvest.test(RYS001_UserInvest.java:131)] 查看投资理财界面
2016-09-02 15:53:18,514 INFO [com.autotest.driver.KeyWords.click(KeyWords.java:228)] Click on [By.linkText: 日益升]
2016-09-02 15:53:18,514 INFO [com.autotest.testcases.RYS001_UserInvest.test(RYS001_UserInvest.java:136)] 查看日益升列表
2016-09-02 15:53:19,923 INFO [com.autotest.driver.KeyWords.isElementVisible(KeyWords.java:148)] [By.xpath: //a[text()='>']/preceding-sibling::a[1]],元素可见!
2016-09-02 15:53:20,041 INFO [com.autotest.driver.KeyWords.isElementVisible(KeyWords.java:148)] [By.xpath: //a[contains(text(),'ZYS20160902002')]],元素可见!
2016-09-02 15:53:20,075 INFO [com.autotest.driver.KeyWords.isElementExist(KeyWords.java:167)] [By.xpath: //a[contains(text(),'ZYS20160902002')]],元素存在!
2016-09-02 15:53:20,137 INFO [com.autotest.driver.KeyWords.isElementVisible(KeyWords.java:148)] [By.xpath: //a[contains(text(),'ZYS20160902002')]/ancestor::div[@class='proListLeft']/following-sibling::*/descendant::div[@class='propress-balance']],元素可见!
2016-09-02 15:53:20,212 INFO [com.autotest.testcases.RYS001_UserInvest.test(RYS001_UserInvest.java:148)] 【日益升】产品余额校验成功
2016-09-02 15:53:20,271 INFO [com.autotest.driver.KeyWords.isElementVisible(KeyWords.java:148)] [By.xpath: //a[contains(text(),'ZYS20160902002')]/ancestor::div[@class='proListLeft']/following-sibling::*/descendant::em[@class='propress-data']],元素可见!
2016-09-02 15:53:20,339 INFO [com.autotest.testcases.RYS001_UserInvest.test(RYS001_UserInvest.java:158)] 【日益升】产品投资比例校验成功
2016-09-02 15:53:20,518 INFO [com.autotest.driver.KeyWords.click(KeyWords.java:228)] Click on [By.xpath: //a[contains(text(),'ZYS20160902002')]/ancestor::div[@class='proListLeft']/following-sibling::*/descendant::a[contains(text(),'立即投资')]]
2016-09-02 15:53:21,765 INFO [com.autotest.driver.KeyWords.isElementVisible(KeyWords.java:148)] [By.xpath: //div[@class='collection']/h3/em],元素可见!
2016-09-02 15:53:21,915 INFO [com.autotest.driver.KeyWords.isElementVisible(KeyWords.java:148)] [By.xpath: //div[@class='collection']/p/span],元素可见!
2016-09-02 15:53:22,046 INFO [com.autotest.driver.KeyWords.isElementVisible(KeyWords.java:148)] [By.className: moneytotle],元素可见!
2016-09-02 15:53:22,459 INFO [com.autotest.utility.SSHUtil.sshCurrentTime(SSHUtil.java:52)] ssh已经连接OK
2016-09-02 15:53:22,731 INFO [com.autotest.driver.KeyWords.isElementVisible(KeyWords.java:148)] [By.className: org6e_color],元素可见!
2016-09-02 15:53:23,837 INFO [com.autotest.driver.KeyWords.isElementVisible(KeyWords.java:148)] [By.className: org6e_color],元素可见!
2016-09-02 15:53:24,913 INFO [com.autotest.driver.KeyWords.isElementVisible(KeyWords.java:148)] [By.className: org6e_color],元素可见!
2016-09-02 15:53:25,991 INFO [com.autotest.driver.KeyWords.isElementVisible(KeyWords.java:148)] [By.className: org6e_color],元素可见!
2016-09-02 15:53:27,067 INFO [com.autotest.driver.KeyWords.isElementVisible(KeyWords.java:148)] [By.className: org6e_color],元素可见!
2016-09-02 15:53:28,139 INFO [com.autotest.driver.KeyWords.isElementVisible(KeyWords.java:148)] [By.className: org6e_color],元素可见!
2016-09-02 15:53:29,212 INFO [com.autotest.driver.KeyWords.isElementVisible(KeyWords.java:148)] [By.className: org6e_color],元素可见!
2016-09-02 15:53:30,286 INFO [com.autotest.driver.KeyWords.isElementVisible(KeyWords.java:148)] [By.className: org6e_color],元素可见!
2016-09-02 15:53:31,357 INFO [com.autotest.driver.KeyWords.isElementVisible(KeyWords.java:148)] [By.className: org6e_color],元素可见!
2016-09-02 15:53:32,429 INFO [com.autotest.driver.KeyWords.isElementVisible(KeyWords.java:148)] [By.className: org6e_color],元素可见!
2016-09-02 15:53:33,499 INFO [com.autotest.driver.KeyWords.isElementVisible(KeyWords.java:148)] [By.className: org6e_color],元素可见!
2016-09-02 15:53:34,575 INFO [com.autotest.driver.KeyWords.isElementVisible(KeyWords.java:148)] [By.className: org6e_color],元素可见!
2016-09-02 15:53:35,650 INFO [com.autotest.driver.KeyWords.isElementVisible(KeyWords.java:148)] [By.className: org6e_color],元素可见!
2016-09-02 15:53:36,729 INFO [com.autotest.driver.KeyWords.isElementVisible(KeyWords.java:148)] [By.className: org6e_color],元素可见!
2016-09-02 15:53:37,801 INFO [com.autotest.driver.KeyWords.isElementVisible(KeyWords.java:148)] [By.className: org6e_color],元素可见!
2016-09-02 15:53:38,897 INFO [com.autotest.driver.KeyWords.isElementVisible(KeyWords.java:148)] [By.className: org6e_color],元素可见!
2016-09-02 15:53:39,970 INFO [com.autotest.driver.KeyWords.isElementVisible(KeyWords.java:148)] [By.className: org6e_color],元素可见!
2016-09-02 15:53:41,042 INFO [com.autotest.driver.KeyWords.isElementVisible(KeyWords.java:148)] [By.className: org6e_color],元素可见!
2016-09-02 15:53:42,114 INFO [com.autotest.driver.KeyWords.isElementVisible(KeyWords.java:148)] [By.className: org6e_color],元素可见!
2016-09-02 15:53:43,189 INFO [com.autotest.driver.KeyWords.isElementVisible(KeyWords.java:148)] [By.className: org6e_color],元素可见!
2016-09-02 15:53:44,265 INFO [com.autotest.driver.KeyWords.isElementVisible(KeyWords.java:148)] [By.className: org6e_color],元素可见!
2016-09-02 15:53:45,339 INFO [com.autotest.driver.KeyWords.isElementVisible(KeyWords.java:148)] [By.className: org6e_color],元素可见!
2016-09-02 15:53:46,418 INFO [com.autotest.driver.KeyWords.isElementVisible(KeyWords.java:148)] [By.className: org6e_color],元素可见!
2016-09-02 15:53:47,490 INFO [com.autotest.driver.KeyWords.isElementVisible(KeyWords.java:148)] [By.className: org6e_color],元素可见!
