[2016-08-31 09:30:16][INFO][Firefox Thread1][TestDriver.java][96] - ******************************************************************************
[2016-08-31 09:30:16][INFO][Firefox Thread1][TestDriver.java][97] - Create a Driver, Browser:firefox
[2016-08-31 09:30:19][INFO][Firefox Thread1][KeyWords.java][119] - open url - http://10.13.28.101/
[2016-08-31 09:30:20][INFO][Firefox Thread1][KeyWords.java][228] - Click on [By.xpath: //div[@id='navBox']/div/div[2]/a[2]]
[2016-08-31 09:30:21][INFO][Firefox Thread1][KeyWords.java][148] - [By.xpath: //form[@id='formId_Account_User_Register']/div[1]/div/ul[1]/li[2]/span//input[@name='mobile']],元素可见!
[2016-08-31 09:30:21][INFO][Firefox Thread1][KeyWords.java][278] - Set the value of [By.xpath: //form[@id='formId_Account_User_Register']/div[1]/div/ul[1]/li[2]/span//input[@name='mobile']] to [14356343198]
[2016-08-31 09:30:22][INFO][Firefox Thread1][KeyWords.java][148] - [By.xpath: //input[@id='password']],元素可见!
[2016-08-31 09:30:22][INFO][Firefox Thread1][KeyWords.java][278] - Set the value of [By.xpath: //input[@id='password']] to [a111111]
[2016-08-31 09:30:32][INFO][Firefox Thread1][KeyWords.java][228] - Click on [By.xpath: //form[@id='formId_Account_User_Register']/div[1]/div/ul[1]/li[6]/span/span[1]/a[1]]
[2016-08-31 09:30:43][ERROR][Firefox Thread1][KeyWords.java][151] - [By.id: colorboxClose],元素不可见!
[2016-08-31 09:31:09][INFO][Firefox Thread1][TestDriver.java][96] - ******************************************************************************
[2016-08-31 09:31:09][INFO][Firefox Thread1][TestDriver.java][97] - Create a Driver, Browser:firefox
[2016-08-31 09:31:13][INFO][Firefox Thread1][KeyWords.java][119] - open url - http://10.13.28.101/
[2016-08-31 09:31:15][INFO][Firefox Thread1][KeyWords.java][228] - Click on [By.xpath: //div[@id='navBox']/div/div[2]/a[2]]
[2016-08-31 09:31:15][INFO][Firefox Thread1][KeyWords.java][148] - [By.xpath: //form[@id='formId_Account_User_Register']/div[1]/div/ul[1]/li[2]/span//input[@name='mobile']],元素可见!
[2016-08-31 09:31:15][INFO][Firefox Thread1][KeyWords.java][278] - Set the value of [By.xpath: //form[@id='formId_Account_User_Register']/div[1]/div/ul[1]/li[2]/span//input[@name='mobile']] to [14997539183]
[2016-08-31 09:31:16][INFO][Firefox Thread1][KeyWords.java][148] - [By.xpath: //input[@id='password']],元素可见!
[2016-08-31 09:31:17][INFO][Firefox Thread1][KeyWords.java][278] - Set the value of [By.xpath: //input[@id='password']] to [a111111]
[2016-08-31 09:31:27][INFO][Firefox Thread1][KeyWords.java][228] - Click on [By.xpath: //form[@id='formId_Account_User_Register']/div[1]/div/ul[1]/li[6]/span/span[1]/a[1]]
[2016-08-31 09:31:28][INFO][Firefox Thread1][KeyWords.java][148] - [By.id: colorboxClose],元素可见!
[2016-08-31 09:31:28][INFO][Firefox Thread1][KeyWords.java][228] - Click on [By.id: colorboxClose]
[2016-08-31 09:31:29][INFO][Firefox Thread1][KeyWords.java][148] - [By.xpath: //form[@id='formId_Account_User_Register']/div[1]/div/ul[1]/li[6]/span/span[1]//input[@name='code']],元素可见!
[2016-08-31 09:31:29][INFO][Firefox Thread1][KeyWords.java][278] - Set the value of [By.xpath: //form[@id='formId_Account_User_Register']/div[1]/div/ul[1]/li[6]/span/span[1]//input[@name='code']] to [963021]
[2016-08-31 09:31:29][INFO][Firefox Thread1][KeyWords.java][148] - [By.xpath: //input[contains(@value,'注 册')]],元素可见!
[2016-08-31 09:31:31][INFO][Firefox Thread1][KeyWords.java][228] - Click on [By.xpath: //input[contains(@value,'注 册')]]
[2016-08-31 09:31:42][ERROR][Firefox Thread1][KeyWords.java][151] - [By.xpath: //a[contains(@href,'/Account/User/Logout')]],元素不可见!
[2016-08-31 09:31:42][ERROR][Firefox Thread1][KeyWords.java][170] - [By.xpath: //a[contains(@href,'/Account/User/Logout')]],元素不存在!
[2016-08-31 10:07:48][INFO][Firefox Thread1][TestDriver.java][96] - ******************************************************************************
[2016-08-31 10:07:48][INFO][Firefox Thread1][TestDriver.java][97] - Create a Driver, Browser:firefox
[2016-08-31 10:07:53][INFO][Firefox Thread1][KeyWords.java][119] - open url - http://10.13.28.101/
[2016-08-31 10:07:55][INFO][Firefox Thread1][KeyWords.java][228] - Click on [By.xpath: //div[@id='navBox']/div/div[2]/a[2]]
[2016-08-31 10:07:55][INFO][Firefox Thread1][KeyWords.java][148] - [By.xpath: //form[@id='formId_Account_User_Register']/div[1]/div/ul[1]/li[2]/span//input[@name='mobile']],元素可见!
[2016-08-31 10:07:55][INFO][Firefox Thread1][KeyWords.java][278] - Set the value of [By.xpath: //form[@id='formId_Account_User_Register']/div[1]/div/ul[1]/li[2]/span//input[@name='mobile']] to [14259471140]
[2016-08-31 10:07:57][INFO][Firefox Thread1][KeyWords.java][148] - [By.xpath: //input[@id='password']],元素可见!
[2016-08-31 10:07:57][INFO][Firefox Thread1][KeyWords.java][278] - Set the value of [By.xpath: //input[@id='password']] to [a111111]
[2016-08-31 10:42:38][INFO][Firefox Thread1][TestDriver.java][96] - ******************************************************************************
[2016-08-31 10:42:38][INFO][Firefox Thread1][TestDriver.java][97] - Create a Driver, Browser:firefox
[2016-08-31 10:42:41][INFO][Firefox Thread1][KeyWords.java][119] - open url - http://10.13.28.101/
[2016-08-31 10:42:43][INFO][Firefox Thread1][KeyWords.java][228] - Click on [By.xpath: //div[@id='navBox']/div/div[2]/a[2]]
[2016-08-31 10:42:43][INFO][Firefox Thread1][KeyWords.java][148] - [By.xpath: //form[@id='formId_Account_User_Register']/div[1]/div/ul[1]/li[2]/span//input[@name='mobile']],元素可见!
[2016-08-31 10:42:43][INFO][Firefox Thread1][KeyWords.java][278] - Set the value of [By.xpath: //form[@id='formId_Account_User_Register']/div[1]/div/ul[1]/li[2]/span//input[@name='mobile']] to [18994996161]
[2016-08-31 10:42:44][INFO][Firefox Thread1][KeyWords.java][148] - [By.xpath: //input[@id='password']],元素可见!
[2016-08-31 10:42:45][INFO][Firefox Thread1][KeyWords.java][278] - Set the value of [By.xpath: //input[@id='password']] to [a111111]
[2016-08-31 10:42:55][INFO][Firefox Thread1][KeyWords.java][228] - Click on [By.xpath: //form[@id='formId_Account_User_Register']/div[1]/div/ul[1]/li[6]/span/span[1]/a[1]]
[2016-08-31 10:42:56][INFO][Firefox Thread1][KeyWords.java][148] - [By.id: colorboxClose],元素可见!
[2016-08-31 10:42:56][INFO][Firefox Thread1][KeyWords.java][228] - Click on [By.id: colorboxClose]
[2016-08-31 10:42:57][INFO][Firefox Thread1][KeyWords.java][148] - [By.xpath: //form[@id='formId_Account_User_Register']/div[1]/div/ul[1]/li[6]/span/span[1]//input[@name='code']],元素可见!
[2016-08-31 10:42:57][INFO][Firefox Thread1][KeyWords.java][278] - Set the value of [By.xpath: //form[@id='formId_Account_User_Register']/div[1]/div/ul[1]/li[6]/span/span[1]//input[@name='code']] to [449362]
[2016-08-31 10:42:57][INFO][Firefox Thread1][KeyWords.java][148] - [By.xpath: //input[contains(@value,'注 册')]],元素可见!
[2016-08-31 10:42:59][INFO][Firefox Thread1][KeyWords.java][228] - Click on [By.xpath: //input[contains(@value,'注 册')]]
[2016-08-31 10:43:27][INFO][Firefox Thread1][TestDriver.java][96] - ******************************************************************************
[2016-08-31 10:43:27][INFO][Firefox Thread1][TestDriver.java][97] - Create a Driver, Browser:firefox
[2016-08-31 10:43:32][INFO][Firefox Thread1][KeyWords.java][119] - open url - http://10.13.28.101/
[2016-08-31 10:43:33][INFO][Firefox Thread1][KeyWords.java][228] - Click on [By.xpath: //div[@id='navBox']/div/div[2]/a[2]]
[2016-08-31 10:43:33][INFO][Firefox Thread1][KeyWords.java][148] - [By.xpath: //form[@id='formId_Account_User_Register']/div[1]/div/ul[1]/li[2]/span//input[@name='mobile']],元素可见!
[2016-08-31 10:43:33][INFO][Firefox Thread1][KeyWords.java][278] - Set the value of [By.xpath: //form[@id='formId_Account_User_Register']/div[1]/div/ul[1]/li[2]/span//input[@name='mobile']] to [13026439610]
[2016-08-31 10:43:34][INFO][Firefox Thread1][KeyWords.java][148] - [By.xpath: //input[@id='password']],元素可见!
[2016-08-31 10:43:35][INFO][Firefox Thread1][KeyWords.java][278] - Set the value of [By.xpath: //input[@id='password']] to [a111111]
[2016-08-31 10:43:45][INFO][Firefox Thread1][KeyWords.java][228] - Click on [By.xpath: //form[@id='formId_Account_User_Register']/div[1]/div/ul[1]/li[6]/span/span[1]/a[1]]
[2016-08-31 10:43:55][ERROR][Firefox Thread1][KeyWords.java][151] - [By.id: colorboxClose],元素不可见!
[2016-08-31 10:44:05][ERROR][Firefox Thread1][UserRegistration.java][91] - Error communicating with the remote browser. It may have died.
Build info: version: '2.53.0', revision: '35ae25b', time: '2016-03-15 17:00:58'
System info: host: 'WB0005-1', ip: '10.15.168.57', os.name: 'Windows 7', os.arch: 'x86', os.version: '6.1', java.version: '1.7.0_51'
Driver info: driver.version: EventFiringWebDriver
Session ID: c47422f0-7406-4122-960a-70b5a98673f0
Capabilities [{platform=WINDOWS, acceptSslCerts=true, javascriptEnabled=true, cssSelectorsEnabled=true, databaseEnabled=true, browserName=firefox, handlesAlerts=true, browserConnectionEnabled=true, nativeEvents=false, webStorageEnabled=true, rotatable=false, locationContextEnabled=true, applicationCacheEnabled=true, takesScreenshot=true, version=22.0}]
Command duration or timeout: 1.40 seconds
Build info: version: '2.53.0', revision: '35ae25b', time: '2016-03-15 17:00:58'
System info: host: 'WB0005-1', ip: '10.15.168.57', os.name: 'Windows 7', os.arch: 'x86', os.version: '6.1', java.version: '1.7.0_51'
*** Element info: {Using=id, value=colorboxClose}
Session ID: 49f4d8d1-947f-41f3-ba6c-7daa2cdb0cb4
Driver info: org.openqa.selenium.remote.RemoteWebDriver
Capabilities [{platform=WINDOWS, javascriptEnabled=true, acceptSslCerts=true, browserName=firefox, rotatable=false, locationContextEnabled=true, webdriver.remote.sessionid=49f4d8d1-947f-41f3-ba6c-7daa2cdb0cb4, version=22.0, databaseEnabled=true, cssSelectorsEnabled=true, handlesAlerts=true, browserConnectionEnabled=true, nativeEvents=false, webStorageEnabled=true, applicationCacheEnabled=true, takesScreenshot=true}]
org.openqa.selenium.WebDriverException: Error communicating with the remote browser. It may have died.
Build info: version: '2.53.0', revision: '35ae25b', time: '2016-03-15 17:00:58'
System info: host: 'WB0005-1', ip: '10.15.168.57', os.name: 'Windows 7', os.arch: 'x86', os.version: '6.1', java.version: '1.7.0_51'
Driver info: driver.version: EventFiringWebDriver
Session ID: c47422f0-7406-4122-960a-70b5a98673f0
Capabilities [{platform=WINDOWS, acceptSslCerts=true, javascriptEnabled=true, cssSelectorsEnabled=true, databaseEnabled=true, browserName=firefox, handlesAlerts=true, browserConnectionEnabled=true, nativeEvents=false, webStorageEnabled=true, rotatable=false, locationContextEnabled=true, applicationCacheEnabled=true, takesScreenshot=true, version=22.0}]
Command duration or timeout: 1.40 seconds
Build info: version: '2.53.0', revision: '35ae25b', time: '2016-03-15 17:00:58'
System info: host: 'WB0005-1', ip: '10.15.168.57', os.name: 'Windows 7', os.arch: 'x86', os.version: '6.1', java.version: '1.7.0_51'
*** Element info: {Using=id, value=colorboxClose}
Session ID: 49f4d8d1-947f-41f3-ba6c-7daa2cdb0cb4
Driver info: org.openqa.selenium.remote.RemoteWebDriver
Capabilities [{platform=WINDOWS, javascriptEnabled=true, acceptSslCerts=true, browserName=firefox, rotatable=false, locationContextEnabled=true, webdriver.remote.sessionid=49f4d8d1-947f-41f3-ba6c-7daa2cdb0cb4, version=22.0, databaseEnabled=true, cssSelectorsEnabled=true, handlesAlerts=true, browserConnectionEnabled=true, nativeEvents=false, webStorageEnabled=true, applicationCacheEnabled=true, takesScreenshot=true}]
	at sun.reflect.NativeConstructorAccessorImpl.newInstance0(Native Method)
	at sun.reflect.NativeConstructorAccessorImpl.newInstance(Unknown Source)
	at sun.reflect.DelegatingConstructorAccessorImpl.newInstance(Unknown Source)
	at java.lang.reflect.Constructor.newInstance(Unknown Source)
	at org.openqa.selenium.remote.ErrorHandler.createThrowable(ErrorHandler.java:206)
	at org.openqa.selenium.remote.ErrorHandler.throwIfResponseFailed(ErrorHandler.java:158)
	at org.openqa.selenium.remote.RemoteWebDriver.execute(RemoteWebDriver.java:678)
	at org.openqa.selenium.remote.RemoteWebDriver.findElement(RemoteWebDriver.java:363)
	at org.openqa.selenium.remote.RemoteWebDriver.findElementById(RemoteWebDriver.java:413)
	at org.openqa.selenium.By$ById.findElement(By.java:218)
	at org.openqa.selenium.remote.RemoteWebDriver.findElement(RemoteWebDriver.java:355)
	at org.openqa.selenium.support.ui.ExpectedConditions.findElement(ExpectedConditions.java:899)
	at org.openqa.selenium.support.ui.ExpectedConditions.access$0(ExpectedConditions.java:897)
	at org.openqa.selenium.support.ui.ExpectedConditions$7.apply(ExpectedConditions.java:205)
	at org.openqa.selenium.support.ui.ExpectedConditions$7.apply(ExpectedConditions.java:1)
	at org.openqa.selenium.support.ui.ExpectedConditions$22.apply(ExpectedConditions.java:653)
	at org.openqa.selenium.support.ui.ExpectedConditions$22.apply(ExpectedConditions.java:1)
	at org.openqa.selenium.support.ui.FluentWait.until(FluentWait.java:238)
	at com.autotest.driver.KeyWords.waitElementToBeClickable(KeyWords.java:136)
	at com.autotest.driver.KeyWords.click(KeyWords.java:225)
	at com.autotest.service.xhhService.PubXhhService.register(PubXhhService.java:59)
	at com.autotest.testcases.UserRegistration.test(UserRegistration.java:48)
	at sun.reflect.NativeMethodAccessorImpl.invoke0(Native Method)
	at sun.reflect.NativeMethodAccessorImpl.invoke(Unknown Source)
	at sun.reflect.DelegatingMethodAccessorImpl.invoke(Unknown Source)
	at java.lang.reflect.Method.invoke(Unknown Source)
	at org.testng.internal.MethodInvocationHelper.invokeMethod(MethodInvocationHelper.java:80)
	at org.testng.internal.Invoker.invokeMethod(Invoker.java:702)
	at org.testng.internal.Invoker.invokeTestMethod(Invoker.java:894)
	at org.testng.internal.Invoker.invokeTestMethods(Invoker.java:1219)
	at org.testng.internal.TestMethodWorker.invokeTestMethods(TestMethodWorker.java:127)
	at org.testng.internal.TestMethodWorker.run(TestMethodWorker.java:111)
	at org.testng.TestRunner.privateRun(TestRunner.java:768)
	at org.testng.TestRunner.run(TestRunner.java:617)
	at org.testng.SuiteRunner.runTest(SuiteRunner.java:334)
	at org.testng.SuiteRunner.access$000(SuiteRunner.java:37)
	at org.testng.SuiteRunner$SuiteWorker.run(SuiteRunner.java:368)
	at org.testng.internal.thread.ThreadUtil$2.call(ThreadUtil.java:64)
	at java.util.concurrent.FutureTask.run(Unknown Source)
	at java.util.concurrent.ThreadPoolExecutor.runWorker(Unknown Source)
	at java.util.concurrent.ThreadPoolExecutor$Worker.run(Unknown Source)
	at java.lang.Thread.run(Unknown Source)
Caused by: org.openqa.selenium.remote.UnreachableBrowserException: Error communicating with the remote browser. It may have died.
Build info: version: '2.53.0', revision: '35ae25b', time: '2016-03-15 17:00:58'
System info: host: 'WB0005-1', ip: '10.15.168.57', os.name: 'Windows 7', os.arch: 'x86', os.version: '6.1', java.version: '1.7.0_51'
Driver info: driver.version: EventFiringWebDriver
Session ID: c47422f0-7406-4122-960a-70b5a98673f0
Capabilities [{platform=WINDOWS, acceptSslCerts=true, javascriptEnabled=true, cssSelectorsEnabled=true, databaseEnabled=true, browserName=firefox, handlesAlerts=true, browserConnectionEnabled=true, nativeEvents=false, webStorageEnabled=true, rotatable=false, locationContextEnabled=true, applicationCacheEnabled=true, takesScreenshot=true, version=22.0}]
Build info: version: '2.53.0', revision: '35ae25b', time: '2016-03-15 17:00:58'
System info: host: 'WB0005-1', ip: '10.15.168.57', os.name: 'Windows 7', os.arch: 'x86', os.version: '6.1', java.version: '1.7.0_51'
Driver info: driver.version: unknown
[2016-08-31 10:44:05][INFO][Firefox Thread1][TestDriver.java][109] - Driver with firefox is closed.
