[2016-08-08 03:02:10][INFO][Firefox Thread1][TestDriver.java][65] - ******************************************************************************
[2016-08-08 03:02:10][INFO][Firefox Thread1][TestDriver.java][66] - Create a Driver, Browser:firefox
[2016-08-08 03:04:10][INFO][Firefox Thread1][TestDriver.java][65] - ******************************************************************************
[2016-08-08 03:04:10][INFO][Firefox Thread1][TestDriver.java][66] - Create a Driver, Browser:firefox
[2016-08-08 03:04:46][INFO][Firefox Thread1][TestDriver.java][65] - ******************************************************************************
[2016-08-08 03:04:46][INFO][Firefox Thread1][TestDriver.java][66] - Create a Driver, Browser:firefox
[2016-08-08 03:05:03][INFO][Firefox Thread1][KeyWords.java][95] - open url - http://10.13.28.102:8080/
[2016-08-08 03:05:04][INFO][Firefox Thread1][KeyWords.java][123] - [By.xpath: //input[@id='userNo']],元素可见!
[2016-08-08 03:05:04][INFO][Firefox Thread1][KeyWords.java][200] - Set the value of [By.xpath: //input[@id='userNo']] to [wb005]
[2016-08-08 03:05:05][INFO][Firefox Thread1][KeyWords.java][123] - [By.xpath: //input[@id='pwd']],元素可见!
[2016-08-08 03:05:06][INFO][Firefox Thread1][KeyWords.java][200] - Set the value of [By.xpath: //input[@id='pwd']] to [upg2015]
[2016-08-08 03:05:06][INFO][Firefox Thread1][KeyWords.java][123] - [By.xpath: //input[@id='mi']],元素可见!
[2016-08-08 03:05:06][INFO][Firefox Thread1][KeyWords.java][185] - Click on [By.xpath: //input[@id='login_btn']]
[2016-08-08 03:05:09][INFO][Firefox Thread1][KeyWords.java][123] - [By.xpath: //a[@id='user_name_link']],元素可见!
[2016-08-08 03:05:09][INFO][Firefox Thread1][KeyWords.java][141] - [By.xpath: //a[@id='user_name_link']],元素存在!
[2016-08-08 03:05:10][INFO][Firefox Thread1][KeyWords.java][185] - Click on [By.xpath: //div[contains(text(),'财务管理')]]
[2016-08-08 03:05:14][INFO][Firefox Thread1][KeyWords.java][185] - Click on [By.xpath: //ul[@id='menu189']/li[1]/div/span[3]]
[2016-08-08 03:05:14][INFO][Firefox Thread1][KeyWords.java][123] - [By.id: work_frame],元素可见!
[2016-08-08 03:05:20][INFO][Firefox Thread1][KeyWords.java][141] - [By.id: work_frame],元素存在!
[2016-08-08 03:05:21][INFO][Firefox Thread1][KeyWords.java][123] - [By.id: prjPay_prjName],元素可见!
[2016-08-08 03:05:21][INFO][Firefox Thread1][KeyWords.java][200] - Set the value of [By.id: prjPay_prjName] to [ZYJ20160804001]
[2016-08-08 03:05:21][INFO][Firefox Thread1][KeyWords.java][185] - Click on [By.xpath: //form[@id='queryFormForPayWait']/table/tbody/tr/td[7]/a]
[2016-08-08 03:05:22][INFO][Firefox Thread1][KeyWords.java][185] - Click on [By.xpath: //tr[@id='tr_dataTableForPayWait_0']/td[1]/div/a]
[2016-08-08 03:05:22][INFO][Firefox Thread1][KeyWords.java][123] - [By.xpath: //tr[@id='tr_dataTableForPayWait_0']/td[1]/div/a/span],元素可见!
[2016-08-08 03:05:23][INFO][Firefox Thread1][KeyWords.java][141] - [By.xpath: //tr[@id='tr_dataTableForPayWait_0']/td[1]/div/a/span],元素存在!
[2016-08-08 03:05:23][INFO][Firefox Thread1][KeyWords.java][123] - [By.xpath: //tr[@id='tr_dataTableForPayWait_0']/td[2]/div],元素可见!
[2016-08-08 03:05:23][INFO][Firefox Thread1][KeyWords.java][123] - [By.xpath: //tr[@id='tr_dataTableForPayWait_0']/td[3]/div],元素可见!
[2016-08-08 03:05:23][INFO][Firefox Thread1][KeyWords.java][123] - [By.xpath: //tr[@id='tr_dataTableForPayWait_0']/td[4]/div],元素可见!
[2016-08-08 03:05:23][INFO][Firefox Thread1][KeyWords.java][123] - [By.xpath: //tr[@id='tr_dataTableForPayWait_0']/td[5]/div],元素可见!
[2016-08-08 03:05:23][INFO][Firefox Thread1][KeyWords.java][123] - [By.xpath: //tr[@id='tr_dataTableForPayWait_0']/td[6]/div],元素可见!
[2016-08-08 03:05:23][INFO][Firefox Thread1][KeyWords.java][123] - [By.xpath: //tr[@id='tr_dataTableForPayWait_0']/td[7]/div],元素可见!
[2016-08-08 03:05:23][INFO][Firefox Thread1][KeyWords.java][123] - [By.xpath: //tr[@id='tr_dataTableForPayWait_0']/td[8]/div],元素可见!
[2016-08-08 03:05:24][INFO][Firefox Thread1][KeyWords.java][123] - [By.xpath: //tr[@id='tr_dataTableForPayWait_0']/td[9]/div],元素可见!
[2016-08-08 03:05:24][INFO][Firefox Thread1][KeyWords.java][123] - [By.xpath: //tr[@id='tr_dataTableForPayWait_0']/td[10]/div],元素可见!
[2016-08-08 03:05:24][INFO][Firefox Thread1][KeyWords.java][123] - [By.xpath: //tr[@id='tr_dataTableForPayWait_0']/td[11]/div],元素可见!
[2016-08-08 03:05:24][INFO][Firefox Thread1][KeyWords.java][123] - [By.xpath: //tr[@id='tr_dataTableForPayWait_0']/td[12]/div],元素可见!
[2016-08-08 03:05:24][INFO][Firefox Thread1][KeyWords.java][123] - [By.xpath: //tr[@id='tr_dataTableForPayWait_0']/td[13]/div],元素可见!
[2016-08-08 03:05:24][INFO][Firefox Thread1][StringUtils.java][62] - 投放站点期望值:鑫合汇;与实际值:鑫合汇相等！
[2016-08-08 03:05:24][INFO][Firefox Thread1][StringUtils.java][62] - 确认书签约进度期望值:-;与实际值:-相等！
[2016-08-08 03:05:24][INFO][Firefox Thread1][StringUtils.java][62] - 保证金/融资管理费期望值:0.00;与实际值:0.00相等！
[2016-08-08 03:05:24][INFO][Firefox Thread1][StringUtils.java][62] - 收益期望值:69.85;与实际值:69.85相等！
[2016-08-08 03:05:24][INFO][Firefox Thread1][StringUtils.java][62] - 线上实际融资额期望值:100,000.00;与实际值:100,000.00相等！
[2016-08-08 03:05:24][INFO][Firefox Thread1][StringUtils.java][62] - 需支付额度期望值:100,000.00;与实际值:100,000.00相等！
[2016-08-08 03:05:24][INFO][Firefox Thread1][StringUtils.java][62] - 查看子标期望值:无子标;与实际值:无子标相等！
[2016-08-08 03:05:24][INFO][Firefox Thread1][StringUtils.java][62] - 融资规模期望值:100,000.00;与实际值:100,000.00相等！
[2016-08-08 03:05:24][INFO][Firefox Thread1][StringUtils.java][62] - 主合同进度期望值:-;与实际值:-相等！
[2016-08-08 03:05:24][INFO][Firefox Thread1][StringUtils.java][62] - 转入方账户期望值:上海鑫合汇网络科技有限公司;与实际值:上海鑫合汇网络科技有限公司相等！
[2016-08-08 03:05:24][INFO][Firefox Thread1][StringUtils.java][62] - 平台管理费期望值:0.00;与实际值:0.00相等！
[2016-08-08 03:05:24][INFO][Firefox Thread1][StringUtils.java][62] - 项目名称期望值:ZYJ20160804001(订单数:0/2);与实际值:ZYJ20160804001(订单数:0/2)相等！
[2016-08-08 03:05:24][INFO][Firefox Thread1][TestDriver.java][84] - Driver with firefox is closed.
[2016-08-08 03:05:30][INFO][Firefox Thread1][TestDriver.java][95] - Open the ReportNG report.
