[2016-08-09 11:29:30][INFO][Firefox Thread1][TestDriver.java][65] - ******************************************************************************
[2016-08-09 11:29:30][INFO][Firefox Thread1][TestDriver.java][66] - Create a Driver, Browser:firefox
[2016-08-09 11:30:05][INFO][Firefox Thread1][KeyWords.java][95] - open url - http://10.13.28.102:8080/
[2016-08-09 11:30:08][INFO][Firefox Thread1][KeyWords.java][123] - [By.xpath: //input[@id='userNo']],元素可见!
[2016-08-09 11:30:08][INFO][Firefox Thread1][KeyWords.java][200] - Set the value of [By.xpath: //input[@id='userNo']] to [wb005]
[2016-08-09 11:30:10][INFO][Firefox Thread1][KeyWords.java][123] - [By.xpath: //input[@id='pwd']],元素可见!
[2016-08-09 11:30:10][INFO][Firefox Thread1][KeyWords.java][200] - Set the value of [By.xpath: //input[@id='pwd']] to [upg2015]
[2016-08-09 11:30:10][INFO][Firefox Thread1][KeyWords.java][123] - [By.xpath: //input[@id='mi']],元素可见!
[2016-08-09 11:30:10][INFO][Firefox Thread1][KeyWords.java][185] - Click on [By.xpath: //input[@id='login_btn']]
[2016-08-09 11:30:16][INFO][Firefox Thread1][KeyWords.java][123] - [By.xpath: //a[@id='user_name_link']],元素可见!
[2016-08-09 11:30:16][INFO][Firefox Thread1][KeyWords.java][141] - [By.xpath: //a[@id='user_name_link']],元素存在!
[2016-08-09 11:30:16][INFO][Firefox Thread1][KeyWords.java][185] - Click on [By.xpath: //div[contains(text(),'财务管理')]]
[2016-08-09 11:30:20][INFO][Firefox Thread1][KeyWords.java][185] - Click on [By.xpath: //ul[@id='menu189']/li[1]/div/span[3]]
[2016-08-09 11:30:20][INFO][Firefox Thread1][KeyWords.java][123] - [By.id: work_frame],元素可见!
[2016-08-09 11:30:24][INFO][Firefox Thread1][KeyWords.java][141] - [By.id: work_frame],元素存在!
[2016-08-09 11:30:24][INFO][Firefox Thread1][KeyWords.java][123] - [By.id: prjPay_prjName],元素可见!
[2016-08-09 11:30:25][INFO][Firefox Thread1][KeyWords.java][200] - Set the value of [By.id: prjPay_prjName] to [ZYJ20160809002]
[2016-08-09 11:30:25][INFO][Firefox Thread1][KeyWords.java][185] - Click on [By.xpath: //form[@id='queryFormForPayWait']/table/tbody/tr/td[7]/a]
[2016-08-09 11:30:26][INFO][Firefox Thread1][KeyWords.java][123] - [By.xpath: //tr[@id='tr_dataTableForPayWait_0']/td[1]/div/a/span],元素可见!
[2016-08-09 11:30:26][INFO][Firefox Thread1][KeyWords.java][141] - [By.xpath: //tr[@id='tr_dataTableForPayWait_0']/td[1]/div/a/span],元素存在!
[2016-08-09 11:30:26][INFO][Firefox Thread1][KeyWords.java][123] - [By.xpath: //tr[@id='tr_dataTableForPayWait_0']/td[2]/div],元素可见!
[2016-08-09 11:30:26][INFO][Firefox Thread1][KeyWords.java][123] - [By.xpath: //tr[@id='tr_dataTableForPayWait_0']/td[3]/div],元素可见!
[2016-08-09 11:30:26][INFO][Firefox Thread1][KeyWords.java][123] - [By.xpath: //tr[@id='tr_dataTableForPayWait_0']/td[4]/div],元素可见!
[2016-08-09 11:30:26][INFO][Firefox Thread1][KeyWords.java][123] - [By.xpath: //tr[@id='tr_dataTableForPayWait_0']/td[5]/div],元素可见!
[2016-08-09 11:30:26][INFO][Firefox Thread1][KeyWords.java][123] - [By.xpath: //tr[@id='tr_dataTableForPayWait_0']/td[6]/div],元素可见!
[2016-08-09 11:30:26][INFO][Firefox Thread1][KeyWords.java][123] - [By.xpath: //tr[@id='tr_dataTableForPayWait_0']/td[7]/div],元素可见!
[2016-08-09 11:30:27][INFO][Firefox Thread1][KeyWords.java][123] - [By.xpath: //tr[@id='tr_dataTableForPayWait_0']/td[8]/div],元素可见!
[2016-08-09 11:30:27][INFO][Firefox Thread1][KeyWords.java][123] - [By.xpath: //tr[@id='tr_dataTableForPayWait_0']/td[9]/div],元素可见!
[2016-08-09 11:30:27][INFO][Firefox Thread1][KeyWords.java][123] - [By.xpath: //tr[@id='tr_dataTableForPayWait_0']/td[10]/div],元素可见!
[2016-08-09 11:30:27][INFO][Firefox Thread1][KeyWords.java][123] - [By.xpath: //tr[@id='tr_dataTableForPayWait_0']/td[11]/div],元素可见!
[2016-08-09 11:30:27][INFO][Firefox Thread1][KeyWords.java][123] - [By.xpath: //tr[@id='tr_dataTableForPayWait_0']/td[12]/div],元素可见!
[2016-08-09 11:30:27][INFO][Firefox Thread1][KeyWords.java][123] - [By.xpath: //tr[@id='tr_dataTableForPayWait_0']/td[13]/div],元素可见!
[2016-08-09 11:30:27][INFO][Firefox Thread1][StringUtils.java][62] - 投放站点期望值:鑫合汇;与实际值:鑫合汇相等！
[2016-08-09 11:30:27][INFO][Firefox Thread1][StringUtils.java][62] - 确认书签约进度期望值:-;与实际值:-相等！
[2016-08-09 11:30:27][INFO][Firefox Thread1][StringUtils.java][62] - 保证金/融资管理费期望值:0.00;与实际值:0.00相等！
[2016-08-09 11:30:27][ERROR][Firefox Thread1][StringUtils.java][65] - 收益期望值:69.85;与实际值:27.93不等！
[2016-08-09 11:30:27][ERROR][Firefox Thread1][StringUtils.java][65] - 线上实际融资额期望值:100,000.00;与实际值:10,000.00不等！
[2016-08-09 11:30:27][ERROR][Firefox Thread1][StringUtils.java][65] - 需支付额度期望值:100,000.00;与实际值:10,000.00不等！
[2016-08-09 11:30:27][INFO][Firefox Thread1][StringUtils.java][62] - 查看子标期望值:无子标;与实际值:无子标相等！
[2016-08-09 11:30:27][ERROR][Firefox Thread1][StringUtils.java][65] - 融资规模期望值:100,000.00;与实际值:10,000.00不等！
[2016-08-09 11:30:27][INFO][Firefox Thread1][StringUtils.java][62] - 主合同进度期望值:-;与实际值:-相等！
[2016-08-09 11:30:27][INFO][Firefox Thread1][StringUtils.java][62] - 转入方账户期望值:上海鑫合汇网络科技有限公司;与实际值:上海鑫合汇网络科技有限公司相等！
[2016-08-09 11:30:27][INFO][Firefox Thread1][StringUtils.java][62] - 平台管理费期望值:0.00;与实际值:0.00相等！
[2016-08-09 11:30:27][ERROR][Firefox Thread1][StringUtils.java][65] - 项目名称期望值:ZYJ20160809002(订单数:0/2);与实际值:ZYJ20160809002(订单数:0/1)不等！
[2016-08-09 11:30:27][INFO][Firefox Thread1][KeyWords.java][185] - Click on [By.xpath: //tr[@id='tr_dataTableForPayWait_0']/td[1]/div/a]
[2016-08-09 11:30:29][ERROR][Firefox Thread1][TestCase1_zyj.java][139] - 
org.openqa.selenium.NoAlertPresentException: No alert is present (WARNING: The server did not provide any stacktrace information)
Command duration or timeout: 2.18 seconds
Build info: version: '2.53.0', revision: '35ae25b', time: '2016-03-15 17:00:58'
System info: host: 'WB0005-1', ip: '10.15.168.57', os.name: 'Windows 7', os.arch: 'x86', os.version: '6.1', java.version: '1.7.0_51'
Session ID: 29060cfc-64cb-4de3-9ae3-5b0bb7fc36ed
Driver info: org.openqa.selenium.firefox.FirefoxDriver
Capabilities [{platform=WINDOWS, acceptSslCerts=true, javascriptEnabled=true, cssSelectorsEnabled=true, databaseEnabled=true, browserName=firefox, handlesAlerts=true, browserConnectionEnabled=true, nativeEvents=false, webStorageEnabled=true, rotatable=false, locationContextEnabled=true, applicationCacheEnabled=true, takesScreenshot=true, version=22.0}]
Command duration or timeout: 2.20 seconds
Build info: version: '2.53.0', revision: '35ae25b', time: '2016-03-15 17:00:58'
System info: host: 'WB0005-1', ip: '10.15.168.57', os.name: 'Windows 7', os.arch: 'x86', os.version: '6.1', java.version: '1.7.0_51'
Session ID: 3a5e383e-601d-40a6-8891-b3f72639f8fc
Driver info: org.openqa.selenium.remote.RemoteWebDriver
Capabilities [{platform=WINDOWS, javascriptEnabled=true, acceptSslCerts=true, browserName=firefox, rotatable=false, locationContextEnabled=true, webdriver.remote.sessionid=3a5e383e-601d-40a6-8891-b3f72639f8fc, version=22.0, databaseEnabled=true, cssSelectorsEnabled=true, handlesAlerts=true, browserConnectionEnabled=true, nativeEvents=false, webStorageEnabled=true, applicationCacheEnabled=true, takesScreenshot=true}]
	at sun.reflect.NativeConstructorAccessorImpl.newInstance0(Native Method)
	at sun.reflect.NativeConstructorAccessorImpl.newInstance(Unknown Source)
	at sun.reflect.DelegatingConstructorAccessorImpl.newInstance(Unknown Source)
	at java.lang.reflect.Constructor.newInstance(Unknown Source)
	at org.openqa.selenium.remote.ErrorHandler.createThrowable(ErrorHandler.java:206)
	at org.openqa.selenium.remote.ErrorHandler.throwIfResponseFailed(ErrorHandler.java:158)
	at org.openqa.selenium.remote.RemoteWebDriver.execute(RemoteWebDriver.java:678)
	at org.openqa.selenium.remote.RemoteWebDriver.execute(RemoteWebDriver.java:701)
	at org.openqa.selenium.remote.RemoteWebDriver$RemoteTargetLocator.alert(RemoteWebDriver.java:1049)
	at com.autotest.driver.KeyWords.isAlertPresent(KeyWords.java:317)
	at com.autotest.testcases.TestCase1_zyj.Test(TestCase1_zyj.java:114)
	at sun.reflect.NativeMethodAccessorImpl.invoke0(Native Method)
	at sun.reflect.NativeMethodAccessorImpl.invoke(Unknown Source)
	at sun.reflect.DelegatingMethodAccessorImpl.invoke(Unknown Source)
	at java.lang.reflect.Method.invoke(Unknown Source)
	at org.testng.internal.MethodInvocationHelper.invokeMethod(MethodInvocationHelper.java:80)
	at org.testng.internal.Invoker.invokeMethod(Invoker.java:702)
	at org.testng.internal.Invoker.invokeTestMethod(Invoker.java:894)
	at org.testng.internal.Invoker.invokeTestMethods(Invoker.java:1219)
	at org.testng.internal.TestMethodWorker.invokeTestMethods(TestMethodWorker.java:127)
	at org.testng.internal.TestMethodWorker.run(TestMethodWorker.java:111)
	at org.testng.TestRunner.privateRun(TestRunner.java:768)
	at org.testng.TestRunner.run(TestRunner.java:617)
	at org.testng.SuiteRunner.runTest(SuiteRunner.java:334)
	at org.testng.SuiteRunner.access$000(SuiteRunner.java:37)
	at org.testng.SuiteRunner$SuiteWorker.run(SuiteRunner.java:368)
	at org.testng.internal.thread.ThreadUtil$2.call(ThreadUtil.java:64)
	at java.util.concurrent.FutureTask.run(Unknown Source)
	at java.util.concurrent.ThreadPoolExecutor.runWorker(Unknown Source)
	at java.util.concurrent.ThreadPoolExecutor$Worker.run(Unknown Source)
	at java.lang.Thread.run(Unknown Source)
Caused by: org.openqa.selenium.NoAlertPresentException: No alert is present (WARNING: The server did not provide any stacktrace information)
Command duration or timeout: 2.18 seconds
Build info: version: '2.53.0', revision: '35ae25b', time: '2016-03-15 17:00:58'
System info: host: 'WB0005-1', ip: '10.15.168.57', os.name: 'Windows 7', os.arch: 'x86', os.version: '6.1', java.version: '1.7.0_51'
Session ID: 29060cfc-64cb-4de3-9ae3-5b0bb7fc36ed
Driver info: org.openqa.selenium.firefox.FirefoxDriver
Capabilities [{platform=WINDOWS, acceptSslCerts=true, javascriptEnabled=true, cssSelectorsEnabled=true, databaseEnabled=true, browserName=firefox, handlesAlerts=true, browserConnectionEnabled=true, nativeEvents=false, webStorageEnabled=true, rotatable=false, locationContextEnabled=true, applicationCacheEnabled=true, takesScreenshot=true, version=22.0}]
Build info: version: '2.53.0', revision: '35ae25b', time: '2016-03-15 17:00:58'
System info: host: 'WB0005-1', ip: '10.15.168.57', os.name: 'Windows 7', os.arch: 'x86', os.version: '6.1', java.version: '1.7.0_51'
Driver info: driver.version: RemoteWebDriver
	at sun.reflect.NativeConstructorAccessorImpl.newInstance0(Native Method)
	at sun.reflect.NativeConstructorAccessorImpl.newInstance(Unknown Source)
	at sun.reflect.DelegatingConstructorAccessorImpl.newInstance(Unknown Source)
	at java.lang.reflect.Constructor.newInstance(Unknown Source)
	at org.openqa.selenium.remote.ErrorHandler.createThrowable(ErrorHandler.java:206)
	at org.openqa.selenium.remote.ErrorHandler.throwIfResponseFailed(ErrorHandler.java:158)
	at org.openqa.selenium.remote.RemoteWebDriver.execute(RemoteWebDriver.java:678)
	at org.openqa.selenium.remote.RemoteWebDriver.execute(RemoteWebDriver.java:701)
	at org.openqa.selenium.remote.RemoteWebDriver$RemoteTargetLocator.alert(RemoteWebDriver.java:1049)
	at org.openqa.selenium.support.events.EventFiringWebDriver$EventFiringTargetLocator.alert(EventFiringWebDriver.java:615)
	at org.openqa.selenium.remote.server.handler.GetAlertText.call(GetAlertText.java:30)
	at org.openqa.selenium.remote.server.handler.GetAlertText.call(GetAlertText.java:1)
	at java.util.concurrent.FutureTask.run(Unknown Source)
	at org.openqa.selenium.remote.server.DefaultSession$1.run(DefaultSession.java:176)
	... 3 more
[2016-08-09 11:30:30][INFO][Firefox Thread1][TestDriver.java][84] - Driver with firefox is closed.
[2016-08-09 11:30:33][INFO][Firefox Thread1][TestDriver.java][95] - Open the ReportNG report.
[2016-08-09 11:34:45][INFO][Firefox Thread1][TestDriver.java][65] - ******************************************************************************
[2016-08-09 11:34:45][INFO][Firefox Thread1][TestDriver.java][66] - Create a Driver, Browser:firefox
[2016-08-09 11:34:56][INFO][Firefox Thread1][KeyWords.java][95] - open url - http://10.13.28.102:8080/
[2016-08-09 11:34:56][INFO][Firefox Thread1][KeyWords.java][123] - [By.xpath: //input[@id='userNo']],元素可见!
[2016-08-09 11:34:56][INFO][Firefox Thread1][KeyWords.java][200] - Set the value of [By.xpath: //input[@id='userNo']] to [wb005]
[2016-08-09 11:34:56][INFO][Firefox Thread1][KeyWords.java][123] - [By.xpath: //input[@id='pwd']],元素可见!
[2016-08-09 11:34:57][INFO][Firefox Thread1][KeyWords.java][200] - Set the value of [By.xpath: //input[@id='pwd']] to [upg2015]
[2016-08-09 11:34:57][INFO][Firefox Thread1][KeyWords.java][123] - [By.xpath: //input[@id='mi']],元素可见!
[2016-08-09 11:34:57][INFO][Firefox Thread1][KeyWords.java][185] - Click on [By.xpath: //input[@id='login_btn']]
[2016-08-09 11:34:59][INFO][Firefox Thread1][KeyWords.java][123] - [By.xpath: //a[@id='user_name_link']],元素可见!
[2016-08-09 11:34:59][INFO][Firefox Thread1][KeyWords.java][141] - [By.xpath: //a[@id='user_name_link']],元素存在!
[2016-08-09 11:34:59][INFO][Firefox Thread1][KeyWords.java][185] - Click on [By.xpath: //div[contains(text(),'财务管理')]]
[2016-08-09 11:35:00][INFO][Firefox Thread1][KeyWords.java][185] - Click on [By.xpath: //ul[@id='menu189']/li[1]/div/span[3]]
[2016-08-09 11:35:01][INFO][Firefox Thread1][KeyWords.java][123] - [By.id: work_frame],元素可见!
[2016-08-09 11:35:02][INFO][Firefox Thread1][KeyWords.java][141] - [By.id: work_frame],元素存在!
[2016-08-09 11:35:02][INFO][Firefox Thread1][KeyWords.java][123] - [By.id: prjPay_prjName],元素可见!
[2016-08-09 11:35:02][INFO][Firefox Thread1][KeyWords.java][200] - Set the value of [By.id: prjPay_prjName] to [ZYJ20160809002]
[2016-08-09 11:35:02][INFO][Firefox Thread1][KeyWords.java][185] - Click on [By.xpath: //form[@id='queryFormForPayWait']/table/tbody/tr/td[7]/a]
[2016-08-09 11:35:04][INFO][Firefox Thread1][KeyWords.java][123] - [By.xpath: //tr[@id='tr_dataTableForPayWait_0']/td[1]/div/a/span],元素可见!
[2016-08-09 11:35:04][INFO][Firefox Thread1][KeyWords.java][141] - [By.xpath: //tr[@id='tr_dataTableForPayWait_0']/td[1]/div/a/span],元素存在!
[2016-08-09 11:35:04][INFO][Firefox Thread1][KeyWords.java][123] - [By.xpath: //tr[@id='tr_dataTableForPayWait_0']/td[2]/div],元素可见!
[2016-08-09 11:35:04][INFO][Firefox Thread1][KeyWords.java][123] - [By.xpath: //tr[@id='tr_dataTableForPayWait_0']/td[3]/div],元素可见!
[2016-08-09 11:35:04][INFO][Firefox Thread1][KeyWords.java][123] - [By.xpath: //tr[@id='tr_dataTableForPayWait_0']/td[4]/div],元素可见!
[2016-08-09 11:35:04][INFO][Firefox Thread1][KeyWords.java][123] - [By.xpath: //tr[@id='tr_dataTableForPayWait_0']/td[5]/div],元素可见!
[2016-08-09 11:35:04][INFO][Firefox Thread1][KeyWords.java][123] - [By.xpath: //tr[@id='tr_dataTableForPayWait_0']/td[6]/div],元素可见!
[2016-08-09 11:35:04][INFO][Firefox Thread1][KeyWords.java][123] - [By.xpath: //tr[@id='tr_dataTableForPayWait_0']/td[7]/div],元素可见!
[2016-08-09 11:35:04][INFO][Firefox Thread1][KeyWords.java][123] - [By.xpath: //tr[@id='tr_dataTableForPayWait_0']/td[8]/div],元素可见!
[2016-08-09 11:35:04][INFO][Firefox Thread1][KeyWords.java][123] - [By.xpath: //tr[@id='tr_dataTableForPayWait_0']/td[9]/div],元素可见!
[2016-08-09 11:35:04][INFO][Firefox Thread1][KeyWords.java][123] - [By.xpath: //tr[@id='tr_dataTableForPayWait_0']/td[10]/div],元素可见!
[2016-08-09 11:35:04][INFO][Firefox Thread1][KeyWords.java][123] - [By.xpath: //tr[@id='tr_dataTableForPayWait_0']/td[11]/div],元素可见!
[2016-08-09 11:35:05][INFO][Firefox Thread1][KeyWords.java][123] - [By.xpath: //tr[@id='tr_dataTableForPayWait_0']/td[12]/div],元素可见!
[2016-08-09 11:35:05][INFO][Firefox Thread1][KeyWords.java][123] - [By.xpath: //tr[@id='tr_dataTableForPayWait_0']/td[13]/div],元素可见!
[2016-08-09 11:35:05][INFO][Firefox Thread1][StringUtils.java][62] - 投放站点期望值:鑫合汇;与实际值:鑫合汇相等！
[2016-08-09 11:35:05][INFO][Firefox Thread1][StringUtils.java][62] - 确认书签约进度期望值:-;与实际值:-相等！
[2016-08-09 11:35:05][INFO][Firefox Thread1][StringUtils.java][62] - 保证金/融资管理费期望值:0.00;与实际值:0.00相等！
[2016-08-09 11:35:05][ERROR][Firefox Thread1][StringUtils.java][65] - 收益期望值:69.85;与实际值:27.93不等！
[2016-08-09 11:35:05][ERROR][Firefox Thread1][StringUtils.java][65] - 线上实际融资额期望值:100,000.00;与实际值:10,000.00不等！
[2016-08-09 11:35:05][ERROR][Firefox Thread1][StringUtils.java][65] - 需支付额度期望值:100,000.00;与实际值:10,000.00不等！
[2016-08-09 11:35:05][INFO][Firefox Thread1][StringUtils.java][62] - 查看子标期望值:无子标;与实际值:无子标相等！
[2016-08-09 11:35:05][ERROR][Firefox Thread1][StringUtils.java][65] - 融资规模期望值:100,000.00;与实际值:10,000.00不等！
[2016-08-09 11:35:05][INFO][Firefox Thread1][StringUtils.java][62] - 主合同进度期望值:-;与实际值:-相等！
[2016-08-09 11:35:05][INFO][Firefox Thread1][StringUtils.java][62] - 转入方账户期望值:上海鑫合汇网络科技有限公司;与实际值:上海鑫合汇网络科技有限公司相等！
[2016-08-09 11:35:05][INFO][Firefox Thread1][StringUtils.java][62] - 平台管理费期望值:0.00;与实际值:0.00相等！
[2016-08-09 11:35:05][ERROR][Firefox Thread1][StringUtils.java][65] - 项目名称期望值:ZYJ20160809002(订单数:0/2);与实际值:ZYJ20160809002(订单数:0/1)不等！
[2016-08-09 11:35:05][INFO][Firefox Thread1][KeyWords.java][185] - Click on [By.xpath: //tr[@id='tr_dataTableForPayWait_0']/td[1]/div/a]
[2016-08-09 11:35:06][INFO][Firefox Thread1][KeyWords.java][123] - [By.xpath: //form[@id='riskCreditAddForm']/table/tbody/tr[2]/td[1]],元素可见!
[2016-08-09 11:35:06][INFO][Firefox Thread1][KeyWords.java][141] - [By.xpath: //form[@id='riskCreditAddForm']/table/tbody/tr[2]/td[1]],元素存在!
[2016-08-09 11:35:06][INFO][Firefox Thread1][KeyWords.java][123] - [By.id: payAmount],元素可见!
[2016-08-09 11:35:06][INFO][Firefox Thread1][KeyWords.java][123] - [By.id: liushuihao],元素可见!
[2016-08-09 11:35:06][INFO][Firefox Thread1][KeyWords.java][200] - Set the value of [By.id: liushuihao] to [123456789012345678]
[2016-08-09 11:35:06][INFO][Firefox Thread1][KeyWords.java][185] - Click on [By.xpath: //div[@id='pay_identity']/div[2]/a[1]/span/span]
[2016-08-09 11:35:08][ERROR][Firefox Thread1][TestCase1_zyj.java][138] - 
org.openqa.selenium.NoAlertPresentException: No alert is present (WARNING: The server did not provide any stacktrace information)
Command duration or timeout: 2.12 seconds
Build info: version: '2.53.0', revision: '35ae25b', time: '2016-03-15 17:00:58'
System info: host: 'WB0005-1', ip: '10.15.168.57', os.name: 'Windows 7', os.arch: 'x86', os.version: '6.1', java.version: '1.7.0_51'
Session ID: 05b7584c-7f51-4b79-9ec8-8da6a3595957
Driver info: org.openqa.selenium.firefox.FirefoxDriver
Capabilities [{platform=WINDOWS, acceptSslCerts=true, javascriptEnabled=true, cssSelectorsEnabled=true, databaseEnabled=true, browserName=firefox, handlesAlerts=true, browserConnectionEnabled=true, nativeEvents=false, webStorageEnabled=true, rotatable=false, locationContextEnabled=true, applicationCacheEnabled=true, takesScreenshot=true, version=22.0}]
Command duration or timeout: 2.14 seconds
Build info: version: '2.53.0', revision: '35ae25b', time: '2016-03-15 17:00:58'
System info: host: 'WB0005-1', ip: '10.15.168.57', os.name: 'Windows 7', os.arch: 'x86', os.version: '6.1', java.version: '1.7.0_51'
Session ID: 8168a4d2-78ac-41f3-bd23-e64adc87bb54
Driver info: org.openqa.selenium.remote.RemoteWebDriver
Capabilities [{platform=WINDOWS, javascriptEnabled=true, acceptSslCerts=true, browserName=firefox, rotatable=false, locationContextEnabled=true, webdriver.remote.sessionid=8168a4d2-78ac-41f3-bd23-e64adc87bb54, version=22.0, databaseEnabled=true, cssSelectorsEnabled=true, handlesAlerts=true, browserConnectionEnabled=true, nativeEvents=false, webStorageEnabled=true, applicationCacheEnabled=true, takesScreenshot=true}]
	at sun.reflect.NativeConstructorAccessorImpl.newInstance0(Native Method)
	at sun.reflect.NativeConstructorAccessorImpl.newInstance(Unknown Source)
	at sun.reflect.DelegatingConstructorAccessorImpl.newInstance(Unknown Source)
	at java.lang.reflect.Constructor.newInstance(Unknown Source)
	at org.openqa.selenium.remote.ErrorHandler.createThrowable(ErrorHandler.java:206)
	at org.openqa.selenium.remote.ErrorHandler.throwIfResponseFailed(ErrorHandler.java:158)
	at org.openqa.selenium.remote.RemoteWebDriver.execute(RemoteWebDriver.java:678)
	at org.openqa.selenium.remote.RemoteWebDriver.execute(RemoteWebDriver.java:701)
	at org.openqa.selenium.remote.RemoteWebDriver$RemoteTargetLocator.alert(RemoteWebDriver.java:1049)
	at com.autotest.driver.KeyWords.isAlertPresent(KeyWords.java:317)
	at com.autotest.driver.KeyWords.getAlertText(KeyWords.java:352)
	at com.autotest.testcases.TestCase1_zyj.Test(TestCase1_zyj.java:125)
	at sun.reflect.NativeMethodAccessorImpl.invoke0(Native Method)
	at sun.reflect.NativeMethodAccessorImpl.invoke(Unknown Source)
	at sun.reflect.DelegatingMethodAccessorImpl.invoke(Unknown Source)
	at java.lang.reflect.Method.invoke(Unknown Source)
	at org.testng.internal.MethodInvocationHelper.invokeMethod(MethodInvocationHelper.java:80)
	at org.testng.internal.Invoker.invokeMethod(Invoker.java:702)
	at org.testng.internal.Invoker.invokeTestMethod(Invoker.java:894)
	at org.testng.internal.Invoker.invokeTestMethods(Invoker.java:1219)
	at org.testng.internal.TestMethodWorker.invokeTestMethods(TestMethodWorker.java:127)
	at org.testng.internal.TestMethodWorker.run(TestMethodWorker.java:111)
	at org.testng.TestRunner.privateRun(TestRunner.java:768)
	at org.testng.TestRunner.run(TestRunner.java:617)
	at org.testng.SuiteRunner.runTest(SuiteRunner.java:334)
	at org.testng.SuiteRunner.access$000(SuiteRunner.java:37)
	at org.testng.SuiteRunner$SuiteWorker.run(SuiteRunner.java:368)
	at org.testng.internal.thread.ThreadUtil$2.call(ThreadUtil.java:64)
	at java.util.concurrent.FutureTask.run(Unknown Source)
	at java.util.concurrent.ThreadPoolExecutor.runWorker(Unknown Source)
	at java.util.concurrent.ThreadPoolExecutor$Worker.run(Unknown Source)
	at java.lang.Thread.run(Unknown Source)
Caused by: org.openqa.selenium.NoAlertPresentException: No alert is present (WARNING: The server did not provide any stacktrace information)
Command duration or timeout: 2.12 seconds
Build info: version: '2.53.0', revision: '35ae25b', time: '2016-03-15 17:00:58'
System info: host: 'WB0005-1', ip: '10.15.168.57', os.name: 'Windows 7', os.arch: 'x86', os.version: '6.1', java.version: '1.7.0_51'
Session ID: 05b7584c-7f51-4b79-9ec8-8da6a3595957
Driver info: org.openqa.selenium.firefox.FirefoxDriver
Capabilities [{platform=WINDOWS, acceptSslCerts=true, javascriptEnabled=true, cssSelectorsEnabled=true, databaseEnabled=true, browserName=firefox, handlesAlerts=true, browserConnectionEnabled=true, nativeEvents=false, webStorageEnabled=true, rotatable=false, locationContextEnabled=true, applicationCacheEnabled=true, takesScreenshot=true, version=22.0}]
Build info: version: '2.53.0', revision: '35ae25b', time: '2016-03-15 17:00:58'
System info: host: 'WB0005-1', ip: '10.15.168.57', os.name: 'Windows 7', os.arch: 'x86', os.version: '6.1', java.version: '1.7.0_51'
Driver info: driver.version: RemoteWebDriver
	at sun.reflect.NativeConstructorAccessorImpl.newInstance0(Native Method)
	at sun.reflect.NativeConstructorAccessorImpl.newInstance(Unknown Source)
	at sun.reflect.DelegatingConstructorAccessorImpl.newInstance(Unknown Source)
	at java.lang.reflect.Constructor.newInstance(Unknown Source)
	at org.openqa.selenium.remote.ErrorHandler.createThrowable(ErrorHandler.java:206)
	at org.openqa.selenium.remote.ErrorHandler.throwIfResponseFailed(ErrorHandler.java:158)
	at org.openqa.selenium.remote.RemoteWebDriver.execute(RemoteWebDriver.java:678)
	at org.openqa.selenium.remote.RemoteWebDriver.execute(RemoteWebDriver.java:701)
	at org.openqa.selenium.remote.RemoteWebDriver$RemoteTargetLocator.alert(RemoteWebDriver.java:1049)
	at org.openqa.selenium.support.events.EventFiringWebDriver$EventFiringTargetLocator.alert(EventFiringWebDriver.java:615)
	at org.openqa.selenium.remote.server.handler.GetAlertText.call(GetAlertText.java:30)
	at org.openqa.selenium.remote.server.handler.GetAlertText.call(GetAlertText.java:1)
	at java.util.concurrent.FutureTask.run(Unknown Source)
	at org.openqa.selenium.remote.server.DefaultSession$1.run(DefaultSession.java:176)
	... 3 more
[2016-08-09 11:35:08][INFO][Firefox Thread1][TestDriver.java][84] - Driver with firefox is closed.
[2016-08-09 11:35:09][INFO][Firefox Thread1][TestDriver.java][95] - Open the ReportNG report.
