2016-10-18 09:15:04,112 ERROR [com.autotest.driver.KeyWords.isElementVisible(KeyWords.java:154)] [By.id: register-back-time],元素不可见!
2016-10-18 09:17:11,640 ERROR [com.autotest.driver.KeyWords.isElementVisible(KeyWords.java:154)] [By.id: register-back-time],元素不可见!
2016-10-18 09:19:38,807 ERROR [com.autotest.driver.KeyWords.isElementVisible(KeyWords.java:154)] [By.id: register-back-time],元素不可见!
2016-10-18 09:19:50,806 ERROR [com.autotest.driver.KeyWords.isElementVisible(KeyWords.java:154)] [By.id: guide-close],元素不可见!
2016-10-18 09:22:13,820 ERROR [com.autotest.driver.KeyWords.isElementVisible(KeyWords.java:154)] [By.id: register-back-time],元素不可见!
2016-10-18 09:22:27,789 ERROR [com.autotest.driver.KeyWords.isElementVisible(KeyWords.java:154)] [By.id: guide-close],元素不可见!
2016-10-18 09:24:51,099 ERROR [com.autotest.driver.KeyWords.isElementVisible(KeyWords.java:154)] [By.id: register-back-time],元素不可见!
2016-10-18 09:25:03,098 ERROR [com.autotest.driver.KeyWords.isElementVisible(KeyWords.java:154)] [By.id: guide-close],元素不可见!
2016-10-18 09:27:27,122 ERROR [com.autotest.driver.KeyWords.isElementVisible(KeyWords.java:154)] [By.id: register-back-time],元素不可见!
2016-10-18 09:27:39,126 ERROR [com.autotest.driver.KeyWords.isElementVisible(KeyWords.java:154)] [By.id: guide-close],元素不可见!
2016-10-18 09:28:05,239 ERROR [com.autotest.testcases.Project_Release_RYS001.test(Project_Release_RYS001.java:405)] 
java.lang.NullPointerException
	at com.autotest.utility.SSHUtil.sshRecoverTime(SSHUtil.java:220)
	at com.autotest.testcases.Project_Release_RYS001.test(Project_Release_RYS001.java:63)
	at sun.reflect.NativeMethodAccessorImpl.invoke0(Native Method)
	at sun.reflect.NativeMethodAccessorImpl.invoke(Unknown Source)
	at sun.reflect.DelegatingMethodAccessorImpl.invoke(Unknown Source)
	at java.lang.reflect.Method.invoke(Unknown Source)
	at org.testng.internal.MethodInvocationHelper.invokeMethod(MethodInvocationHelper.java:80)
	at org.testng.internal.Invoker.invokeMethod(Invoker.java:702)
	at org.testng.internal.Invoker.invokeTestMethod(Invoker.java:894)
	at org.testng.internal.Invoker.invokeTestMethods(Invoker.java:1219)
	at org.testng.internal.TestMethodWorker.invokeTestMethods(TestMethodWorker.java:127)
	at org.testng.internal.TestMethodWorker.run(TestMethodWorker.java:111)
	at org.testng.TestRunner.privateRun(TestRunner.java:768)
	at org.testng.TestRunner.run(TestRunner.java:617)
	at org.testng.SuiteRunner.runTest(SuiteRunner.java:334)
	at org.testng.SuiteRunner.access$000(SuiteRunner.java:37)
	at org.testng.SuiteRunner$SuiteWorker.run(SuiteRunner.java:368)
	at org.testng.internal.thread.ThreadUtil$2.call(ThreadUtil.java:64)
	at java.util.concurrent.FutureTask.run(Unknown Source)
	at java.util.concurrent.ThreadPoolExecutor.runWorker(Unknown Source)
	at java.util.concurrent.ThreadPoolExecutor$Worker.run(Unknown Source)
	at java.lang.Thread.run(Unknown Source)
2016-10-18 09:28:05,556 ERROR [com.autotest.testcases.Project_Release_RYS001.test(Project_Release_RYS001.java:407)] Screenshot path: E:\12345\web_automation\snapshot\Firefox Thread1_20161018092805.jpg
2016-10-18 09:28:45,045 ERROR [com.autotest.utility.SSHUtil.sshCurrentTime(SSHUtil.java:47)] 用户名称或者是密码不正确
2016-10-18 09:28:45,045 ERROR [com.autotest.testcases.RYS001_UserInvest.test(RYS001_UserInvest.java:351)] 
java.lang.NullPointerException
	at java.text.SimpleDateFormat.parse(Unknown Source)
	at java.text.DateFormat.parse(Unknown Source)
	at com.autotest.utility.DateUtils.stringToDate(DateUtils.java:107)
	at com.autotest.utility.DateUtils.isEarlyThan(DateUtils.java:572)
	at com.autotest.testcases.RYS001_UserInvest.test(RYS001_UserInvest.java:133)
	at sun.reflect.NativeMethodAccessorImpl.invoke0(Native Method)
	at sun.reflect.NativeMethodAccessorImpl.invoke(Unknown Source)
	at sun.reflect.DelegatingMethodAccessorImpl.invoke(Unknown Source)
	at java.lang.reflect.Method.invoke(Unknown Source)
	at org.testng.internal.MethodInvocationHelper.invokeMethod(MethodInvocationHelper.java:80)
	at org.testng.internal.Invoker.invokeMethod(Invoker.java:702)
	at org.testng.internal.Invoker.invokeTestMethod(Invoker.java:894)
	at org.testng.internal.Invoker.invokeTestMethods(Invoker.java:1219)
	at org.testng.internal.TestMethodWorker.invokeTestMethods(TestMethodWorker.java:127)
	at org.testng.internal.TestMethodWorker.run(TestMethodWorker.java:111)
	at org.testng.TestRunner.privateRun(TestRunner.java:768)
	at org.testng.TestRunner.run(TestRunner.java:617)
	at org.testng.SuiteRunner.runTest(SuiteRunner.java:334)
	at org.testng.SuiteRunner.access$000(SuiteRunner.java:37)
	at org.testng.SuiteRunner$SuiteWorker.run(SuiteRunner.java:368)
	at org.testng.internal.thread.ThreadUtil$2.call(ThreadUtil.java:64)
	at java.util.concurrent.FutureTask.run(Unknown Source)
	at java.util.concurrent.ThreadPoolExecutor.runWorker(Unknown Source)
	at java.util.concurrent.ThreadPoolExecutor$Worker.run(Unknown Source)
	at java.lang.Thread.run(Unknown Source)
2016-10-18 09:28:45,336 ERROR [com.autotest.testcases.RYS001_UserInvest.test(RYS001_UserInvest.java:353)] Screenshot path: E:\12345\web_automation\snapshot\Firefox Thread1_20161018092845.jpg
2016-10-18 09:36:42,276 ERROR [com.autotest.utility.SSHUtil.sshRecoverTime(SSHUtil.java:213)] 恢复时间失败！
2016-10-18 09:47:40,781 ERROR [com.autotest.utility.StringUtils.isEquals(StringUtils.java:116)] expect_income期望值:10.47;与实际值:34.93不等！
2016-10-18 09:47:40,782 ERROR [com.autotest.testcases.RYS001_UserInvest.test(RYS001_UserInvest.java:251)] 【投资确认】页面数据校验失败
2016-10-18 09:47:57,922 ERROR [com.autotest.utility.StringUtils.isEquals(StringUtils.java:116)] bonus_not_use期望值:0.00;与实际值:50.00不等！
2016-10-18 09:47:57,922 ERROR [com.autotest.utility.StringUtils.isEquals(StringUtils.java:116)] coupons_not_use期望值:0.00;与实际值:10.00不等！
2016-10-18 09:47:57,922 ERROR [com.autotest.utility.StringUtils.isEquals(StringUtils.java:116)] rate_coupons_not_use期望值:0;与实际值:2不等！
2016-10-18 09:47:57,922 ERROR [com.autotest.utility.StringUtils.isEquals(StringUtils.java:116)] invite_partner期望值:0;与实际值:2不等！
2016-10-18 09:47:57,922 ERROR [com.autotest.testcases.RYS001_UserInvest.test(RYS001_UserInvest.java:288)] 【账户总览】页面字段校验失败
2016-10-18 09:48:55,368 ERROR [com.autotest.utility.StringUtils.isEquals(StringUtils.java:116)] bonus_not_use期望值:0.00;与实际值:50.00不等！
2016-10-18 09:48:55,368 ERROR [com.autotest.utility.StringUtils.isEquals(StringUtils.java:116)] coupons_not_use期望值:0.00;与实际值:10.00不等！
2016-10-18 09:48:55,368 ERROR [com.autotest.utility.StringUtils.isEquals(StringUtils.java:116)] rate_coupons_not_use期望值:0;与实际值:2不等！
2016-10-18 09:48:55,368 ERROR [com.autotest.utility.StringUtils.isEquals(StringUtils.java:116)] invite_partner期望值:0;与实际值:2不等！
2016-10-18 09:48:55,368 ERROR [com.autotest.testcases.RYS001_UserInvest.test(RYS001_UserInvest.java:288)] 【账户总览】页面字段校验失败
2016-10-18 09:49:50,125 ERROR [com.autotest.utility.StringUtils.isEquals(StringUtils.java:116)] bonus_not_use期望值:0.00;与实际值:50.00不等！
2016-10-18 09:49:50,125 ERROR [com.autotest.utility.StringUtils.isEquals(StringUtils.java:116)] coupons_not_use期望值:0.00;与实际值:10.00不等！
2016-10-18 09:49:50,125 ERROR [com.autotest.utility.StringUtils.isEquals(StringUtils.java:116)] rate_coupons_not_use期望值:0;与实际值:2不等！
2016-10-18 09:49:50,125 ERROR [com.autotest.utility.StringUtils.isEquals(StringUtils.java:116)] invite_partner期望值:0;与实际值:2不等！
2016-10-18 09:49:50,125 ERROR [com.autotest.testcases.RYS001_UserInvest.test(RYS001_UserInvest.java:288)] 【账户总览】页面字段校验失败
2016-10-18 09:50:46,250 ERROR [com.autotest.utility.StringUtils.isEquals(StringUtils.java:116)] bonus_not_use期望值:0.00;与实际值:50.00不等！
2016-10-18 09:50:46,250 ERROR [com.autotest.utility.StringUtils.isEquals(StringUtils.java:116)] coupons_not_use期望值:0.00;与实际值:10.00不等！
2016-10-18 09:50:46,250 ERROR [com.autotest.utility.StringUtils.isEquals(StringUtils.java:116)] rate_coupons_not_use期望值:0;与实际值:2不等！
2016-10-18 09:50:46,250 ERROR [com.autotest.utility.StringUtils.isEquals(StringUtils.java:116)] invite_partner期望值:0;与实际值:2不等！
2016-10-18 09:50:46,250 ERROR [com.autotest.testcases.RYS001_UserInvest.test(RYS001_UserInvest.java:288)] 【账户总览】页面字段校验失败
2016-10-18 09:51:41,962 ERROR [com.autotest.utility.StringUtils.isEquals(StringUtils.java:116)] bonus_not_use期望值:0.00;与实际值:50.00不等！
2016-10-18 09:51:41,962 ERROR [com.autotest.utility.StringUtils.isEquals(StringUtils.java:116)] coupons_not_use期望值:0.00;与实际值:10.00不等！
2016-10-18 09:51:41,962 ERROR [com.autotest.utility.StringUtils.isEquals(StringUtils.java:116)] rate_coupons_not_use期望值:0;与实际值:2不等！
2016-10-18 09:51:41,962 ERROR [com.autotest.utility.StringUtils.isEquals(StringUtils.java:116)] invite_partner期望值:0;与实际值:2不等！
2016-10-18 09:51:41,962 ERROR [com.autotest.testcases.RYS001_UserInvest.test(RYS001_UserInvest.java:288)] 【账户总览】页面字段校验失败
2016-10-18 09:52:54,639 ERROR [com.autotest.utility.StringUtils.isEquals(StringUtils.java:116)] bonus_not_use期望值:0.00;与实际值:50.00不等！
2016-10-18 09:52:54,639 ERROR [com.autotest.utility.StringUtils.isEquals(StringUtils.java:116)] coupons_not_use期望值:0.00;与实际值:10.00不等！
2016-10-18 09:52:54,639 ERROR [com.autotest.utility.StringUtils.isEquals(StringUtils.java:116)] rate_coupons_not_use期望值:0;与实际值:2不等！
2016-10-18 09:52:54,639 ERROR [com.autotest.utility.StringUtils.isEquals(StringUtils.java:116)] invite_partner期望值:0;与实际值:2不等！
2016-10-18 09:52:54,649 ERROR [com.autotest.testcases.RYS001_GenPayPlan.test(RYS001_GenPayPlan.java:123)] 【账户总览】页面字段校验失败
2016-10-18 09:53:23,809 ERROR [com.autotest.utility.StringUtils.isEquals(StringUtils.java:116)] bonus_not_use期望值:0.00;与实际值:50.00不等！
2016-10-18 09:53:23,809 ERROR [com.autotest.utility.StringUtils.isEquals(StringUtils.java:116)] coupons_not_use期望值:0.00;与实际值:10.00不等！
2016-10-18 09:53:23,809 ERROR [com.autotest.utility.StringUtils.isEquals(StringUtils.java:116)] rate_coupons_not_use期望值:0;与实际值:2不等！
2016-10-18 09:53:23,809 ERROR [com.autotest.utility.StringUtils.isEquals(StringUtils.java:116)] invite_partner期望值:0;与实际值:2不等！
2016-10-18 09:53:23,819 ERROR [com.autotest.testcases.RYS001_GenPayPlan.test(RYS001_GenPayPlan.java:123)] 【账户总览】页面字段校验失败
2016-10-18 09:53:50,314 ERROR [com.autotest.utility.StringUtils.isEquals(StringUtils.java:116)] bonus_not_use期望值:0.00;与实际值:50.00不等！
2016-10-18 09:53:50,314 ERROR [com.autotest.utility.StringUtils.isEquals(StringUtils.java:116)] coupons_not_use期望值:0.00;与实际值:10.00不等！
2016-10-18 09:53:50,314 ERROR [com.autotest.utility.StringUtils.isEquals(StringUtils.java:116)] rate_coupons_not_use期望值:0;与实际值:2不等！
2016-10-18 09:53:50,314 ERROR [com.autotest.utility.StringUtils.isEquals(StringUtils.java:116)] invite_partner期望值:0;与实际值:2不等！
2016-10-18 09:53:50,314 ERROR [com.autotest.testcases.RYS001_GenPayPlan.test(RYS001_GenPayPlan.java:123)] 【账户总览】页面字段校验失败
2016-10-18 09:54:17,198 ERROR [com.autotest.utility.StringUtils.isEquals(StringUtils.java:116)] bonus_not_use期望值:0.00;与实际值:50.00不等！
2016-10-18 09:54:17,198 ERROR [com.autotest.utility.StringUtils.isEquals(StringUtils.java:116)] coupons_not_use期望值:0.00;与实际值:10.00不等！
2016-10-18 09:54:17,198 ERROR [com.autotest.utility.StringUtils.isEquals(StringUtils.java:116)] rate_coupons_not_use期望值:0;与实际值:2不等！
2016-10-18 09:54:17,198 ERROR [com.autotest.utility.StringUtils.isEquals(StringUtils.java:116)] invite_partner期望值:0;与实际值:2不等！
2016-10-18 09:54:17,198 ERROR [com.autotest.testcases.RYS001_GenPayPlan.test(RYS001_GenPayPlan.java:123)] 【账户总览】页面字段校验失败
2016-10-18 09:54:43,015 ERROR [com.autotest.utility.StringUtils.isEquals(StringUtils.java:116)] bonus_not_use期望值:0.00;与实际值:50.00不等！
2016-10-18 09:54:43,015 ERROR [com.autotest.utility.StringUtils.isEquals(StringUtils.java:116)] coupons_not_use期望值:0.00;与实际值:10.00不等！
2016-10-18 09:54:43,015 ERROR [com.autotest.utility.StringUtils.isEquals(StringUtils.java:116)] rate_coupons_not_use期望值:0;与实际值:2不等！
2016-10-18 09:54:43,015 ERROR [com.autotest.utility.StringUtils.isEquals(StringUtils.java:116)] invite_partner期望值:0;与实际值:2不等！
2016-10-18 09:54:43,015 ERROR [com.autotest.testcases.RYS001_GenPayPlan.test(RYS001_GenPayPlan.java:123)] 【账户总览】页面字段校验失败
2016-10-18 09:55:31,409 ERROR [com.autotest.driver.KeyWords.isElementVisible(KeyWords.java:154)] [By.id: work_frame],元素不可见!
2016-10-18 09:55:31,410 ERROR [com.autotest.driver.KeyWords.isElementExist(KeyWords.java:173)] [By.id: work_frame],元素不存在!
2016-10-18 09:55:32,909 ERROR [com.autotest.utility.StringUtils.isEquals(StringUtils.java:116)] maincontract期望值:-;与实际值:主合同签章关闭不等！
2016-10-18 09:55:32,909 ERROR [com.autotest.utility.StringUtils.isEquals(StringUtils.java:116)] confirmation期望值:-;与实际值:电子签章关闭不等！
2016-10-18 09:55:32,924 ERROR [com.autotest.testcases.RYS001_Payment.Test(RYS001_Payment.java:86)] 【项目放款】放款字段校验失败！
2016-10-18 09:55:47,337 ERROR [com.autotest.driver.KeyWords.isElementVisible(KeyWords.java:154)] [By.id: processBar],元素不可见!
2016-10-18 09:56:05,195 ERROR [com.autotest.utility.StringUtils.isEquals(StringUtils.java:116)] bonus_not_use期望值:0.00;与实际值:50.00不等！
2016-10-18 09:56:05,195 ERROR [com.autotest.utility.StringUtils.isEquals(StringUtils.java:116)] coupons_not_use期望值:0.00;与实际值:10.00不等！
2016-10-18 09:56:05,195 ERROR [com.autotest.utility.StringUtils.isEquals(StringUtils.java:116)] rate_coupons_not_use期望值:0;与实际值:2不等！
2016-10-18 09:56:05,195 ERROR [com.autotest.utility.StringUtils.isEquals(StringUtils.java:116)] invite_partner期望值:0;与实际值:2不等！
2016-10-18 09:56:05,195 ERROR [com.autotest.testcases.RYS001_Payment.Test(RYS001_Payment.java:157)] 【账户总览】页面字段校验失败
2016-10-18 09:56:18,823 ERROR [com.autotest.driver.KeyWords.isElementVisible(KeyWords.java:154)] [By.xpath: //div[@id='container']/div[1]/div[1]/div[1]/div[2]/div[2]/div[2]/ul/li[2]/h3],元素不可见!
2016-10-18 09:56:18,824 ERROR [com.autotest.driver.KeyWords.isElementExist(KeyWords.java:173)] [By.xpath: //div[@id='container']/div[1]/div[1]/div[1]/div[2]/div[2]/div[2]/ul/li[2]/h3],元素不存在!
2016-10-18 09:56:45,350 ERROR [com.autotest.utility.StringUtils.isEquals(StringUtils.java:116)] bonus_not_use期望值:0.00;与实际值:50.00不等！
2016-10-18 09:56:45,350 ERROR [com.autotest.utility.StringUtils.isEquals(StringUtils.java:116)] coupons_not_use期望值:0.00;与实际值:10.00不等！
2016-10-18 09:56:45,350 ERROR [com.autotest.utility.StringUtils.isEquals(StringUtils.java:116)] rate_coupons_not_use期望值:0;与实际值:2不等！
2016-10-18 09:56:45,350 ERROR [com.autotest.utility.StringUtils.isEquals(StringUtils.java:116)] invite_partner期望值:0;与实际值:2不等！
2016-10-18 09:56:45,350 ERROR [com.autotest.testcases.RYS001_Payment.Test(RYS001_Payment.java:157)] 【账户总览】页面字段校验失败
2016-10-18 09:56:58,986 ERROR [com.autotest.driver.KeyWords.isElementVisible(KeyWords.java:154)] [By.xpath: //div[@id='container']/div[1]/div[1]/div[1]/div[2]/div[2]/div[2]/ul/li[2]/h3],元素不可见!
2016-10-18 09:56:58,987 ERROR [com.autotest.driver.KeyWords.isElementExist(KeyWords.java:173)] [By.xpath: //div[@id='container']/div[1]/div[1]/div[1]/div[2]/div[2]/div[2]/ul/li[2]/h3],元素不存在!
2016-10-18 09:57:23,764 ERROR [com.autotest.utility.StringUtils.isEquals(StringUtils.java:116)] bonus_not_use期望值:0.00;与实际值:50.00不等！
2016-10-18 09:57:23,764 ERROR [com.autotest.utility.StringUtils.isEquals(StringUtils.java:116)] coupons_not_use期望值:0.00;与实际值:10.00不等！
2016-10-18 09:57:23,764 ERROR [com.autotest.utility.StringUtils.isEquals(StringUtils.java:116)] rate_coupons_not_use期望值:0;与实际值:2不等！
2016-10-18 09:57:23,764 ERROR [com.autotest.utility.StringUtils.isEquals(StringUtils.java:116)] invite_partner期望值:0;与实际值:2不等！
2016-10-18 09:57:23,764 ERROR [com.autotest.testcases.RYS001_Payment.Test(RYS001_Payment.java:157)] 【账户总览】页面字段校验失败
2016-10-18 09:57:37,397 ERROR [com.autotest.driver.KeyWords.isElementVisible(KeyWords.java:154)] [By.xpath: //div[@id='container']/div[1]/div[1]/div[1]/div[2]/div[2]/div[2]/ul/li[2]/h3],元素不可见!
2016-10-18 09:57:37,420 ERROR [com.autotest.driver.KeyWords.isElementExist(KeyWords.java:173)] [By.xpath: //div[@id='container']/div[1]/div[1]/div[1]/div[2]/div[2]/div[2]/ul/li[2]/h3],元素不存在!
2016-10-18 09:58:02,413 ERROR [com.autotest.utility.StringUtils.isEquals(StringUtils.java:116)] bonus_not_use期望值:0.00;与实际值:50.00不等！
2016-10-18 09:58:02,413 ERROR [com.autotest.utility.StringUtils.isEquals(StringUtils.java:116)] coupons_not_use期望值:0.00;与实际值:10.00不等！
2016-10-18 09:58:02,413 ERROR [com.autotest.utility.StringUtils.isEquals(StringUtils.java:116)] rate_coupons_not_use期望值:0;与实际值:2不等！
2016-10-18 09:58:02,413 ERROR [com.autotest.utility.StringUtils.isEquals(StringUtils.java:116)] invite_partner期望值:0;与实际值:2不等！
2016-10-18 09:58:02,413 ERROR [com.autotest.testcases.RYS001_Payment.Test(RYS001_Payment.java:157)] 【账户总览】页面字段校验失败
2016-10-18 09:58:16,066 ERROR [com.autotest.driver.KeyWords.isElementVisible(KeyWords.java:154)] [By.xpath: //div[@id='container']/div[1]/div[1]/div[1]/div[2]/div[2]/div[2]/ul/li[2]/h3],元素不可见!
2016-10-18 09:58:16,092 ERROR [com.autotest.driver.KeyWords.isElementExist(KeyWords.java:173)] [By.xpath: //div[@id='container']/div[1]/div[1]/div[1]/div[2]/div[2]/div[2]/ul/li[2]/h3],元素不存在!
2016-10-18 09:58:39,708 ERROR [com.autotest.utility.StringUtils.isEquals(StringUtils.java:116)] bonus_not_use期望值:0.00;与实际值:50.00不等！
2016-10-18 09:58:39,708 ERROR [com.autotest.utility.StringUtils.isEquals(StringUtils.java:116)] coupons_not_use期望值:0.00;与实际值:10.00不等！
2016-10-18 09:58:39,708 ERROR [com.autotest.utility.StringUtils.isEquals(StringUtils.java:116)] rate_coupons_not_use期望值:0;与实际值:2不等！
2016-10-18 09:58:39,708 ERROR [com.autotest.utility.StringUtils.isEquals(StringUtils.java:116)] invite_partner期望值:0;与实际值:2不等！
2016-10-18 09:58:39,708 ERROR [com.autotest.testcases.RYS001_Payment.Test(RYS001_Payment.java:157)] 【账户总览】页面字段校验失败
2016-10-18 09:58:53,281 ERROR [com.autotest.driver.KeyWords.isElementVisible(KeyWords.java:154)] [By.xpath: //div[@id='container']/div[1]/div[1]/div[1]/div[2]/div[2]/div[2]/ul/li[2]/h3],元素不可见!
2016-10-18 09:58:53,282 ERROR [com.autotest.driver.KeyWords.isElementExist(KeyWords.java:173)] [By.xpath: //div[@id='container']/div[1]/div[1]/div[1]/div[2]/div[2]/div[2]/ul/li[2]/h3],元素不存在!
2016-10-18 09:59:20,408 ERROR [com.autotest.driver.KeyWords.isElementVisible(KeyWords.java:154)] [By.xpath: //div[@id='imptWrap']/span],元素不可见!
2016-10-18 09:59:20,409 ERROR [com.autotest.driver.KeyWords.isElementExist(KeyWords.java:173)] [By.xpath: //div[@id='imptWrap']/span],元素不存在!
2016-10-18 09:59:31,697 ERROR [com.autotest.driver.KeyWords.isElementVisible(KeyWords.java:154)] [By.xpath: //div[@id='imptWrap']/span],元素不可见!
2016-10-18 09:59:31,698 ERROR [com.autotest.driver.KeyWords.isElementExist(KeyWords.java:173)] [By.xpath: //div[@id='imptWrap']/span],元素不存在!
2016-10-18 09:59:43,058 ERROR [com.autotest.driver.KeyWords.isElementVisible(KeyWords.java:154)] [By.xpath: //div[@id='imptWrap']/span],元素不可见!
2016-10-18 09:59:43,059 ERROR [com.autotest.driver.KeyWords.isElementExist(KeyWords.java:173)] [By.xpath: //div[@id='imptWrap']/span],元素不存在!
2016-10-18 09:59:54,552 ERROR [com.autotest.driver.KeyWords.isElementVisible(KeyWords.java:154)] [By.xpath: //div[@id='imptWrap']/span],元素不可见!
2016-10-18 09:59:54,553 ERROR [com.autotest.driver.KeyWords.isElementExist(KeyWords.java:173)] [By.xpath: //div[@id='imptWrap']/span],元素不存在!
2016-10-18 10:00:06,103 ERROR [com.autotest.driver.KeyWords.isElementVisible(KeyWords.java:154)] [By.xpath: //div[@id='imptWrap']/span],元素不可见!
2016-10-18 10:00:06,104 ERROR [com.autotest.driver.KeyWords.isElementExist(KeyWords.java:173)] [By.xpath: //div[@id='imptWrap']/span],元素不存在!
2016-10-18 10:00:17,546 ERROR [com.autotest.driver.KeyWords.isElementVisible(KeyWords.java:154)] [By.xpath: //div[@id='imptWrap']/span],元素不可见!
2016-10-18 10:00:17,562 ERROR [com.autotest.driver.KeyWords.isElementExist(KeyWords.java:173)] [By.xpath: //div[@id='imptWrap']/span],元素不存在!
2016-10-18 10:00:28,939 ERROR [com.autotest.driver.KeyWords.isElementVisible(KeyWords.java:154)] [By.xpath: //div[@id='imptWrap']/span],元素不可见!
2016-10-18 10:00:28,955 ERROR [com.autotest.driver.KeyWords.isElementExist(KeyWords.java:173)] [By.xpath: //div[@id='imptWrap']/span],元素不存在!
2016-10-18 10:00:40,444 ERROR [com.autotest.driver.KeyWords.isElementVisible(KeyWords.java:154)] [By.xpath: //div[@id='imptWrap']/span],元素不可见!
2016-10-18 10:00:40,445 ERROR [com.autotest.driver.KeyWords.isElementExist(KeyWords.java:173)] [By.xpath: //div[@id='imptWrap']/span],元素不存在!
2016-10-18 10:00:51,953 ERROR [com.autotest.driver.KeyWords.isElementVisible(KeyWords.java:154)] [By.xpath: //div[@id='imptWrap']/span],元素不可见!
2016-10-18 10:00:51,954 ERROR [com.autotest.driver.KeyWords.isElementExist(KeyWords.java:173)] [By.xpath: //div[@id='imptWrap']/span],元素不存在!
2016-10-18 10:01:03,443 ERROR [com.autotest.driver.KeyWords.isElementVisible(KeyWords.java:154)] [By.xpath: //div[@id='imptWrap']/span],元素不可见!
2016-10-18 10:01:03,444 ERROR [com.autotest.driver.KeyWords.isElementExist(KeyWords.java:173)] [By.xpath: //div[@id='imptWrap']/span],元素不存在!
2016-10-18 10:01:57,848 ERROR [com.autotest.driver.KeyWords.isElementVisible(KeyWords.java:154)] [By.xpath: //div[@id='imptWrap']/span],元素不可见!
2016-10-18 10:01:57,869 ERROR [com.autotest.driver.KeyWords.isElementExist(KeyWords.java:173)] [By.xpath: //div[@id='imptWrap']/span],元素不存在!
2016-10-18 10:02:09,116 ERROR [com.autotest.driver.KeyWords.isElementVisible(KeyWords.java:154)] [By.xpath: //div[@id='imptWrap']/span],元素不可见!
2016-10-18 10:02:09,117 ERROR [com.autotest.driver.KeyWords.isElementExist(KeyWords.java:173)] [By.xpath: //div[@id='imptWrap']/span],元素不存在!
2016-10-18 10:02:20,406 ERROR [com.autotest.driver.KeyWords.isElementVisible(KeyWords.java:154)] [By.xpath: //div[@id='imptWrap']/span],元素不可见!
2016-10-18 10:02:20,407 ERROR [com.autotest.driver.KeyWords.isElementExist(KeyWords.java:173)] [By.xpath: //div[@id='imptWrap']/span],元素不存在!
2016-10-18 10:02:31,807 ERROR [com.autotest.driver.KeyWords.isElementVisible(KeyWords.java:154)] [By.xpath: //div[@id='imptWrap']/span],元素不可见!
2016-10-18 10:02:31,808 ERROR [com.autotest.driver.KeyWords.isElementExist(KeyWords.java:173)] [By.xpath: //div[@id='imptWrap']/span],元素不存在!
2016-10-18 10:02:42,860 ERROR [com.autotest.driver.KeyWords.isElementVisible(KeyWords.java:154)] [By.xpath: //div[@id='imptWrap']/span],元素不可见!
2016-10-18 10:02:42,861 ERROR [com.autotest.driver.KeyWords.isElementExist(KeyWords.java:173)] [By.xpath: //div[@id='imptWrap']/span],元素不存在!
2016-10-18 10:02:54,312 ERROR [com.autotest.driver.KeyWords.isElementVisible(KeyWords.java:154)] [By.xpath: //div[@id='imptWrap']/span],元素不可见!
2016-10-18 10:02:54,313 ERROR [com.autotest.driver.KeyWords.isElementExist(KeyWords.java:173)] [By.xpath: //div[@id='imptWrap']/span],元素不存在!
2016-10-18 10:03:05,791 ERROR [com.autotest.driver.KeyWords.isElementVisible(KeyWords.java:154)] [By.xpath: //div[@id='imptWrap']/span],元素不可见!
2016-10-18 10:03:05,792 ERROR [com.autotest.driver.KeyWords.isElementExist(KeyWords.java:173)] [By.xpath: //div[@id='imptWrap']/span],元素不存在!
2016-10-18 10:03:17,342 ERROR [com.autotest.driver.KeyWords.isElementVisible(KeyWords.java:154)] [By.xpath: //div[@id='imptWrap']/span],元素不可见!
2016-10-18 10:03:17,343 ERROR [com.autotest.driver.KeyWords.isElementExist(KeyWords.java:173)] [By.xpath: //div[@id='imptWrap']/span],元素不存在!
2016-10-18 10:03:28,490 ERROR [com.autotest.driver.KeyWords.isElementVisible(KeyWords.java:154)] [By.xpath: //div[@id='imptWrap']/span],元素不可见!
2016-10-18 10:03:28,491 ERROR [com.autotest.driver.KeyWords.isElementExist(KeyWords.java:173)] [By.xpath: //div[@id='imptWrap']/span],元素不存在!
2016-10-18 10:03:39,921 ERROR [com.autotest.driver.KeyWords.isElementVisible(KeyWords.java:154)] [By.xpath: //div[@id='imptWrap']/span],元素不可见!
2016-10-18 10:03:39,922 ERROR [com.autotest.driver.KeyWords.isElementExist(KeyWords.java:173)] [By.xpath: //div[@id='imptWrap']/span],元素不存在!
2016-10-18 10:03:44,794 ERROR [com.autotest.utility.StringUtils.isEquals(StringUtils.java:116)] 需还款金额期望值:100069.82;与实际值:100069.83不等！
2016-10-18 10:03:44,841 ERROR [com.autotest.testcases.RYS001_Repay_Business.test(RYS001_Repay_Business.java:94)] 【还款计划列表的字段及字段值】校验失败！
2016-10-18 10:03:57,236 ERROR [com.autotest.driver.KeyWords.isElementVisible(KeyWords.java:154)] [By.xpath: //div[@class='page pageWraper']/a],元素不可见!
2016-10-18 10:03:57,237 ERROR [com.autotest.driver.KeyWords.isElementExist(KeyWords.java:173)] [By.xpath: //div[@class='page pageWraper']/a],元素不存在!
2016-10-18 10:03:57,596 ERROR [com.autotest.utility.StringUtils.checkContentSame(StringUtils.java:460)] 没有找到RYS20161018002 u5363685 第1期 15000.00 15010.47 2016-10-23
2016-10-18 10:03:57,596 ERROR [com.autotest.utility.StringUtils.checkContentSame(StringUtils.java:460)] 没有找到RYS20161018002 u5363687 第1期 30000.00 30020.95 2016-10-23
2016-10-18 10:03:57,596 ERROR [com.autotest.utility.StringUtils.checkContentSame(StringUtils.java:460)] 没有找到RYS20161018002 u5363688 第1期 34100.00 34123.82 2016-10-23
2016-10-18 10:03:57,596 ERROR [com.autotest.utility.StringUtils.checkContentSame(StringUtils.java:460)] 没有找到RYS20161018002 u5363689 第1期 900.00 900.62 2016-10-23
2016-10-18 10:03:57,596 ERROR [com.autotest.testcases.RYS001_Repay_Business.test(RYS001_Repay_Business.java:138)] 【当期还款明细信息列表】校验失败
2016-10-18 10:04:34,163 ERROR [com.autotest.utility.StringUtils.isEquals(StringUtils.java:116)] bonus_not_use期望值:0.00;与实际值:50.00不等！
2016-10-18 10:04:34,163 ERROR [com.autotest.utility.StringUtils.isEquals(StringUtils.java:116)] coupons_not_use期望值:0.00;与实际值:10.00不等！
2016-10-18 10:04:34,163 ERROR [com.autotest.utility.StringUtils.isEquals(StringUtils.java:116)] rate_coupons_not_use期望值:0;与实际值:2不等！
2016-10-18 10:04:34,163 ERROR [com.autotest.utility.StringUtils.isEquals(StringUtils.java:116)] invite_partner期望值:0;与实际值:2不等！
2016-10-18 10:04:34,163 ERROR [com.autotest.testcases.RYS001_Repay_Business.checkUser(RYS001_Repay_Business.java:328)] 【账户总览页面字段校验】失败
2016-10-18 10:05:00,232 ERROR [com.autotest.utility.StringUtils.isEquals(StringUtils.java:116)] bonus_not_use期望值:0.00;与实际值:50.00不等！
2016-10-18 10:05:00,232 ERROR [com.autotest.utility.StringUtils.isEquals(StringUtils.java:116)] coupons_not_use期望值:0.00;与实际值:10.00不等！
2016-10-18 10:05:00,232 ERROR [com.autotest.utility.StringUtils.isEquals(StringUtils.java:116)] rate_coupons_not_use期望值:0;与实际值:2不等！
2016-10-18 10:05:00,232 ERROR [com.autotest.utility.StringUtils.isEquals(StringUtils.java:116)] invite_partner期望值:0;与实际值:2不等！
2016-10-18 10:05:00,232 ERROR [com.autotest.testcases.RYS001_Repay_Business.checkUser(RYS001_Repay_Business.java:328)] 【账户总览页面字段校验】失败
2016-10-18 10:05:26,308 ERROR [com.autotest.utility.StringUtils.isEquals(StringUtils.java:116)] bonus_not_use期望值:0.00;与实际值:50.00不等！
2016-10-18 10:05:26,308 ERROR [com.autotest.utility.StringUtils.isEquals(StringUtils.java:116)] coupons_not_use期望值:0.00;与实际值:10.00不等！
2016-10-18 10:05:26,318 ERROR [com.autotest.utility.StringUtils.isEquals(StringUtils.java:116)] rate_coupons_not_use期望值:0;与实际值:2不等！
2016-10-18 10:05:26,318 ERROR [com.autotest.utility.StringUtils.isEquals(StringUtils.java:116)] invite_partner期望值:0;与实际值:2不等！
2016-10-18 10:05:26,318 ERROR [com.autotest.testcases.RYS001_Repay_Business.checkUser(RYS001_Repay_Business.java:328)] 【账户总览页面字段校验】失败
2016-10-18 10:05:55,546 ERROR [com.autotest.utility.StringUtils.isEquals(StringUtils.java:116)] bonus_not_use期望值:0.00;与实际值:50.00不等！
2016-10-18 10:05:55,546 ERROR [com.autotest.utility.StringUtils.isEquals(StringUtils.java:116)] coupons_not_use期望值:0.00;与实际值:10.00不等！
2016-10-18 10:05:55,546 ERROR [com.autotest.utility.StringUtils.isEquals(StringUtils.java:116)] rate_coupons_not_use期望值:0;与实际值:2不等！
2016-10-18 10:05:55,546 ERROR [com.autotest.utility.StringUtils.isEquals(StringUtils.java:116)] invite_partner期望值:0;与实际值:2不等！
2016-10-18 10:05:55,546 ERROR [com.autotest.testcases.RYS001_Repay_Business.checkUser(RYS001_Repay_Business.java:328)] 【账户总览页面字段校验】失败
2016-10-18 10:06:32,317 ERROR [com.autotest.utility.StringUtils.isEquals(StringUtils.java:116)] bonus_not_use期望值:0.00;与实际值:50.00不等！
2016-10-18 10:06:32,317 ERROR [com.autotest.utility.StringUtils.isEquals(StringUtils.java:116)] coupons_not_use期望值:0.00;与实际值:10.00不等！
2016-10-18 10:06:32,317 ERROR [com.autotest.utility.StringUtils.isEquals(StringUtils.java:116)] rate_coupons_not_use期望值:0;与实际值:2不等！
2016-10-18 10:06:32,317 ERROR [com.autotest.utility.StringUtils.isEquals(StringUtils.java:116)] invite_partner期望值:0;与实际值:2不等！
2016-10-18 10:06:32,317 ERROR [com.autotest.testcases.RYS001_Repay_Business.checkUser(RYS001_Repay_Business.java:328)] 【账户总览页面字段校验】失败
